#0 building with "default" instance using docker driver

#1 [internal] load .dockerignore
#1 transferring context: 2B done
#1 DONE 0.0s

#2 [internal] load build definition from Dockerfile
#2 transferring dockerfile: 719B done
#2 DONE 0.0s

#3 [internal] load metadata for docker.io/nciccbr/ccbr_ubuntu_base_20.04:v5
#3 DONE 0.1s

#4 [internal] load build context
#4 transferring context: 719B done
#4 DONE 0.0s

#5 [1/6] FROM docker.io/nciccbr/ccbr_ubuntu_base_20.04:v5@sha256:e4450dda335155de9a3398425bf7f66c6acf97a184e591c117ed96d1312329b5
#5 resolve docker.io/nciccbr/ccbr_ubuntu_base_20.04:v5@sha256:e4450dda335155de9a3398425bf7f66c6acf97a184e591c117ed96d1312329b5 0.0s done
#5 sha256:56e0351b98767487b3c411034be95479ed1710bb6be860db6df0be3a98653027 0B / 27.51MB 0.1s
#5 sha256:e4450dda335155de9a3398425bf7f66c6acf97a184e591c117ed96d1312329b5 3.46kB / 3.46kB done
#5 sha256:56e0351b98767487b3c411034be95479ed1710bb6be860db6df0be3a98653027 7.34MB / 27.51MB 0.2s
#5 sha256:5f3ff2784635ccf884c461fe5a7ff4fab25389a418726d8bcf63b3f97277f9e6 0B / 196B 0.2s
#5 sha256:8f0fbe2493e8cc79d964ee31987c6d10876c2e71f200bcbc076b8d76add6ee1d 8.29kB / 8.29kB done
#5 sha256:a51180f2933c21cd973c72aa7fa8188d28c349f7c64670306792b7ca7e742d39 0B / 108B 0.2s
#5 sha256:56e0351b98767487b3c411034be95479ed1710bb6be860db6df0be3a98653027 27.28MB / 27.51MB 0.4s
#5 sha256:56e0351b98767487b3c411034be95479ed1710bb6be860db6df0be3a98653027 27.51MB / 27.51MB 0.4s done
#5 sha256:5f3ff2784635ccf884c461fe5a7ff4fab25389a418726d8bcf63b3f97277f9e6 196B / 196B 0.5s done
#5 sha256:25b3077843af896cd92eeadc7d1926f97d3578b224afae4636862519cc3c025b 0B / 110.87MB 0.5s
#5 sha256:733cf2d680d6f8ed2337737c3697405d0996278069d8b60a1672d5f21278bdcc 0B / 34.08MB 0.5s
#5 extracting sha256:56e0351b98767487b3c411034be95479ed1710bb6be860db6df0be3a98653027
#5 sha256:a51180f2933c21cd973c72aa7fa8188d28c349f7c64670306792b7ca7e742d39 108B / 108B 0.6s done
#5 sha256:e88f0d2e3e7849afafd4041fd86764a5f53b536aadb461dd3205b95459580653 0B / 328.29MB 0.7s
#5 sha256:25b3077843af896cd92eeadc7d1926f97d3578b224afae4636862519cc3c025b 6.29MB / 110.87MB 0.8s
#5 sha256:25b3077843af896cd92eeadc7d1926f97d3578b224afae4636862519cc3c025b 12.58MB / 110.87MB 0.9s
#5 sha256:733cf2d680d6f8ed2337737c3697405d0996278069d8b60a1672d5f21278bdcc 2.38MB / 34.08MB 0.9s
#5 sha256:733cf2d680d6f8ed2337737c3697405d0996278069d8b60a1672d5f21278bdcc 4.19MB / 34.08MB 1.0s
#5 sha256:25b3077843af896cd92eeadc7d1926f97d3578b224afae4636862519cc3c025b 20.97MB / 110.87MB 1.1s
#5 sha256:733cf2d680d6f8ed2337737c3697405d0996278069d8b60a1672d5f21278bdcc 10.49MB / 34.08MB 1.1s
#5 sha256:25b3077843af896cd92eeadc7d1926f97d3578b224afae4636862519cc3c025b 32.51MB / 110.87MB 1.3s
#5 sha256:733cf2d680d6f8ed2337737c3697405d0996278069d8b60a1672d5f21278bdcc 20.97MB / 34.08MB 1.3s
#5 sha256:733cf2d680d6f8ed2337737c3697405d0996278069d8b60a1672d5f21278bdcc 25.17MB / 34.08MB 1.4s
#5 sha256:25b3077843af896cd92eeadc7d1926f97d3578b224afae4636862519cc3c025b 48.23MB / 110.87MB 1.6s
#5 sha256:733cf2d680d6f8ed2337737c3697405d0996278069d8b60a1672d5f21278bdcc 34.08MB / 34.08MB 1.6s
#5 sha256:e88f0d2e3e7849afafd4041fd86764a5f53b536aadb461dd3205b95459580653 16.78MB / 328.29MB 1.6s
#5 sha256:25b3077843af896cd92eeadc7d1926f97d3578b224afae4636862519cc3c025b 54.53MB / 110.87MB 1.7s
#5 sha256:733cf2d680d6f8ed2337737c3697405d0996278069d8b60a1672d5f21278bdcc 34.08MB / 34.08MB 1.6s done
#5 sha256:5421ffbaa795a5726aa4cbbc087320c7a6588bee26a8ca9e1f1636244827f1e8 0B / 172B 1.7s
#5 sha256:25b3077843af896cd92eeadc7d1926f97d3578b224afae4636862519cc3c025b 60.85MB / 110.87MB 1.8s
#5 sha256:25b3077843af896cd92eeadc7d1926f97d3578b224afae4636862519cc3c025b 67.11MB / 110.87MB 1.9s
#5 sha256:e88f0d2e3e7849afafd4041fd86764a5f53b536aadb461dd3205b95459580653 33.55MB / 328.29MB 2.0s
#5 sha256:25b3077843af896cd92eeadc7d1926f97d3578b224afae4636862519cc3c025b 74.45MB / 110.87MB 2.1s
#5 sha256:25b3077843af896cd92eeadc7d1926f97d3578b224afae4636862519cc3c025b 88.08MB / 110.87MB 2.3s
#5 sha256:e88f0d2e3e7849afafd4041fd86764a5f53b536aadb461dd3205b95459580653 50.33MB / 328.29MB 2.4s
#5 sha256:25b3077843af896cd92eeadc7d1926f97d3578b224afae4636862519cc3c025b 100.66MB / 110.87MB 2.5s
#5 sha256:5421ffbaa795a5726aa4cbbc087320c7a6588bee26a8ca9e1f1636244827f1e8 172B / 172B 2.5s done
#5 sha256:25b3077843af896cd92eeadc7d1926f97d3578b224afae4636862519cc3c025b 110.87MB / 110.87MB 2.7s
#5 sha256:5de5bc716a2dd322f2e23e25d234d14676e7813dc4e82fc6620f6eb190818600 0B / 193.67MB 2.7s
#5 sha256:e88f0d2e3e7849afafd4041fd86764a5f53b536aadb461dd3205b95459580653 69.21MB / 328.29MB 2.9s
#5 sha256:25b3077843af896cd92eeadc7d1926f97d3578b224afae4636862519cc3c025b 110.87MB / 110.87MB 3.0s done
#5 sha256:5c454f3b0b73f2cb9e33421f95afeb397b057b3eb4679bbf94a9968e75b7815b 0B / 55.67MB 3.1s
#5 sha256:5de5bc716a2dd322f2e23e25d234d14676e7813dc4e82fc6620f6eb190818600 10.49MB / 193.67MB 3.2s
#5 sha256:e88f0d2e3e7849afafd4041fd86764a5f53b536aadb461dd3205b95459580653 87.03MB / 328.29MB 3.4s
#5 sha256:5de5bc716a2dd322f2e23e25d234d14676e7813dc4e82fc6620f6eb190818600 23.07MB / 193.67MB 3.5s
#5 sha256:5c454f3b0b73f2cb9e33421f95afeb397b057b3eb4679bbf94a9968e75b7815b 5.24MB / 55.67MB 3.5s
#5 sha256:5c454f3b0b73f2cb9e33421f95afeb397b057b3eb4679bbf94a9968e75b7815b 9.44MB / 55.67MB 3.7s
#5 extracting sha256:56e0351b98767487b3c411034be95479ed1710bb6be860db6df0be3a98653027 3.3s done
#5 sha256:5de5bc716a2dd322f2e23e25d234d14676e7813dc4e82fc6620f6eb190818600 34.60MB / 193.67MB 3.8s
#5 sha256:5c454f3b0b73f2cb9e33421f95afeb397b057b3eb4679bbf94a9968e75b7815b 14.68MB / 55.67MB 3.8s
#5 sha256:5de5bc716a2dd322f2e23e25d234d14676e7813dc4e82fc6620f6eb190818600 45.09MB / 193.67MB 4.0s
#5 sha256:5c454f3b0b73f2cb9e33421f95afeb397b057b3eb4679bbf94a9968e75b7815b 20.97MB / 55.67MB 4.0s
#5 sha256:e88f0d2e3e7849afafd4041fd86764a5f53b536aadb461dd3205b95459580653 106.95MB / 328.29MB 4.1s
#5 sha256:5c454f3b0b73f2cb9e33421f95afeb397b057b3eb4679bbf94a9968e75b7815b 25.17MB / 55.67MB 4.1s
#5 extracting sha256:a51180f2933c21cd973c72aa7fa8188d28c349f7c64670306792b7ca7e742d39 done
#5 extracting sha256:5f3ff2784635ccf884c461fe5a7ff4fab25389a418726d8bcf63b3f97277f9e6 done
#5 sha256:5de5bc716a2dd322f2e23e25d234d14676e7813dc4e82fc6620f6eb190818600 57.67MB / 193.67MB 4.2s
#5 sha256:5c454f3b0b73f2cb9e33421f95afeb397b057b3eb4679bbf94a9968e75b7815b 29.36MB / 55.67MB 4.2s
#5 extracting sha256:733cf2d680d6f8ed2337737c3697405d0996278069d8b60a1672d5f21278bdcc
#5 sha256:5c454f3b0b73f2cb9e33421f95afeb397b057b3eb4679bbf94a9968e75b7815b 32.51MB / 55.67MB 4.3s
#5 sha256:5c454f3b0b73f2cb9e33421f95afeb397b057b3eb4679bbf94a9968e75b7815b 36.70MB / 55.67MB 4.4s
#5 sha256:e88f0d2e3e7849afafd4041fd86764a5f53b536aadb461dd3205b95459580653 124.78MB / 328.29MB 4.6s
#5 sha256:5de5bc716a2dd322f2e23e25d234d14676e7813dc4e82fc6620f6eb190818600 72.35MB / 193.67MB 4.6s
#5 sha256:5c454f3b0b73f2cb9e33421f95afeb397b057b3eb4679bbf94a9968e75b7815b 46.19MB / 55.67MB 4.6s
#5 sha256:5c454f3b0b73f2cb9e33421f95afeb397b057b3eb4679bbf94a9968e75b7815b 54.53MB / 55.67MB 4.7s
#5 sha256:5c454f3b0b73f2cb9e33421f95afeb397b057b3eb4679bbf94a9968e75b7815b 55.67MB / 55.67MB 4.9s done
#5 sha256:6e258499a1cb942df31da05b81e1daaef80441d6d4956938b7cc5a16da2b7894 0B / 1.17kB 4.9s
#5 sha256:5de5bc716a2dd322f2e23e25d234d14676e7813dc4e82fc6620f6eb190818600 87.03MB / 193.67MB 5.0s
#5 sha256:e88f0d2e3e7849afafd4041fd86764a5f53b536aadb461dd3205b95459580653 144.42MB / 328.29MB 5.1s
#5 sha256:5de5bc716a2dd322f2e23e25d234d14676e7813dc4e82fc6620f6eb190818600 96.79MB / 193.67MB 5.3s
#5 sha256:6e258499a1cb942df31da05b81e1daaef80441d6d4956938b7cc5a16da2b7894 1.17kB / 1.17kB 5.4s done
#5 sha256:835c15da49d683bb52e781fea7230c6d5e8fc9eb47cd8b3e9a96ead937b6fc7f 0B / 1.15kB 5.4s
#5 sha256:e88f0d2e3e7849afafd4041fd86764a5f53b536aadb461dd3205b95459580653 162.53MB / 328.29MB 5.6s
#5 sha256:5de5bc716a2dd322f2e23e25d234d14676e7813dc4e82fc6620f6eb190818600 111.15MB / 193.67MB 5.6s
#5 sha256:5de5bc716a2dd322f2e23e25d234d14676e7813dc4e82fc6620f6eb190818600 123.17MB / 193.67MB 5.8s
#5 extracting sha256:733cf2d680d6f8ed2337737c3697405d0996278069d8b60a1672d5f21278bdcc 1.6s done
#5 sha256:835c15da49d683bb52e781fea7230c6d5e8fc9eb47cd8b3e9a96ead937b6fc7f 1.15kB / 1.15kB 5.8s done
#5 sha256:8f3452a0019dc5658d852299ffa6b96f8403ad6d8c058a5e9add57bd004b5781 0B / 832B 6.0s
#5 extracting sha256:25b3077843af896cd92eeadc7d1926f97d3578b224afae4636862519cc3c025b
#5 sha256:e88f0d2e3e7849afafd4041fd86764a5f53b536aadb461dd3205b95459580653 180.36MB / 328.29MB 6.1s
#5 sha256:5de5bc716a2dd322f2e23e25d234d14676e7813dc4e82fc6620f6eb190818600 135.27MB / 193.67MB 6.2s
#5 sha256:8f3452a0019dc5658d852299ffa6b96f8403ad6d8c058a5e9add57bd004b5781 832B / 832B 6.2s done
#5 sha256:4f4fb700ef54461cfa02571ae0db9a0dc1e0cdb5577484a6d75e68dc38e8acc1 0B / 32B 6.2s
#5 sha256:5de5bc716a2dd322f2e23e25d234d14676e7813dc4e82fc6620f6eb190818600 146.80MB / 193.67MB 6.4s
#5 sha256:4f4fb700ef54461cfa02571ae0db9a0dc1e0cdb5577484a6d75e68dc38e8acc1 32B / 32B 6.3s done
#5 sha256:e88f0d2e3e7849afafd4041fd86764a5f53b536aadb461dd3205b95459580653 200.28MB / 328.29MB 6.6s
#5 sha256:5de5bc716a2dd322f2e23e25d234d14676e7813dc4e82fc6620f6eb190818600 158.33MB / 193.67MB 6.6s
#5 sha256:5de5bc716a2dd322f2e23e25d234d14676e7813dc4e82fc6620f6eb190818600 170.92MB / 193.67MB 6.8s
#5 sha256:e88f0d2e3e7849afafd4041fd86764a5f53b536aadb461dd3205b95459580653 219.15MB / 328.29MB 7.0s
#5 sha256:5de5bc716a2dd322f2e23e25d234d14676e7813dc4e82fc6620f6eb190818600 187.70MB / 193.67MB 7.0s
#5 sha256:e88f0d2e3e7849afafd4041fd86764a5f53b536aadb461dd3205b95459580653 236.98MB / 328.29MB 7.6s
#5 sha256:5de5bc716a2dd322f2e23e25d234d14676e7813dc4e82fc6620f6eb190818600 193.67MB / 193.67MB 7.8s done
#5 sha256:e88f0d2e3e7849afafd4041fd86764a5f53b536aadb461dd3205b95459580653 253.76MB / 328.29MB 8.1s
#5 sha256:e88f0d2e3e7849afafd4041fd86764a5f53b536aadb461dd3205b95459580653 270.53MB / 328.29MB 8.6s
#5 sha256:e88f0d2e3e7849afafd4041fd86764a5f53b536aadb461dd3205b95459580653 287.31MB / 328.29MB 9.1s
#5 sha256:e88f0d2e3e7849afafd4041fd86764a5f53b536aadb461dd3205b95459580653 309.33MB / 328.29MB 9.4s
#5 sha256:e88f0d2e3e7849afafd4041fd86764a5f53b536aadb461dd3205b95459580653 328.29MB / 328.29MB 9.7s
#5 sha256:e88f0d2e3e7849afafd4041fd86764a5f53b536aadb461dd3205b95459580653 328.29MB / 328.29MB 10.9s done
#5 extracting sha256:25b3077843af896cd92eeadc7d1926f97d3578b224afae4636862519cc3c025b 5.1s
#5 extracting sha256:25b3077843af896cd92eeadc7d1926f97d3578b224afae4636862519cc3c025b 9.5s done
#5 extracting sha256:e88f0d2e3e7849afafd4041fd86764a5f53b536aadb461dd3205b95459580653
#5 extracting sha256:e88f0d2e3e7849afafd4041fd86764a5f53b536aadb461dd3205b95459580653 5.2s
#5 extracting sha256:e88f0d2e3e7849afafd4041fd86764a5f53b536aadb461dd3205b95459580653 10.4s
#5 extracting sha256:e88f0d2e3e7849afafd4041fd86764a5f53b536aadb461dd3205b95459580653 15.6s
#5 extracting sha256:e88f0d2e3e7849afafd4041fd86764a5f53b536aadb461dd3205b95459580653 20.6s
#5 extracting sha256:e88f0d2e3e7849afafd4041fd86764a5f53b536aadb461dd3205b95459580653 26.1s
#5 extracting sha256:e88f0d2e3e7849afafd4041fd86764a5f53b536aadb461dd3205b95459580653 31.1s
#5 extracting sha256:e88f0d2e3e7849afafd4041fd86764a5f53b536aadb461dd3205b95459580653 31.6s done
#5 extracting sha256:5421ffbaa795a5726aa4cbbc087320c7a6588bee26a8ca9e1f1636244827f1e8
#5 extracting sha256:5421ffbaa795a5726aa4cbbc087320c7a6588bee26a8ca9e1f1636244827f1e8 done
#5 extracting sha256:5de5bc716a2dd322f2e23e25d234d14676e7813dc4e82fc6620f6eb190818600 0.1s
#5 extracting sha256:5de5bc716a2dd322f2e23e25d234d14676e7813dc4e82fc6620f6eb190818600 5.3s
#5 extracting sha256:5de5bc716a2dd322f2e23e25d234d14676e7813dc4e82fc6620f6eb190818600 10.0s done
#5 extracting sha256:5c454f3b0b73f2cb9e33421f95afeb397b057b3eb4679bbf94a9968e75b7815b
#5 extracting sha256:5c454f3b0b73f2cb9e33421f95afeb397b057b3eb4679bbf94a9968e75b7815b 2.6s done
#5 extracting sha256:6e258499a1cb942df31da05b81e1daaef80441d6d4956938b7cc5a16da2b7894
#5 extracting sha256:6e258499a1cb942df31da05b81e1daaef80441d6d4956938b7cc5a16da2b7894 done
#5 extracting sha256:835c15da49d683bb52e781fea7230c6d5e8fc9eb47cd8b3e9a96ead937b6fc7f done
#5 extracting sha256:8f3452a0019dc5658d852299ffa6b96f8403ad6d8c058a5e9add57bd004b5781 done
#5 extracting sha256:4f4fb700ef54461cfa02571ae0db9a0dc1e0cdb5577484a6d75e68dc38e8acc1
#5 extracting sha256:4f4fb700ef54461cfa02571ae0db9a0dc1e0cdb5577484a6d75e68dc38e8acc1 done
#5 DONE 64.3s

#6 [2/6] RUN pip3 install pybedtools pysam pandas
#6 1.029 Collecting pybedtools
#6 1.107   Downloading pybedtools-0.9.1.tar.gz (12.5 MB)
#6 1.345      ━━━━━━━━━━━━━━━━━━━━━━━━━━━━━━━━━━━━━━━━ 12.5/12.5 MB 64.7 MB/s eta 0:00:00
#6 1.657   Preparing metadata (setup.py): started
#6 2.126   Preparing metadata (setup.py): finished with status 'done'
#6 2.130 Requirement already satisfied: pysam in /usr/local/lib/python3.8/dist-packages (0.21.0)
#6 2.132 Requirement already satisfied: pandas in /usr/local/lib/python3.8/dist-packages (2.0.3)
#6 2.139 Requirement already satisfied: numpy in /usr/local/lib/python3.8/dist-packages (from pybedtools) (1.24.4)
#6 2.141 Requirement already satisfied: six in /usr/local/lib/python3.8/dist-packages (from pybedtools) (1.16.0)
#6 2.144 Requirement already satisfied: cython in /usr/local/lib/python3.8/dist-packages (from pysam) (0.29.35)
#6 2.314 Requirement already satisfied: python-dateutil>=2.8.2 in /usr/local/lib/python3.8/dist-packages (from pandas) (2.8.2)
#6 2.315 Requirement already satisfied: pytz>=2020.1 in /usr/local/lib/python3.8/dist-packages (from pandas) (2023.3)
#6 2.317 Requirement already satisfied: tzdata>=2022.1 in /usr/local/lib/python3.8/dist-packages (from pandas) (2023.3)
#6 2.332 Building wheels for collected packages: pybedtools
#6 2.334   Building wheel for pybedtools (setup.py): started
#6 34.08   Building wheel for pybedtools (setup.py): finished with status 'done'
#6 34.13   Created wheel for pybedtools: filename=pybedtools-0.9.1-cp38-cp38-linux_x86_64.whl size=14309421 sha256=06a5ad648e7cf0f4ac9b69379c468294fbd8094af87b1a4a95117540457b11e6
#6 34.14   Stored in directory: /root/.cache/pip/wheels/8f/b2/73/1812e8bd97679a7d219de87ee04c561177c6a474ee40105fbb
#6 34.14 Successfully built pybedtools
#6 34.19 Installing collected packages: pybedtools
#6 34.52 Successfully installed pybedtools-0.9.1
#6 34.52 WARNING: Running pip as the 'root' user can result in broken permissions and conflicting behaviour with the system package manager. It is recommended to use a virtual environment instead: https://pip.pypa.io/warnings/venv
#6 34.71 
#6 34.71 [notice] A new release of pip is available: 23.1.2 -> 23.2.1
#6 34.71 [notice] To update, run: python3 -m pip install --upgrade pip
#6 DONE 35.0s

#7 [3/6] COPY Dockerfile /opt2/Dockerfile_ccbr_frip.v1
#7 DONE 0.1s

#8 [4/6] RUN chmod a+r /opt2/Dockerfile_ccbr_frip.v1
#8 DONE 0.2s

#9 [5/6] RUN apt-get clean && rm -rf /var/lib/apt/lists/* /tmp/* /var/tmp/* &&     apt-get autoclean &&     apt-get autoremove -y &&     rm -rf /var/lib/{apt,dpkg,cache,log}/
#9 0.350 Reading package lists...
#9 0.376 Building dependency tree...
#9 0.379 Reading state information...
#9 0.390 Reading package lists...
#9 0.410 Building dependency tree...
#9 0.412 Reading state information...
#9 0.420 0 upgraded, 0 newly installed, 0 to remove and 0 not upgraded.
#9 DONE 0.4s

#10 [6/6] WORKDIR /data2
#10 DONE 0.1s

#11 exporting to image
#11 exporting layers
#11 exporting layers 0.5s done
#11 writing image sha256:329fa3ce52dd4b2ab1bf538d6de5183c37879fd5b20e56d5ef3951e4025b7de5 done
#11 naming to docker.io/nciccbr/ccbr_frip:v1 done
#11 DONE 0.5s
