Sending build context to Docker daemon   5.12kB
Step 1/10 : FROM nciccbr/ccbr_ubuntu_base_20.04:v1.2
 ---> 36f2b4ebd3e5
Step 2/10 : RUN apt-get update
 ---> Running in 4283b139ec0d
Get:1 http://security.ubuntu.com/ubuntu focal-security InRelease [109 kB]
Hit:2 http://archive.ubuntu.com/ubuntu focal InRelease
Get:3 http://archive.ubuntu.com/ubuntu focal-updates InRelease [114 kB]
Get:4 http://security.ubuntu.com/ubuntu focal-security/universe amd64 Packages [682 kB]
Get:5 http://security.ubuntu.com/ubuntu focal-security/main amd64 Packages [717 kB]
Get:6 http://archive.ubuntu.com/ubuntu focal-backports InRelease [101 kB]
Get:7 http://archive.ubuntu.com/ubuntu focal-updates/main amd64 Packages [1127 kB]
Get:8 http://archive.ubuntu.com/ubuntu focal-updates/universe amd64 Packages [948 kB]
Fetched 3796 kB in 2s (1580 kB/s)
Reading package lists...
Removing intermediate container 4283b139ec0d
 ---> bea7af35fe0e
Step 3/10 : WORKDIR /opt2
 ---> Running in 4591441ea419
Removing intermediate container 4591441ea419
 ---> 4d2c6d1ab8e5
Step 4/10 : RUN git clone https://github.com/kopardev/TALON.git
 ---> Running in c8a33d402c2d
[91mCloning into 'TALON'...
[0mRemoving intermediate container c8a33d402c2d
 ---> 8ddd239386bc
Step 5/10 : WORKDIR /opt2/TALON
 ---> Running in 1daee871d08c
Removing intermediate container 1daee871d08c
 ---> f8c8dba2fe26
Step 6/10 : RUN pip install .
 ---> Running in af2a06738df4
Processing /opt2/TALON
Collecting pandas
  Downloading pandas-1.2.3-cp38-cp38-manylinux1_x86_64.whl (9.7 MB)
Collecting pybedtools
  Downloading pybedtools-0.8.2.tar.gz (12.5 MB)
Collecting pyfaidx
  Downloading pyfaidx-0.5.9.5.tar.gz (32 kB)
Collecting pysam==0.15.4
  Downloading pysam-0.15.4-cp38-cp38-manylinux2010_x86_64.whl (12.0 MB)
Requirement already satisfied: python-dateutil>=2.7.3 in /usr/lib/python3/dist-packages (from pandas->talon==5.0) (2.7.3)
Requirement already satisfied: numpy>=1.16.5 in /usr/local/lib/python3.8/dist-packages (from pandas->talon==5.0) (1.20.2)
Collecting pytz>=2017.3
  Downloading pytz-2021.1-py2.py3-none-any.whl (510 kB)
Requirement already satisfied: six in /usr/lib/python3/dist-packages (from pybedtools->talon==5.0) (1.14.0)
Requirement already satisfied: setuptools>=0.7 in /usr/lib/python3/dist-packages (from pyfaidx->talon==5.0) (45.2.0)
Building wheels for collected packages: talon, pybedtools, pyfaidx
  Building wheel for talon (setup.py): started
  Building wheel for talon (setup.py): finished with status 'done'
  Created wheel for talon: filename=talon-5.0-py3-none-any.whl size=93480 sha256=2915090868b417d95b6d9b356e6ac89451ee40a2382688a3968004cefa3acdd9
  Stored in directory: /tmp/pip-ephem-wheel-cache-i0zjom2j/wheels/09/5f/2a/f84ac5d9e4ab29403a40fde92ec1b9b73c450b4d7b09c3ae3b
  Building wheel for pybedtools (setup.py): started
  Building wheel for pybedtools (setup.py): finished with status 'done'
  Created wheel for pybedtools: filename=pybedtools-0.8.2-cp38-cp38-linux_x86_64.whl size=14303649 sha256=054028d6799faf2fe98bb31fab729bbbef7f704be95a64e10f587b2e4d06d9e4
  Stored in directory: /root/.cache/pip/wheels/3a/2d/12/d7026d95239759d9f2c2b416ed4ebe39d0c9cadcc3a77d9d3e
  Building wheel for pyfaidx (setup.py): started
  Building wheel for pyfaidx (setup.py): finished with status 'done'
  Created wheel for pyfaidx: filename=pyfaidx-0.5.9.5-py3-none-any.whl size=25140 sha256=8b7b6c636fb5901810bbae2d390bf9f322f698f3db75af955509e932bc47d34b
  Stored in directory: /root/.cache/pip/wheels/04/4e/ce/1c1b4693f9f53e24768ef6f16caf9dd1d999011315200f7e2e
Successfully built talon pybedtools pyfaidx
Installing collected packages: pytz, pysam, pyfaidx, pybedtools, pandas, talon
  Attempting uninstall: pysam
    Found existing installation: pysam 0.16.0.1
    Uninstalling pysam-0.16.0.1:
      Successfully uninstalled pysam-0.16.0.1
Successfully installed pandas-1.2.3 pybedtools-0.8.2 pyfaidx-0.5.9.5 pysam-0.15.4 pytz-2021.1 talon-5.0
Removing intermediate container af2a06738df4
 ---> 797f0f2780be
Step 7/10 : ADD Dockerfile /opt2
 ---> 0c136e1f9245
Step 8/10 : RUN chmod -R a+rX /opt2
 ---> Running in 3baa16db8b6d
Removing intermediate container 3baa16db8b6d
 ---> a1cdf892cc01
Step 9/10 : WORKDIR /data2
 ---> Running in 412c5fca1953
Removing intermediate container 412c5fca1953
 ---> 50d11ac1c54d
Step 10/10 : MAINTAINER vishal.koparde@nih.gov
 ---> Running in 024264cf3314
Removing intermediate container 024264cf3314
 ---> 1dced724267f
Successfully built 1dced724267f
Successfully tagged nciccbr/ccbr_talon_5.0:v2.0
