Sending build context to Docker daemon  192.7MB
Step 1/18 : FROM nciccbr/ccbr_ubuntu_base_20.04:v1.2
 ---> 36f2b4ebd3e5
Step 2/18 : RUN apt-get update
 ---> Using cache
 ---> bea7af35fe0e
Step 3/18 : WORKDIR /opt2
 ---> Using cache
 ---> 4d2c6d1ab8e5
Step 4/18 : RUN git clone https://github.com/kopardev/TALON.git
 ---> Using cache
 ---> 8ddd239386bc
Step 5/18 : WORKDIR /opt2/TALON
 ---> Using cache
 ---> f8c8dba2fe26
Step 6/18 : RUN pip3 install .
 ---> Using cache
 ---> 83b91c28ac6c
Step 7/18 : RUN pip3 install pyfasta
 ---> Using cache
 ---> 5d688461a92b
Step 8/18 : RUN pip3 install pybedtools
 ---> Using cache
 ---> b70d38693cd9
Step 9/18 : COPY v2.0.2.tar.gz /opt2
 ---> 26bae8a03c12
Step 10/18 : WORKDIR /opt2
 ---> Running in 819ec6d98c82
Removing intermediate container 819ec6d98c82
 ---> db9c0a45e364
Step 11/18 : RUN tar xzvf v2.0.2.tar.gz && rm -f v2.0.2.tar.gz
 ---> Running in 69e0871f8a60
TranscriptClean-2.0.2/
TranscriptClean-2.0.2/LICENSE.md
TranscriptClean-2.0.2/README.md
TranscriptClean-2.0.2/TranscriptClean.py
TranscriptClean-2.0.2/accessory_scripts/
TranscriptClean-2.0.2/accessory_scripts/get_SJs_from_gtf.py
TranscriptClean-2.0.2/accessory_scripts/get_TranscriptClean_stats.sh
TranscriptClean-2.0.2/archived/
TranscriptClean-2.0.2/archived/test_TranscriptClean/
TranscriptClean-2.0.2/archived/test_TranscriptClean/sam_files/
TranscriptClean-2.0.2/archived/test_TranscriptClean/sam_files/deletion_correctAnswer.sam
TranscriptClean-2.0.2/archived/test_TranscriptClean/sam_files/deletion_input.sam
TranscriptClean-2.0.2/archived/test_TranscriptClean/sam_files/deletion_insertion_mismatch.sam
TranscriptClean-2.0.2/archived/test_TranscriptClean/sam_files/deletion_insertion_mismatch_correctAnswer.sam
TranscriptClean-2.0.2/archived/test_TranscriptClean/sam_files/deletion_insertion_mismatch_nc.sam
TranscriptClean-2.0.2/archived/test_TranscriptClean/sam_files/deletion_insertion_mismatch_nc_correctAnswer.sam
TranscriptClean-2.0.2/archived/test_TranscriptClean/sam_files/deletion_insertion_mismatch_nc_noExtraTags.sam
TranscriptClean-2.0.2/archived/test_TranscriptClean/sam_files/deletion_insertion_mismatch_noExtraTags.sam
TranscriptClean-2.0.2/archived/test_TranscriptClean/sam_files/deletion_variant.sam
TranscriptClean-2.0.2/archived/test_TranscriptClean/sam_files/deletion_variant_correctAnswer.sam
TranscriptClean-2.0.2/archived/test_TranscriptClean/sam_files/insertion_correctAnswer.sam
TranscriptClean-2.0.2/archived/test_TranscriptClean/sam_files/insertion_input.sam
TranscriptClean-2.0.2/archived/test_TranscriptClean/sam_files/insertion_variant.sam
TranscriptClean-2.0.2/archived/test_TranscriptClean/sam_files/minusStrand_perfectMatch.sam
TranscriptClean-2.0.2/archived/test_TranscriptClean/sam_files/mismatch_correctAnswer.sam
TranscriptClean-2.0.2/archived/test_TranscriptClean/sam_files/mismatch_input.sam
TranscriptClean-2.0.2/archived/test_TranscriptClean/sam_files/nc_case1.sam
TranscriptClean-2.0.2/archived/test_TranscriptClean/sam_files/nc_case1_correctAnswer.sam
TranscriptClean-2.0.2/archived/test_TranscriptClean/sam_files/nc_case2.sam
TranscriptClean-2.0.2/archived/test_TranscriptClean/sam_files/nc_case2_correctAnswer.sam
TranscriptClean-2.0.2/archived/test_TranscriptClean/sam_files/nc_case3.sam
TranscriptClean-2.0.2/archived/test_TranscriptClean/sam_files/nc_case3_correctAnswer.sam
TranscriptClean-2.0.2/archived/test_TranscriptClean/sam_files/nc_case4.sam
TranscriptClean-2.0.2/archived/test_TranscriptClean/sam_files/nc_case4_correctAnswer.sam
TranscriptClean-2.0.2/archived/test_TranscriptClean/sam_files/nc_case5.sam
TranscriptClean-2.0.2/archived/test_TranscriptClean/sam_files/nc_case5_correctAnswer.sam
TranscriptClean-2.0.2/archived/test_TranscriptClean/sam_files/perfectReferenceMatch_noIntrons.sam
TranscriptClean-2.0.2/archived/test_TranscriptClean/sam_files/perfectReferenceMatch_noIntrons_noExtraTags.sam
TranscriptClean-2.0.2/archived/test_TranscriptClean/sam_files/perfectReferenceMatch_twoIntrons.sam
TranscriptClean-2.0.2/archived/test_TranscriptClean/sam_files/perfectReferenceMatch_twoIntrons_noExtraTags.sam
TranscriptClean-2.0.2/archived/test_TranscriptClean/test_TranscriptClean.py
TranscriptClean-2.0.2/dstruct.py
TranscriptClean-2.0.2/example_files/
TranscriptClean-2.0.2/example_files/GM12878_SJs_chr1.tab
TranscriptClean-2.0.2/example_files/GM12878_chr1.sam
TranscriptClean-2.0.2/example_files/GM12878_chr1.vcf.gz
TranscriptClean-2.0.2/example_files/chr1.fa.gz
TranscriptClean-2.0.2/generate_report.R
TranscriptClean-2.0.2/intronBound.py
TranscriptClean-2.0.2/spliceJunction.py
TranscriptClean-2.0.2/testing_suite/
TranscriptClean-2.0.2/testing_suite/Makefile
TranscriptClean-2.0.2/testing_suite/answer_files/
TranscriptClean-2.0.2/testing_suite/answer_files/DIM_nc_full/
TranscriptClean-2.0.2/testing_suite/answer_files/DIM_nc_full/TC_clean.sam
TranscriptClean-2.0.2/testing_suite/input_files/
TranscriptClean-2.0.2/testing_suite/input_files/GM12878_SJs_chr1.tab
TranscriptClean-2.0.2/testing_suite/input_files/chr11_sjs.txt
TranscriptClean-2.0.2/testing_suite/input_files/drosophila_example/
TranscriptClean-2.0.2/testing_suite/input_files/drosophila_example/bad_correction.sam
TranscriptClean-2.0.2/testing_suite/input_files/drosophila_example/chr3R.fa
TranscriptClean-2.0.2/testing_suite/input_files/drosophila_example/chr3R_SJs.tsv
TranscriptClean-2.0.2/testing_suite/input_files/drosophila_example/input_read.sam
TranscriptClean-2.0.2/testing_suite/input_files/drosophila_example/no_SJ_corr.sam
TranscriptClean-2.0.2/testing_suite/input_files/hg38_chr1.fa.gz
TranscriptClean-2.0.2/testing_suite/input_files/hg38_chr11.fa.gz
TranscriptClean-2.0.2/testing_suite/input_files/init_transcript/
TranscriptClean-2.0.2/testing_suite/input_files/init_transcript/non-primary.sam
TranscriptClean-2.0.2/testing_suite/input_files/init_transcript/unmapped.sam
TranscriptClean-2.0.2/testing_suite/input_files/sams/
TranscriptClean-2.0.2/testing_suite/input_files/sams/deletion.sam
TranscriptClean-2.0.2/testing_suite/input_files/sams/deletion_insertion_mismatch.sam
TranscriptClean-2.0.2/testing_suite/input_files/sams/deletion_insertion_mismatch_nc.sam
TranscriptClean-2.0.2/testing_suite/input_files/sams/deletion_insertion_mismatch_withHeader.sam
TranscriptClean-2.0.2/testing_suite/input_files/sams/insertion.sam
TranscriptClean-2.0.2/testing_suite/input_files/sams/insertion_input.sam
TranscriptClean-2.0.2/testing_suite/input_files/sams/microexon.sam
TranscriptClean-2.0.2/testing_suite/input_files/sams/mismatch.sam
TranscriptClean-2.0.2/testing_suite/input_files/sams/perfectReferenceMatch_noIntrons.sam
TranscriptClean-2.0.2/testing_suite/input_files/sams/perfectReferenceMatch_twoIntrons.sam
TranscriptClean-2.0.2/testing_suite/input_files/test_junctions.txt
TranscriptClean-2.0.2/testing_suite/input_files/toy_sjs_mixed_chroms.txt
TranscriptClean-2.0.2/testing_suite/input_files/vcf_test/
TranscriptClean-2.0.2/testing_suite/input_files/vcf_test/README.md
TranscriptClean-2.0.2/testing_suite/input_files/vcf_test/chr11_variantDel.vcf
TranscriptClean-2.0.2/testing_suite/input_files/vcf_test/chr11_variantDel_andMismatch.sam
TranscriptClean-2.0.2/testing_suite/input_files/vcf_test/read_with_snps.sam
TranscriptClean-2.0.2/testing_suite/input_files/vcf_test/snps.vcf
TranscriptClean-2.0.2/testing_suite/pytest.ini
TranscriptClean-2.0.2/testing_suite/test_VCF_processing.py
TranscriptClean-2.0.2/testing_suite/test_all_jns_annotated.py
TranscriptClean-2.0.2/testing_suite/test_attempt_jn_correction.py
TranscriptClean-2.0.2/testing_suite/test_canonOnly_mode.py
TranscriptClean-2.0.2/testing_suite/test_combined_jn_dist.py
TranscriptClean-2.0.2/testing_suite/test_compare_seq_cigar_lengths.py
TranscriptClean-2.0.2/testing_suite/test_compute_MD_NM.py
TranscriptClean-2.0.2/testing_suite/test_compute_jI_jM.py
TranscriptClean-2.0.2/testing_suite/test_correct_deletions.py
TranscriptClean-2.0.2/testing_suite/test_correct_insertions.py
TranscriptClean-2.0.2/testing_suite/test_correct_mismatches.py
TranscriptClean-2.0.2/testing_suite/test_create_tmp_sam.py
TranscriptClean-2.0.2/testing_suite/test_example_transcripts.py
TranscriptClean-2.0.2/testing_suite/test_example_varDM_monoexon.py
TranscriptClean-2.0.2/testing_suite/test_fetch_donor_or_acceptor.py
TranscriptClean-2.0.2/testing_suite/test_find_closest_annotated_SJ.py
TranscriptClean-2.0.2/testing_suite/test_find_closest_annotated_bound.py
TranscriptClean-2.0.2/testing_suite/test_find_ncsj.py
TranscriptClean-2.0.2/testing_suite/test_fix_one_side_of_junction.py
TranscriptClean-2.0.2/testing_suite/test_full_dryrun.py
TranscriptClean-2.0.2/testing_suite/test_high_level_ncsj_correction.py
TranscriptClean-2.0.2/testing_suite/test_init_transcript_object.py
TranscriptClean-2.0.2/testing_suite/test_prep_refs.py
TranscriptClean-2.0.2/testing_suite/test_print_fasta_seq.py
TranscriptClean-2.0.2/testing_suite/test_process_splice_annotation.py
TranscriptClean-2.0.2/testing_suite/test_rmTmp_option.py
TranscriptClean-2.0.2/testing_suite/test_update_post_ncsj_correction.py
TranscriptClean-2.0.2/testing_suite/unzip_references.sh
TranscriptClean-2.0.2/transcript.py
TranscriptClean-2.0.2/transcript.pyc
Removing intermediate container 69e0871f8a60
 ---> d5b1ceb679ff
Step 12/18 : WORKDIR /opt2/TranscriptClean-2.0.2
 ---> Running in 635379dba621
Removing intermediate container 635379dba621
 ---> 7656873d01ab
Step 13/18 : RUN echo "#!/usr/bin/env python3" > test.py && cat TranscriptClean.py >> test.py && chmod a+x test.py && mv TranscriptClean.py TranscriptClean.py.original && mv test.py TranscriptClean.py
 ---> Running in 1daef961fefd
Removing intermediate container 1daef961fefd
 ---> 4555cdc9c9ff
Step 14/18 : ENV PATH="/opt2/TranscriptClean-2.0.2:$PATH"
 ---> Running in 9f1b86156547
Removing intermediate container 9f1b86156547
 ---> da74e143e03b
Step 15/18 : ADD Dockerfile /opt2
 ---> 3d8060d34253
Step 16/18 : RUN chmod -R a+rX /opt2
 ---> Running in 4bb774212e2b
Removing intermediate container 4bb774212e2b
 ---> 25234a6141ea
Step 17/18 : WORKDIR /data2
 ---> Running in e4e72226571c
Removing intermediate container e4e72226571c
 ---> 34d76dfd006f
Step 18/18 : MAINTAINER vishal.koparde@nih.gov
 ---> Running in 5c7f0b8fce39
Removing intermediate container 5c7f0b8fce39
 ---> 81a09da13cd5
Successfully built 81a09da13cd5
Successfully tagged nciccbr/ccbr_talon_5.0:v2.1
