#0 building with "default" instance using docker driver

#1 [internal] load build definition from Dockerfile
#1 transferring dockerfile: 685B done
#1 DONE 0.0s

#2 [internal] load .dockerignore
#2 transferring context: 2B done
#2 DONE 0.0s

#3 [internal] load metadata for docker.io/nciccbr/ccbr_cutadapt_4.4:v1
#3 DONE 0.0s

#4 [internal] load build context
#4 transferring context: 685B done
#4 DONE 0.0s

#5 [1/6] FROM docker.io/nciccbr/ccbr_cutadapt_4.4:v1
#5 DONE 0.1s

#6 [2/6] RUN pip install fastq-filter==0.3.0
#6 1.047 Collecting fastq-filter==0.3.0
#6 1.891   Downloading fastq_filter-0.3.0-cp38-cp38-manylinux_2_5_x86_64.manylinux1_x86_64.manylinux_2_17_x86_64.manylinux2014_x86_64.whl (40 kB)
#6 1.909      ━━━━━━━━━━━━━━━━━━━━━━━━━━━━━━━━━━━━━━━━ 40.5/40.5 kB 2.4 MB/s eta 0:00:00
#6 1.919 Requirement already satisfied: xopen>=1.2.1 in /usr/local/lib/python3.8/dist-packages (from fastq-filter==0.3.0) (1.7.0)
#6 1.921 Requirement already satisfied: dnaio>=0.9.0 in /usr/local/lib/python3.8/dist-packages (from fastq-filter==0.3.0) (0.10.0)
#6 1.951 Requirement already satisfied: isal>=1.0.0 in /usr/local/lib/python3.8/dist-packages (from xopen>=1.2.1->fastq-filter==0.3.0) (1.2.0)
#6 2.135 Installing collected packages: fastq-filter
#6 2.162 Successfully installed fastq-filter-0.3.0
#6 2.165 WARNING: Running pip as the 'root' user can result in broken permissions and conflicting behaviour with the system package manager. It is recommended to use a virtual environment instead: https://pip.pypa.io/warnings/venv
#6 2.174 
#6 2.174 [notice] A new release of pip is available: 23.1.2 -> 23.2.1
#6 2.174 [notice] To update, run: python3 -m pip install --upgrade pip
#6 DONE 2.3s

#7 [3/6] COPY Dockerfile /opt2/Dockerfile_ccbr_cutadapt_plus.v1
#7 DONE 0.0s

#8 [4/6] RUN chmod a+r /opt2/Dockerfile_ccbr_cutadapt_plus.v1
#8 DONE 0.2s

#9 [5/6] RUN apt-get clean && rm -rf /var/lib/apt/lists/* /tmp/* /var/tmp/* &&     apt-get autoclean &&     apt-get autoremove -y &&     rm -rf /var/lib/{apt,dpkg,cache,log}/
#9 0.387 Reading package lists...
#9 0.420 Building dependency tree...
#9 0.423 Reading state information...
#9 0.438 Reading package lists...
#9 0.457 Building dependency tree...
#9 0.458 Reading state information...
#9 0.466 0 upgraded, 0 newly installed, 0 to remove and 0 not upgraded.
#9 DONE 0.5s

#10 [6/6] WORKDIR /data2
#10 DONE 0.0s

#11 exporting to image
#11 exporting layers 0.1s done
#11 writing image sha256:27428fb7efb12dbb40e4b69aa815fb62a45ebf1c00e2a98b28eb97e1e259e86e done
#11 naming to docker.io/nciccbr/ccbr_cutadapt_plus:v1 done
#11 DONE 0.1s
