Sending build context to Docker daemon  204.6MB
Step 1/7 : FROM nciccbr/ccbr_atacseq:v1.3
 ---> 0effcb138f68
Step 2/7 : ENV TAG="v1.3.1"
 ---> Running in cd4a6ce43dd5
Removing intermediate container cd4a6ce43dd5
 ---> 0f014ec42883
Step 3/7 : RUN pip install pandas
 ---> Running in 4f84a91ed1d5
Collecting pandas
  Downloading pandas-1.2.4-cp38-cp38-manylinux1_x86_64.whl (9.7 MB)
Requirement already satisfied: numpy>=1.16.5 in /usr/local/lib/python3.8/dist-packages (from pandas) (1.20.2)
Collecting pytz>=2017.3
  Downloading pytz-2021.1-py2.py3-none-any.whl (510 kB)
Requirement already satisfied: python-dateutil>=2.7.3 in /usr/lib/python3/dist-packages (from pandas) (2.7.3)
Installing collected packages: pytz, pandas
Successfully installed pandas-1.2.4 pytz-2021.1
[91mWARNING: You are using pip version 21.0.1; however, version 21.1.2 is available.
You should consider upgrading via the '/usr/bin/python3 -m pip install --upgrade pip' command.
[0mRemoving intermediate container 4f84a91ed1d5
 ---> 1154b678f63b
Step 4/7 : COPY Dockerfile.$TAG /opt2
 ---> eae7e068e743
Step 5/7 : RUN chmod a+r /opt2/Dockerfile.$TAG
 ---> Running in a092b8f17471
Removing intermediate container a092b8f17471
 ---> 425ef4249c4d
Step 6/7 : WORKDIR /data2
 ---> Running in a31a5fdb9964
Removing intermediate container a31a5fdb9964
 ---> 9f297a4bb579
Step 7/7 : RUN apt-get clean
 ---> Running in 92216516c7bf
Removing intermediate container 92216516c7bf
 ---> 39bb07b90608
Successfully built 39bb07b90608
Successfully tagged nciccbr/ccbr_atacseq:v1.3.1
