Sending build context to Docker daemon  205.5MB
Step 1/9 : FROM nciccbr/ccbr_atacseq:v1.4
 ---> 53ddaeff85ea
Step 2/9 : ENV TAG="v1.4.1"
 ---> Using cache
 ---> 6c5dcd4b3c1d
Step 3/9 : WORKDIR /opt2
 ---> Using cache
 ---> d713c8465a36
Step 4/9 : COPY install_packages_v1.4.1.R /opt2
 ---> a2923ab27169
Step 5/9 : RUN Rscript install_packages_v1.4.1.R
 ---> Running in c8ebcbfd7dc9
[91mInstalling package into '/usr/local/lib/R/site-library'
(as 'lib' is unspecified)
[0m[91malso installing the dependencies 'fs', 'base64enc', 'sass', 'jquerylib', 'httpuv', 'xtable', 'htmltools', 'sourcetools', 'later', 'promises', 'commonmark', 'bslib'

[0m[91mtrying URL 'https://cloud.r-project.org/src/contrib/fs_1.5.0.tar.gz'
[0m[91mContent type 'application/x-gzip'[0m[91m length 796244 bytes (777 KB)
[0m[91m=[0m[91m=[0m[91m====[0m[91m=[0m[91m=[0m[91m===[0m[91m=[0m[91m=[0m[91m=[0m[91m=[0m[91m=[0m[91m=[0m[91m=[0m[91m=[0m[91m=[0m[91m=[0m[91m=[0m[91m=[0m[91m=[0m[91m=[0m[91m=[0m[91m=[0m[91m=[0m[91m=[0m[91m=[0m[91m=[0m[91m=[0m[91m=[0m[91m=[0m[91m=[0m[91m=[0m[91m=[0m[91m=[0m[91m=[0m[91m=[0m[91m=[0m[91m=[0m[91m=[0m[91m=[0m[91m=[0m[91m=[0m[91m==[0m[91m=[0m[91m=[0m[91m
[0m[91mdownloaded 777 KB

[0m[91mtrying URL 'https://cloud.r-project.org/src/contrib/base64enc_0.1-3.tar.gz'
[0m[91mContent type 'application/x-gzip' length 7833 bytes
==================================================
downloaded 7833 bytes

[0m[91mtrying URL 'https://cloud.r-project.org/src/contrib/sass_0.4.0.tar.gz'
[0m[91mContent type 'application/x-gzip'[0m[91m length 3022459 bytes (2.9 MB)
[0m[91m=[0m[91m=[0m[91m=[0m[91m=[0m[91m=[0m[91m=[0m[91m=[0m[91m=[0m[91m=[0m[91m=[0m[91m=[0m[91m=[0m[91m=[0m[91m=[0m[91m=[0m[91m=[0m[91m=[0m[91m=[0m[91m==[0m[91m=[0m[91m=[0m[91m=[0m[91m=[0m[91m=[0m[91m=[0m[91m=[0m[91m=[0m[91m=[0m[91m=[0m[91m=[0m[91m=[0m[91m=[0m[91m=[0m[91m=[0m[91m=[0m[91m=[0m[91m=[0m[91m=[0m[91m=[0m[91m=[0m[91m=[0m[91m=[0m[91m=[0m[91m=[0m[91m=[0m[91m=[0m[91m=[0m[91m=[0m[91m=[0m[91m
[0m[91mdownloaded 2.9 MB

[0m[91mtrying URL 'https://cloud.r-project.org/src/contrib/jquerylib_0.1.4.tar.gz'
[0m[91mContent type 'application/x-gzip'[0m[91m length 520207 bytes (508 KB)
[0m[91m=[0m[91m=[0m[91m=[0m[91m=[0m[91m==[0m[91m=[0m[91m==[0m[91m=====[0m[91m===[0m[91m=[0m[91m=[0m[91m==[0m[91m====[0m[91m=[0m[91m==[0m[91m=[0m[91m==[0m[91m========[0m[91m=[0m[91m==[0m[91m=[0m[91m==[0m[91m==[0m[91m=[0m[91m=[0m[91m=[0m[91m
[0m[91mdownloaded 508 KB

[0m[91mtrying URL 'https://cloud.r-project.org/src/contrib/httpuv_1.6.1.tar.gz'
[0m[91mContent type 'application/x-gzip'[0m[91m length 1812058 bytes (1.7 MB)
[0m[91m=[0m[91m=[0m[91m=[0m[91m=[0m[91m=[0m[91m=[0m[91m=[0m[91m=[0m[91m=[0m[91m=[0m[91m=[0m[91m=[0m[91m=[0m[91m=[0m[91m=[0m[91m=[0m[91m=[0m[91m=[0m[91m=[0m[91m=[0m[91m=[0m[91m=[0m[91m=[0m[91m=[0m[91m=[0m[91m=[0m[91m=[0m[91m=[0m[91m=[0m[91m=[0m[91m=[0m[91m=[0m[91m=[0m[91m=[0m[91m=[0m[91m==[0m[91m=[0m[91m=[0m[91m=[0m[91m=[0m[91m=[0m[91m=[0m[91m=[0m[91m=[0m[91m=[0m[91m=[0m[91m=[0m[91m==
downloaded 1.7 MB

[0m[91mtrying URL 'https://cloud.r-project.org/src/contrib/xtable_1.8-4.tar.gz'
[0m[91mContent type 'application/x-gzip'[0m[91m length 564589 bytes (551 KB)
[0m[91m=[0m[91m=[0m[91m=[0m[91m=[0m[91m=[0m[91m==[0m[91m=[0m[91m=[0m[91m==[0m[91m=[0m[91m===[0m[91m==[0m[91m=[0m[91m==[0m[91m===[0m[91m=[0m[91m==[0m[91m=[0m[91m=[0m[91m=[0m[91m=[0m[91m=[0m[91m==[0m[91m=[0m[91m=[0m[91m=[0m[91m=[0m[91m=[0m[91m=[0m[91m=[0m[91m=[0m[91m=[0m[91m=[0m[91m=[0m[91m=[0m[91m=====
downloaded 551 KB

[0m[91mtrying URL 'https://cloud.r-project.org/src/contrib/htmltools_0.5.1.1.tar.gz'
[0m[91mContent type 'application/x-gzip'[0m[91m length 71567 bytes (69 KB)
[0m[91m=[0m[91m=[0m[91m=[0m[91m=[0m[91m=[0m[91m=[0m[91m=[0m[91m=[0m[91m=[0m[91m=[0m[91m=[0m[91m=[0m[91m=[0m[91m=========[0m[91m=========[0m[91m===================
downloaded 69 KB

[0m[91mtrying URL 'https://cloud.r-project.org/src/contrib/sourcetools_0.1.7.tar.gz'
[0m[91mContent type 'application/x-gzip'[0m[91m length 24155 bytes (23 KB)
[0m[91m=[0m[91m=================================================
downloaded 23 KB

[0m[91mtrying URL 'https://cloud.r-project.org/src/contrib/later_1.2.0.tar.gz'
[0m[91mContent type 'application/x-gzip'[0m[91m length 64104 bytes (62 KB)
[0m[91m=[0m[91m=[0m[91m=[0m[91m=[0m[91m=[0m[91m=[0m[91m=[0m[91m=[0m[91m=[0m[91m=[0m[91m=[0m[91m=[0m[91m=[0m[91m=[0m[91m=[0m[91m=[0m[91m=[0m[91m=[0m[91m=[0m[91m=[0m[91m=[0m[91m====[0m[91m=============[0m[91m============
downloaded 62 KB

trying URL 'https://cloud.r-project.org/src/contrib/promises_1.2.0.1.tar.gz'
[0m[91mContent type 'application/x-gzip'[0m[91m length 3120504 bytes (3.0 MB)
[0m[91m=[0m[91m=[0m[91m=[0m[91m=[0m[91m=[0m[91m=[0m[91m=[0m[91m=[0m[91m=[0m[91m=[0m[91m=[0m[91m=[0m[91m=[0m[91m=[0m[91m=[0m[91m=[0m[91m=[0m[91m=[0m[91m=[0m[91m=[0m[91m=[0m[91m=[0m[91m=[0m[91m=[0m[91m=[0m[91m=[0m[91m=[0m[91m=[0m[91m=[0m[91m=[0m[91m=[0m[91m=[0m[91m=[0m[91m=[0m[91m=[0m[91m=[0m[91m=[0m[91m=[0m[91m=[0m[91m=[0m[91m=[0m[91m=[0m[91m=[0m[91m=[0m[91m=[0m[91m=[0m[91m=[0m[91m==[0m[91m=[0m[91m
[0m[91mdownloaded 3.0 MB

[0m[91mtrying URL 'https://cloud.r-project.org/src/contrib/commonmark_1.7.tar.gz'
[0m[91mContent type 'application/x-gzip'[0m[91m length 134002 bytes (130 KB)
[0m[91m=[0m[91m=[0m[91m=[0m[91m=[0m[91m=[0m[91m=[0m[91m=[0m[91m=[0m[91m====[0m[91m=[0m[91m=======[0m[91m======[0m[91m======[0m[91m======[0m[91m======[0m[91m======
downloaded 130 KB

trying URL 'https://cloud.r-project.org/src/contrib/bslib_0.2.5.1.tar.gz'
[0m[91mContent type 'application/x-gzip'[0m[91m length 3810412 bytes (3.6 MB)
[0m[91m=[0m[91m=[0m[91m=[0m[91m=[0m[91m=[0m[91m=[0m[91m=[0m[91m=[0m[91m=[0m[91m=[0m[91m=[0m[91m=[0m[91m=[0m[91m=[0m[91m=[0m[91m=[0m[91m=[0m[91m=[0m[91m=[0m[91m=[0m[91m=[0m[91m=[0m[91m=[0m[91m=[0m[91m=[0m[91m=[0m[91m=[0m[91m=[0m[91m=[0m[91m=[0m[91m=[0m[91m=[0m[91m=[0m[91m=[0m[91m=[0m[91m=[0m[91m=[0m[91m=[0m[91m=[0m[91m=[0m[91m=[0m[91m=[0m[91m=[0m[91m=[0m[91m=[0m[91m=[0m[91m=[0m[91m=[0m[91m=[0m[91m=[0m[91m
[0m[91mdownloaded 3.6 MB

[0m[91mtrying URL 'https://cloud.r-project.org/src/contrib/shiny_1.6.0.tar.gz'
[0m[91mContent type 'application/x-gzip'[0m[91m length 4170497 bytes (4.0 MB)
[0m[91m=[0m[91m=[0m[91m=[0m[91m=[0m[91m=[0m[91m=[0m[91m=[0m[91m=[0m[91m=[0m[91m=[0m[91m=[0m[91m=[0m[91m=[0m[91m=[0m[91m=[0m[91m=[0m[91m=[0m[91m=[0m[91m=[0m[91m=[0m[91m=[0m[91m=[0m[91m=[0m[91m=[0m[91m=[0m[91m=[0m[91m=[0m[91m=[0m[91m=[0m[91m=[0m[91m=[0m[91m=[0m[91m=[0m[91m=[0m[91m=[0m[91m=[0m[91m=[0m[91m=[0m[91m=[0m[91m=[0m[91m=[0m[91m=[0m[91m=[0m[91m=[0m[91m=[0m[91m=[0m[91m=[0m[91m=[0m[91m=[0m[91m=[0m[91m
[0m[91mdownloaded 4.0 MB

[0m[91m* installing *source* package 'fs' ...
[0m[91m** package 'fs' successfully unpacked and MD5 sums checked
[0m[91m** using staged installation
[0m[91m** libs
[0mg++ -std=gnu++11 -I"/usr/share/R/include" -DNDEBUG -I./libuv-1.38.1/include -I. -pthread    -fpic  -g -O2 -fdebug-prefix-map=/build/r-base-jbaK_j/r-base-3.6.3=. -fstack-protector-strong -Wformat -Werror=format-security -Wdate-time -D_FORTIFY_SOURCE=2 -g  -c id.cc -o id.o
g++ -std=gnu++11 -I"/usr/share/R/include" -DNDEBUG -I./libuv-1.38.1/include -I. -pthread    -fpic  -g -O2 -fdebug-prefix-map=/build/r-base-jbaK_j/r-base-3.6.3=. -fstack-protector-strong -Wformat -Werror=format-security -Wdate-time -D_FORTIFY_SOURCE=2 -g  -c file.cc -o file.o
g++ -std=gnu++11 -I"/usr/share/R/include" -DNDEBUG -I./libuv-1.38.1/include -I. -pthread    -fpic  -g -O2 -fdebug-prefix-map=/build/r-base-jbaK_j/r-base-3.6.3=. -fstack-protector-strong -Wformat -Werror=format-security -Wdate-time -D_FORTIFY_SOURCE=2 -g  -c link.cc -o link.o
g++ -std=gnu++11 -I"/usr/share/R/include" -DNDEBUG -I./libuv-1.38.1/include -I. -pthread    -fpic  -g -O2 -fdebug-prefix-map=/build/r-base-jbaK_j/r-base-3.6.3=. -fstack-protector-strong -Wformat -Werror=format-security -Wdate-time -D_FORTIFY_SOURCE=2 -g  -c path.cc -o path.o
g++ -std=gnu++11 -I"/usr/share/R/include" -DNDEBUG -I./libuv-1.38.1/include -I. -pthread    -fpic  -g -O2 -fdebug-prefix-map=/build/r-base-jbaK_j/r-base-3.6.3=. -fstack-protector-strong -Wformat -Werror=format-security -Wdate-time -D_FORTIFY_SOURCE=2 -g  -c getmode.cc -o getmode.o
g++ -std=gnu++11 -I"/usr/share/R/include" -DNDEBUG -I./libuv-1.38.1/include -I. -pthread    -fpic  -g -O2 -fdebug-prefix-map=/build/r-base-jbaK_j/r-base-3.6.3=. -fstack-protector-strong -Wformat -Werror=format-security -Wdate-time -D_FORTIFY_SOURCE=2 -g  -c fs.cc -o fs.o
g++ -std=gnu++11 -I"/usr/share/R/include" -DNDEBUG -I./libuv-1.38.1/include -I. -pthread    -fpic  -g -O2 -fdebug-prefix-map=/build/r-base-jbaK_j/r-base-3.6.3=. -fstack-protector-strong -Wformat -Werror=format-security -Wdate-time -D_FORTIFY_SOURCE=2 -g  -c utils.cc -o utils.o
g++ -std=gnu++11 -I"/usr/share/R/include" -DNDEBUG -I./libuv-1.38.1/include -I. -pthread    -fpic  -g -O2 -fdebug-prefix-map=/build/r-base-jbaK_j/r-base-3.6.3=. -fstack-protector-strong -Wformat -Werror=format-security -Wdate-time -D_FORTIFY_SOURCE=2 -g  -c init.cc -o init.o
g++ -std=gnu++11 -I"/usr/share/R/include" -DNDEBUG -I./libuv-1.38.1/include -I. -pthread    -fpic  -g -O2 -fdebug-prefix-map=/build/r-base-jbaK_j/r-base-3.6.3=. -fstack-protector-strong -Wformat -Werror=format-security -Wdate-time -D_FORTIFY_SOURCE=2 -g  -c dir.cc -o dir.o
g++ -std=gnu++11 -I"/usr/share/R/include" -DNDEBUG -I./libuv-1.38.1/include -I. -pthread    -fpic  -g -O2 -fdebug-prefix-map=/build/r-base-jbaK_j/r-base-3.6.3=. -fstack-protector-strong -Wformat -Werror=format-security -Wdate-time -D_FORTIFY_SOURCE=2 -g  -c error.cc -o error.o
g++ -std=gnu++11 -I"/usr/share/R/include" -DNDEBUG -I./libuv-1.38.1/include -I. -pthread    -fpic  -g -O2 -fdebug-prefix-map=/build/r-base-jbaK_j/r-base-3.6.3=. -fstack-protector-strong -Wformat -Werror=format-security -Wdate-time -D_FORTIFY_SOURCE=2 -g  -c unix/getmode.cc -o unix/getmode.o
gcc -std=gnu99 -I"/usr/share/R/include" -DNDEBUG -I./libuv-1.38.1/include -I. -pthread    -fpic  -g -O2 -fdebug-prefix-map=/build/r-base-jbaK_j/r-base-3.6.3=. -fstack-protector-strong -Wformat -Werror=format-security -Wdate-time -D_FORTIFY_SOURCE=2 -g  -c bsd/setmode.c -o bsd/setmode.o
gcc -std=gnu99 -I"/usr/share/R/include" -DNDEBUG -I./libuv-1.38.1/include -I. -pthread    -fpic  -g -O2 -fdebug-prefix-map=/build/r-base-jbaK_j/r-base-3.6.3=. -fstack-protector-strong -Wformat -Werror=format-security -Wdate-time -D_FORTIFY_SOURCE=2 -g  -c bsd/strmode.c -o bsd/strmode.o
gcc -std=gnu99 -I"/usr/share/R/include" -DNDEBUG -I./libuv-1.38.1/include -I. -pthread    -fpic  -g -O2 -fdebug-prefix-map=/build/r-base-jbaK_j/r-base-3.6.3=. -fstack-protector-strong -Wformat -Werror=format-security -Wdate-time -D_FORTIFY_SOURCE=2 -g  -c bsd/reallocarray.c -o bsd/reallocarray.o
(cd libuv-1.38.1 \
&& CC="gcc -std=gnu99" CFLAGS="-g -O2 -fdebug-prefix-map=/build/r-base-jbaK_j/r-base-3.6.3=. -fstack-protector-strong -Wformat -Werror=format-security -Wdate-time -D_FORTIFY_SOURCE=2 -g   -fpic -fvisibility=hidden" AR="ar" RANLIB="ranlib" LDFLAGS="-Wl,-Bsymbolic-functions -Wl,-z,relro" ./configure --quiet)
make --directory=libuv-1.38.1 \
	HAVE_DTRACE=0
make[1]: Entering directory '/tmp/RtmpdkmUKU/R.INSTALL24694a619/fs/src/libuv-1.38.1'
  CC       src/libuv_la-fs-poll.lo
  CC       src/libuv_la-idna.lo
  CC       src/libuv_la-inet.lo
  CC       src/libuv_la-random.lo
  CC       src/libuv_la-strscpy.lo
  CC       src/libuv_la-threadpool.lo
  CC       src/libuv_la-timer.lo
  CC       src/libuv_la-uv-data-getter-setters.lo
  CC       src/libuv_la-uv-common.lo
  CC       src/libuv_la-version.lo
  CC       src/unix/libuv_la-async.lo
  CC       src/unix/libuv_la-core.lo
  CC       src/unix/libuv_la-dl.lo
  CC       src/unix/libuv_la-fs.lo
  CC       src/unix/libuv_la-getaddrinfo.lo
  CC       src/unix/libuv_la-getnameinfo.lo
  CC       src/unix/libuv_la-loop-watcher.lo
  CC       src/unix/libuv_la-loop.lo
  CC       src/unix/libuv_la-pipe.lo
  CC       src/unix/libuv_la-poll.lo
  CC       src/unix/libuv_la-process.lo
  CC       src/unix/libuv_la-random-devurandom.lo
  CC       src/unix/libuv_la-signal.lo
  CC       src/unix/libuv_la-stream.lo
  CC       src/unix/libuv_la-tcp.lo
  CC       src/unix/libuv_la-thread.lo
  CC       src/unix/libuv_la-tty.lo
  CC       src/unix/libuv_la-udp.lo
  CC       src/unix/libuv_la-linux-core.lo
  CC       src/unix/libuv_la-linux-inotify.lo
  CC       src/unix/libuv_la-linux-syscalls.lo
  CC       src/unix/libuv_la-procfs-exepath.lo
  CC       src/unix/libuv_la-proctitle.lo
  CC       src/unix/libuv_la-random-getrandom.lo
  CC       src/unix/libuv_la-random-sysctl-linux.lo
  CCLD     libuv.la
[91mar: [0m[91m`u' modifier ignored since `D' is the default (see `U')[0m[91m
[0mmake[1]: Leaving directory '/tmp/RtmpdkmUKU/R.INSTALL24694a619/fs/src/libuv-1.38.1'
g++ -std=gnu++11 -shared -L/usr/lib/R/lib -Wl,-Bsymbolic-functions -Wl,-z,relro -o fs.so id.o file.o link.o path.o getmode.o fs.o utils.o init.o dir.o error.o unix/getmode.o bsd/setmode.o bsd/strmode.o bsd/reallocarray.o ./libuv-1.38.1/.libs/libuv.a -pthread -L/usr/lib/R/lib -lR
[91minstalling to /usr/local/lib/R/site-library/00LOCK-fs/00new/fs/libs
[0m[91m** R
[0m[91m** inst
[0m[91m** byte-compile and prepare package for lazy loading
[0m[91m** help
[0m[91m*** installing help indices
[0m[91m** building package indices
[0m[91m** installing vignettes
[0m[91m** testing if installed package can be loaded from temporary location
[0m[91m** checking absolute paths in shared objects and dynamic libraries
[0m[91m** testing if installed package can be loaded from final location
[0m[91m** testing if installed package keeps a record of temporary installation path
[0m[91m* DONE (fs)
[0m[91m* installing *source* package 'base64enc' ...
[0m[91m** package 'base64enc' successfully unpacked and MD5 sums checked
[0m[91m** using staged installation
[0m[91m** libs
[0mgcc -std=gnu99 -I"/usr/share/R/include" -DNDEBUG     -fpic  -g -O2 -fdebug-prefix-map=/build/r-base-jbaK_j/r-base-3.6.3=. -fstack-protector-strong -Wformat -Werror=format-security -Wdate-time -D_FORTIFY_SOURCE=2 -g  -c base64.c -o base64.o
gcc -std=gnu99 -I"/usr/share/R/include" -DNDEBUG     -fpic  -g -O2 -fdebug-prefix-map=/build/r-base-jbaK_j/r-base-3.6.3=. -fstack-protector-strong -Wformat -Werror=format-security -Wdate-time -D_FORTIFY_SOURCE=2 -g  -c uriencode.c -o uriencode.o
gcc -std=gnu99 -I"/usr/share/R/include" -DNDEBUG     -fpic  -g -O2 -fdebug-prefix-map=/build/r-base-jbaK_j/r-base-3.6.3=. -fstack-protector-strong -Wformat -Werror=format-security -Wdate-time -D_FORTIFY_SOURCE=2 -g  -c utf8.c -o utf8.o
gcc -std=gnu99 -shared -L/usr/lib/R/lib -Wl,-Bsymbolic-functions -Wl,-z,relro -o base64enc.so base64.o uriencode.o utf8.o -L/usr/lib/R/lib -lR
[91minstalling to /usr/local/lib/R/site-library/00LOCK-base64enc/00new/base64enc/libs
[0m[91m** R
[0m[91m** byte-compile and prepare package for lazy loading
[0m[91m** help
[0m[91m*** installing help indices
[0m[91m** building package indices
[0m[91m** testing if installed package can be loaded from temporary location
[0m[91m** checking absolute paths in shared objects and dynamic libraries
[0m[91m** testing if installed package can be loaded from final location
[0m[91m** testing if installed package keeps a record of temporary installation path
[0m[91m* DONE (base64enc)
[0m[91m* installing *source* package 'xtable' ...
[0m[91m** package 'xtable' successfully unpacked and MD5 sums checked
[0m[91m** using staged installation
[0m[91m** R
[0m[91m** data
[0m[91m** inst
[0m[91m** byte-compile and prepare package for lazy loading
[0m[91m** help
[0m[91m*** installing help indices
[0m[91m** building package indices
[0m[91m** installing vignettes
[0m[91m** testing if installed package can be loaded from temporary location
[0m[91m** testing if installed package can be loaded from final location
[0m[91m** testing if installed package keeps a record of temporary installation path
[0m[91m* DONE (xtable)
[0m[91m* installing *source* package 'sourcetools' ...
[0m[91m** package 'sourcetools' successfully unpacked and MD5 sums checked
[0m[91m** using staged installation
[0m[91m** libs
[0mg++ -std=gnu++11 -I"/usr/share/R/include" -DNDEBUG -I../inst/include    -fpic  -g -O2 -fdebug-prefix-map=/build/r-base-jbaK_j/r-base-3.6.3=. -fstack-protector-strong -Wformat -Werror=format-security -Wdate-time -D_FORTIFY_SOURCE=2 -g  -c Reader.cpp -o Reader.o
g++ -std=gnu++11 -I"/usr/share/R/include" -DNDEBUG -I../inst/include    -fpic  -g -O2 -fdebug-prefix-map=/build/r-base-jbaK_j/r-base-3.6.3=. -fstack-protector-strong -Wformat -Werror=format-security -Wdate-time -D_FORTIFY_SOURCE=2 -g  -c Tokenizer.cpp -o Tokenizer.o
gcc -std=gnu99 -I"/usr/share/R/include" -DNDEBUG -I../inst/include    -fpic  -g -O2 -fdebug-prefix-map=/build/r-base-jbaK_j/r-base-3.6.3=. -fstack-protector-strong -Wformat -Werror=format-security -Wdate-time -D_FORTIFY_SOURCE=2 -g  -c sourcetools-init.c -o sourcetools-init.o
g++ -std=gnu++11 -shared -L/usr/lib/R/lib -Wl,-Bsymbolic-functions -Wl,-z,relro -o sourcetools.so Reader.o Tokenizer.o sourcetools-init.o -L/usr/lib/R/lib -lR
[91minstalling to /usr/local/lib/R/site-library/00LOCK-sourcetools/00new/sourcetools/libs
[0m[91m** R
[0m[91m** inst
[0m[91m** byte-compile and prepare package for lazy loading
[0m[91m** help
[0m[91m*** installing help indices
[0m[91m** building package indices
[0m[91m** testing if installed package can be loaded from temporary location
[0m[91m** checking absolute paths in shared objects and dynamic libraries
[0m[91m** testing if installed package can be loaded from final location
[0m[91m** testing if installed package keeps a record of temporary installation path
[0m[91m* DONE (sourcetools)
[0m[91m* installing *source* package 'later' ...
[0m[91m** package 'later' successfully unpacked and MD5 sums checked
[0m[91m** using staged installation
[0mRunning configure script
-latomic linker flag not needed.
[91m** libs
[0mg++ -std=gnu++11 -I"/usr/share/R/include" -DNDEBUG -pthread -DSTRICT_R_HEADERS  -I"/usr/local/lib/R/site-library/Rcpp/include"   -fpic  -g -O2 -fdebug-prefix-map=/build/r-base-jbaK_j/r-base-3.6.3=. -fstack-protector-strong -Wformat -Werror=format-security -Wdate-time -D_FORTIFY_SOURCE=2 -g  -c RcppExports.cpp -o RcppExports.o
g++ -std=gnu++11 -I"/usr/share/R/include" -DNDEBUG -pthread -DSTRICT_R_HEADERS  -I"/usr/local/lib/R/site-library/Rcpp/include"   -fpic  -g -O2 -fdebug-prefix-map=/build/r-base-jbaK_j/r-base-3.6.3=. -fstack-protector-strong -Wformat -Werror=format-security -Wdate-time -D_FORTIFY_SOURCE=2 -g  -c callback_registry.cpp -o callback_registry.o
g++ -std=gnu++11 -I"/usr/share/R/include" -DNDEBUG -pthread -DSTRICT_R_HEADERS  -I"/usr/local/lib/R/site-library/Rcpp/include"   -fpic  -g -O2 -fdebug-prefix-map=/build/r-base-jbaK_j/r-base-3.6.3=. -fstack-protector-strong -Wformat -Werror=format-security -Wdate-time -D_FORTIFY_SOURCE=2 -g  -c debug.cpp -o debug.o
gcc -std=gnu99 -I"/usr/share/R/include" -DNDEBUG -pthread -DSTRICT_R_HEADERS  -I"/usr/local/lib/R/site-library/Rcpp/include"   -fpic  -g -O2 -fdebug-prefix-map=/build/r-base-jbaK_j/r-base-3.6.3=. -fstack-protector-strong -Wformat -Werror=format-security -Wdate-time -D_FORTIFY_SOURCE=2 -g  -c init.c -o init.o
g++ -std=gnu++11 -I"/usr/share/R/include" -DNDEBUG -pthread -DSTRICT_R_HEADERS  -I"/usr/local/lib/R/site-library/Rcpp/include"   -fpic  -g -O2 -fdebug-prefix-map=/build/r-base-jbaK_j/r-base-3.6.3=. -fstack-protector-strong -Wformat -Werror=format-security -Wdate-time -D_FORTIFY_SOURCE=2 -g  -c later.cpp -o later.o
g++ -std=gnu++11 -I"/usr/share/R/include" -DNDEBUG -pthread -DSTRICT_R_HEADERS  -I"/usr/local/lib/R/site-library/Rcpp/include"   -fpic  -g -O2 -fdebug-prefix-map=/build/r-base-jbaK_j/r-base-3.6.3=. -fstack-protector-strong -Wformat -Werror=format-security -Wdate-time -D_FORTIFY_SOURCE=2 -g  -c later_posix.cpp -o later_posix.o
g++ -std=gnu++11 -I"/usr/share/R/include" -DNDEBUG -pthread -DSTRICT_R_HEADERS  -I"/usr/local/lib/R/site-library/Rcpp/include"   -fpic  -g -O2 -fdebug-prefix-map=/build/r-base-jbaK_j/r-base-3.6.3=. -fstack-protector-strong -Wformat -Werror=format-security -Wdate-time -D_FORTIFY_SOURCE=2 -g  -c later_win32.cpp -o later_win32.o
g++ -std=gnu++11 -I"/usr/share/R/include" -DNDEBUG -pthread -DSTRICT_R_HEADERS  -I"/usr/local/lib/R/site-library/Rcpp/include"   -fpic  -g -O2 -fdebug-prefix-map=/build/r-base-jbaK_j/r-base-3.6.3=. -fstack-protector-strong -Wformat -Werror=format-security -Wdate-time -D_FORTIFY_SOURCE=2 -g  -c timer_posix.cpp -o timer_posix.o
g++ -std=gnu++11 -I"/usr/share/R/include" -DNDEBUG -pthread -DSTRICT_R_HEADERS  -I"/usr/local/lib/R/site-library/Rcpp/include"   -fpic  -g -O2 -fdebug-prefix-map=/build/r-base-jbaK_j/r-base-3.6.3=. -fstack-protector-strong -Wformat -Werror=format-security -Wdate-time -D_FORTIFY_SOURCE=2 -g  -c timestamp_unix.cpp -o timestamp_unix.o
g++ -std=gnu++11 -I"/usr/share/R/include" -DNDEBUG -pthread -DSTRICT_R_HEADERS  -I"/usr/local/lib/R/site-library/Rcpp/include"   -fpic  -g -O2 -fdebug-prefix-map=/build/r-base-jbaK_j/r-base-3.6.3=. -fstack-protector-strong -Wformat -Werror=format-security -Wdate-time -D_FORTIFY_SOURCE=2 -g  -c timestamp_win32.cpp -o timestamp_win32.o
gcc -std=gnu99 -I"/usr/share/R/include" -DNDEBUG -pthread -DSTRICT_R_HEADERS  -I"/usr/local/lib/R/site-library/Rcpp/include"   -fpic  -g -O2 -fdebug-prefix-map=/build/r-base-jbaK_j/r-base-3.6.3=. -fstack-protector-strong -Wformat -Werror=format-security -Wdate-time -D_FORTIFY_SOURCE=2 -g  -c tinycthread.c -o tinycthread.o
g++ -std=gnu++11 -shared -L/usr/lib/R/lib -Wl,-Bsymbolic-functions -Wl,-z,relro -o later.so RcppExports.o callback_registry.o debug.o init.o later.o later_posix.o later_win32.o timer_posix.o timestamp_unix.o timestamp_win32.o tinycthread.o -pthread -L/usr/lib/R/lib -lR
[91minstalling to /usr/local/lib/R/site-library/00LOCK-later/00new/later/libs
[0m[91m** R
[0m[91m** inst
[0m[91m** byte-compile and prepare package for lazy loading
[0m[91m** help
[0m[91m*** installing help indices
[0m[91m** building package indices
[0m[91m** installing vignettes
[0m[91m** testing if installed package can be loaded from temporary location
[0m[91m** checking absolute paths in shared objects and dynamic libraries
[0m[91m** testing if installed package can be loaded from final location
[0m[91m** testing if installed package keeps a record of temporary installation path
[0m[91m* DONE (later)
[0m[91m* installing *source* package 'commonmark' ...
[0m[91m** package 'commonmark' successfully unpacked and MD5 sums checked
[0m[91m** using staged installation
[0m[91m** libs
[0mrm -f cmark/cmark.o cmark/node.o cmark/iterator.o cmark/blocks.o cmark/inlines.o cmark/scanners.o cmark/utf8.o cmark/buffer.o cmark/references.o cmark/render.o cmark/man.o cmark/xml.o cmark/html.o cmark/commonmark.o cmark/latex.o cmark/houdini_href_e.o cmark/houdini_html_e.o cmark/houdini_html_u.o cmark/cmark_ctype.o cmark/arena.o cmark/html.o cmark/linked_list.o cmark/plugin.o cmark/registry.o cmark/syntax_extension.o cmark/plaintext.o cmark/footnotes.o cmark/map.o extensions/autolink.o extensions/core-extensions.o extensions/ext_scanners.o extensions/strikethrough.o extensions/table.o extensions/tagfilter.o extensions.o init.o wrapper.o commonmark.so cmark/libstatcmark.a
gcc -std=gnu99 -I"/usr/share/R/include" -DNDEBUG -Icmark -I. -DCMARK_GFM_STATIC_DEFINE -DCMARK_GFM_EXTENSIONS_STATIC_DEFINE -DR_NO_REMAP -DSTRICT_R_HEADERS   -fvisibility=hidden -fpic  -g -O2 -fdebug-prefix-map=/build/r-base-jbaK_j/r-base-3.6.3=. -fstack-protector-strong -Wformat -Werror=format-security -Wdate-time -D_FORTIFY_SOURCE=2 -g  -c extensions.c -o extensions.o
gcc -std=gnu99 -I"/usr/share/R/include" -DNDEBUG -Icmark -I. -DCMARK_GFM_STATIC_DEFINE -DCMARK_GFM_EXTENSIONS_STATIC_DEFINE -DR_NO_REMAP -DSTRICT_R_HEADERS   -fvisibility=hidden -fpic  -g -O2 -fdebug-prefix-map=/build/r-base-jbaK_j/r-base-3.6.3=. -fstack-protector-strong -Wformat -Werror=format-security -Wdate-time -D_FORTIFY_SOURCE=2 -g  -c init.c -o init.o
gcc -std=gnu99 -I"/usr/share/R/include" -DNDEBUG -Icmark -I. -DCMARK_GFM_STATIC_DEFINE -DCMARK_GFM_EXTENSIONS_STATIC_DEFINE -DR_NO_REMAP -DSTRICT_R_HEADERS   -fvisibility=hidden -fpic  -g -O2 -fdebug-prefix-map=/build/r-base-jbaK_j/r-base-3.6.3=. -fstack-protector-strong -Wformat -Werror=format-security -Wdate-time -D_FORTIFY_SOURCE=2 -g  -c wrapper.c -o wrapper.o
gcc -std=gnu99 -I"/usr/share/R/include" -DNDEBUG -Icmark -I. -DCMARK_GFM_STATIC_DEFINE -DCMARK_GFM_EXTENSIONS_STATIC_DEFINE -DR_NO_REMAP -DSTRICT_R_HEADERS   -fvisibility=hidden -fpic  -g -O2 -fdebug-prefix-map=/build/r-base-jbaK_j/r-base-3.6.3=. -fstack-protector-strong -Wformat -Werror=format-security -Wdate-time -D_FORTIFY_SOURCE=2 -g  -c cmark/cmark.c -o cmark/cmark.o
gcc -std=gnu99 -I"/usr/share/R/include" -DNDEBUG -Icmark -I. -DCMARK_GFM_STATIC_DEFINE -DCMARK_GFM_EXTENSIONS_STATIC_DEFINE -DR_NO_REMAP -DSTRICT_R_HEADERS   -fvisibility=hidden -fpic  -g -O2 -fdebug-prefix-map=/build/r-base-jbaK_j/r-base-3.6.3=. -fstack-protector-strong -Wformat -Werror=format-security -Wdate-time -D_FORTIFY_SOURCE=2 -g  -c cmark/node.c -o cmark/node.o
gcc -std=gnu99 -I"/usr/share/R/include" -DNDEBUG -Icmark -I. -DCMARK_GFM_STATIC_DEFINE -DCMARK_GFM_EXTENSIONS_STATIC_DEFINE -DR_NO_REMAP -DSTRICT_R_HEADERS   -fvisibility=hidden -fpic  -g -O2 -fdebug-prefix-map=/build/r-base-jbaK_j/r-base-3.6.3=. -fstack-protector-strong -Wformat -Werror=format-security -Wdate-time -D_FORTIFY_SOURCE=2 -g  -c cmark/iterator.c -o cmark/iterator.o
gcc -std=gnu99 -I"/usr/share/R/include" -DNDEBUG -Icmark -I. -DCMARK_GFM_STATIC_DEFINE -DCMARK_GFM_EXTENSIONS_STATIC_DEFINE -DR_NO_REMAP -DSTRICT_R_HEADERS   -fvisibility=hidden -fpic  -g -O2 -fdebug-prefix-map=/build/r-base-jbaK_j/r-base-3.6.3=. -fstack-protector-strong -Wformat -Werror=format-security -Wdate-time -D_FORTIFY_SOURCE=2 -g  -c cmark/blocks.c -o cmark/blocks.o
gcc -std=gnu99 -I"/usr/share/R/include" -DNDEBUG -Icmark -I. -DCMARK_GFM_STATIC_DEFINE -DCMARK_GFM_EXTENSIONS_STATIC_DEFINE -DR_NO_REMAP -DSTRICT_R_HEADERS   -fvisibility=hidden -fpic  -g -O2 -fdebug-prefix-map=/build/r-base-jbaK_j/r-base-3.6.3=. -fstack-protector-strong -Wformat -Werror=format-security -Wdate-time -D_FORTIFY_SOURCE=2 -g  -c cmark/inlines.c -o cmark/inlines.o
gcc -std=gnu99 -I"/usr/share/R/include" -DNDEBUG -Icmark -I. -DCMARK_GFM_STATIC_DEFINE -DCMARK_GFM_EXTENSIONS_STATIC_DEFINE -DR_NO_REMAP -DSTRICT_R_HEADERS   -fvisibility=hidden -fpic  -g -O2 -fdebug-prefix-map=/build/r-base-jbaK_j/r-base-3.6.3=. -fstack-protector-strong -Wformat -Werror=format-security -Wdate-time -D_FORTIFY_SOURCE=2 -g  -c cmark/scanners.c -o cmark/scanners.o
gcc -std=gnu99 -I"/usr/share/R/include" -DNDEBUG -Icmark -I. -DCMARK_GFM_STATIC_DEFINE -DCMARK_GFM_EXTENSIONS_STATIC_DEFINE -DR_NO_REMAP -DSTRICT_R_HEADERS   -fvisibility=hidden -fpic  -g -O2 -fdebug-prefix-map=/build/r-base-jbaK_j/r-base-3.6.3=. -fstack-protector-strong -Wformat -Werror=format-security -Wdate-time -D_FORTIFY_SOURCE=2 -g  -c cmark/utf8.c -o cmark/utf8.o
gcc -std=gnu99 -I"/usr/share/R/include" -DNDEBUG -Icmark -I. -DCMARK_GFM_STATIC_DEFINE -DCMARK_GFM_EXTENSIONS_STATIC_DEFINE -DR_NO_REMAP -DSTRICT_R_HEADERS   -fvisibility=hidden -fpic  -g -O2 -fdebug-prefix-map=/build/r-base-jbaK_j/r-base-3.6.3=. -fstack-protector-strong -Wformat -Werror=format-security -Wdate-time -D_FORTIFY_SOURCE=2 -g  -c cmark/buffer.c -o cmark/buffer.o
gcc -std=gnu99 -I"/usr/share/R/include" -DNDEBUG -Icmark -I. -DCMARK_GFM_STATIC_DEFINE -DCMARK_GFM_EXTENSIONS_STATIC_DEFINE -DR_NO_REMAP -DSTRICT_R_HEADERS   -fvisibility=hidden -fpic  -g -O2 -fdebug-prefix-map=/build/r-base-jbaK_j/r-base-3.6.3=. -fstack-protector-strong -Wformat -Werror=format-security -Wdate-time -D_FORTIFY_SOURCE=2 -g  -c cmark/references.c -o cmark/references.o
gcc -std=gnu99 -I"/usr/share/R/include" -DNDEBUG -Icmark -I. -DCMARK_GFM_STATIC_DEFINE -DCMARK_GFM_EXTENSIONS_STATIC_DEFINE -DR_NO_REMAP -DSTRICT_R_HEADERS   -fvisibility=hidden -fpic  -g -O2 -fdebug-prefix-map=/build/r-base-jbaK_j/r-base-3.6.3=. -fstack-protector-strong -Wformat -Werror=format-security -Wdate-time -D_FORTIFY_SOURCE=2 -g  -c cmark/render.c -o cmark/render.o
gcc -std=gnu99 -I"/usr/share/R/include" -DNDEBUG -Icmark -I. -DCMARK_GFM_STATIC_DEFINE -DCMARK_GFM_EXTENSIONS_STATIC_DEFINE -DR_NO_REMAP -DSTRICT_R_HEADERS   -fvisibility=hidden -fpic  -g -O2 -fdebug-prefix-map=/build/r-base-jbaK_j/r-base-3.6.3=. -fstack-protector-strong -Wformat -Werror=format-security -Wdate-time -D_FORTIFY_SOURCE=2 -g  -c cmark/man.c -o cmark/man.o
gcc -std=gnu99 -I"/usr/share/R/include" -DNDEBUG -Icmark -I. -DCMARK_GFM_STATIC_DEFINE -DCMARK_GFM_EXTENSIONS_STATIC_DEFINE -DR_NO_REMAP -DSTRICT_R_HEADERS   -fvisibility=hidden -fpic  -g -O2 -fdebug-prefix-map=/build/r-base-jbaK_j/r-base-3.6.3=. -fstack-protector-strong -Wformat -Werror=format-security -Wdate-time -D_FORTIFY_SOURCE=2 -g  -c cmark/xml.c -o cmark/xml.o
gcc -std=gnu99 -I"/usr/share/R/include" -DNDEBUG -Icmark -I. -DCMARK_GFM_STATIC_DEFINE -DCMARK_GFM_EXTENSIONS_STATIC_DEFINE -DR_NO_REMAP -DSTRICT_R_HEADERS   -fvisibility=hidden -fpic  -g -O2 -fdebug-prefix-map=/build/r-base-jbaK_j/r-base-3.6.3=. -fstack-protector-strong -Wformat -Werror=format-security -Wdate-time -D_FORTIFY_SOURCE=2 -g  -c cmark/html.c -o cmark/html.o
gcc -std=gnu99 -I"/usr/share/R/include" -DNDEBUG -Icmark -I. -DCMARK_GFM_STATIC_DEFINE -DCMARK_GFM_EXTENSIONS_STATIC_DEFINE -DR_NO_REMAP -DSTRICT_R_HEADERS   -fvisibility=hidden -fpic  -g -O2 -fdebug-prefix-map=/build/r-base-jbaK_j/r-base-3.6.3=. -fstack-protector-strong -Wformat -Werror=format-security -Wdate-time -D_FORTIFY_SOURCE=2 -g  -c cmark/commonmark.c -o cmark/commonmark.o
gcc -std=gnu99 -I"/usr/share/R/include" -DNDEBUG -Icmark -I. -DCMARK_GFM_STATIC_DEFINE -DCMARK_GFM_EXTENSIONS_STATIC_DEFINE -DR_NO_REMAP -DSTRICT_R_HEADERS   -fvisibility=hidden -fpic  -g -O2 -fdebug-prefix-map=/build/r-base-jbaK_j/r-base-3.6.3=. -fstack-protector-strong -Wformat -Werror=format-security -Wdate-time -D_FORTIFY_SOURCE=2 -g  -c cmark/latex.c -o cmark/latex.o
gcc -std=gnu99 -I"/usr/share/R/include" -DNDEBUG -Icmark -I. -DCMARK_GFM_STATIC_DEFINE -DCMARK_GFM_EXTENSIONS_STATIC_DEFINE -DR_NO_REMAP -DSTRICT_R_HEADERS   -fvisibility=hidden -fpic  -g -O2 -fdebug-prefix-map=/build/r-base-jbaK_j/r-base-3.6.3=. -fstack-protector-strong -Wformat -Werror=format-security -Wdate-time -D_FORTIFY_SOURCE=2 -g  -c cmark/houdini_href_e.c -o cmark/houdini_href_e.o
gcc -std=gnu99 -I"/usr/share/R/include" -DNDEBUG -Icmark -I. -DCMARK_GFM_STATIC_DEFINE -DCMARK_GFM_EXTENSIONS_STATIC_DEFINE -DR_NO_REMAP -DSTRICT_R_HEADERS   -fvisibility=hidden -fpic  -g -O2 -fdebug-prefix-map=/build/r-base-jbaK_j/r-base-3.6.3=. -fstack-protector-strong -Wformat -Werror=format-security -Wdate-time -D_FORTIFY_SOURCE=2 -g  -c cmark/houdini_html_e.c -o cmark/houdini_html_e.o
gcc -std=gnu99 -I"/usr/share/R/include" -DNDEBUG -Icmark -I. -DCMARK_GFM_STATIC_DEFINE -DCMARK_GFM_EXTENSIONS_STATIC_DEFINE -DR_NO_REMAP -DSTRICT_R_HEADERS   -fvisibility=hidden -fpic  -g -O2 -fdebug-prefix-map=/build/r-base-jbaK_j/r-base-3.6.3=. -fstack-protector-strong -Wformat -Werror=format-security -Wdate-time -D_FORTIFY_SOURCE=2 -g  -c cmark/houdini_html_u.c -o cmark/houdini_html_u.o
gcc -std=gnu99 -I"/usr/share/R/include" -DNDEBUG -Icmark -I. -DCMARK_GFM_STATIC_DEFINE -DCMARK_GFM_EXTENSIONS_STATIC_DEFINE -DR_NO_REMAP -DSTRICT_R_HEADERS   -fvisibility=hidden -fpic  -g -O2 -fdebug-prefix-map=/build/r-base-jbaK_j/r-base-3.6.3=. -fstack-protector-strong -Wformat -Werror=format-security -Wdate-time -D_FORTIFY_SOURCE=2 -g  -c cmark/cmark_ctype.c -o cmark/cmark_ctype.o
gcc -std=gnu99 -I"/usr/share/R/include" -DNDEBUG -Icmark -I. -DCMARK_GFM_STATIC_DEFINE -DCMARK_GFM_EXTENSIONS_STATIC_DEFINE -DR_NO_REMAP -DSTRICT_R_HEADERS   -fvisibility=hidden -fpic  -g -O2 -fdebug-prefix-map=/build/r-base-jbaK_j/r-base-3.6.3=. -fstack-protector-strong -Wformat -Werror=format-security -Wdate-time -D_FORTIFY_SOURCE=2 -g  -c cmark/arena.c -o cmark/arena.o
gcc -std=gnu99 -I"/usr/share/R/include" -DNDEBUG -Icmark -I. -DCMARK_GFM_STATIC_DEFINE -DCMARK_GFM_EXTENSIONS_STATIC_DEFINE -DR_NO_REMAP -DSTRICT_R_HEADERS   -fvisibility=hidden -fpic  -g -O2 -fdebug-prefix-map=/build/r-base-jbaK_j/r-base-3.6.3=. -fstack-protector-strong -Wformat -Werror=format-security -Wdate-time -D_FORTIFY_SOURCE=2 -g  -c cmark/linked_list.c -o cmark/linked_list.o
gcc -std=gnu99 -I"/usr/share/R/include" -DNDEBUG -Icmark -I. -DCMARK_GFM_STATIC_DEFINE -DCMARK_GFM_EXTENSIONS_STATIC_DEFINE -DR_NO_REMAP -DSTRICT_R_HEADERS   -fvisibility=hidden -fpic  -g -O2 -fdebug-prefix-map=/build/r-base-jbaK_j/r-base-3.6.3=. -fstack-protector-strong -Wformat -Werror=format-security -Wdate-time -D_FORTIFY_SOURCE=2 -g  -c cmark/plugin.c -o cmark/plugin.o
gcc -std=gnu99 -I"/usr/share/R/include" -DNDEBUG -Icmark -I. -DCMARK_GFM_STATIC_DEFINE -DCMARK_GFM_EXTENSIONS_STATIC_DEFINE -DR_NO_REMAP -DSTRICT_R_HEADERS   -fvisibility=hidden -fpic  -g -O2 -fdebug-prefix-map=/build/r-base-jbaK_j/r-base-3.6.3=. -fstack-protector-strong -Wformat -Werror=format-security -Wdate-time -D_FORTIFY_SOURCE=2 -g  -c cmark/registry.c -o cmark/registry.o
gcc -std=gnu99 -I"/usr/share/R/include" -DNDEBUG -Icmark -I. -DCMARK_GFM_STATIC_DEFINE -DCMARK_GFM_EXTENSIONS_STATIC_DEFINE -DR_NO_REMAP -DSTRICT_R_HEADERS   -fvisibility=hidden -fpic  -g -O2 -fdebug-prefix-map=/build/r-base-jbaK_j/r-base-3.6.3=. -fstack-protector-strong -Wformat -Werror=format-security -Wdate-time -D_FORTIFY_SOURCE=2 -g  -c cmark/syntax_extension.c -o cmark/syntax_extension.o
gcc -std=gnu99 -I"/usr/share/R/include" -DNDEBUG -Icmark -I. -DCMARK_GFM_STATIC_DEFINE -DCMARK_GFM_EXTENSIONS_STATIC_DEFINE -DR_NO_REMAP -DSTRICT_R_HEADERS   -fvisibility=hidden -fpic  -g -O2 -fdebug-prefix-map=/build/r-base-jbaK_j/r-base-3.6.3=. -fstack-protector-strong -Wformat -Werror=format-security -Wdate-time -D_FORTIFY_SOURCE=2 -g  -c cmark/plaintext.c -o cmark/plaintext.o
gcc -std=gnu99 -I"/usr/share/R/include" -DNDEBUG -Icmark -I. -DCMARK_GFM_STATIC_DEFINE -DCMARK_GFM_EXTENSIONS_STATIC_DEFINE -DR_NO_REMAP -DSTRICT_R_HEADERS   -fvisibility=hidden -fpic  -g -O2 -fdebug-prefix-map=/build/r-base-jbaK_j/r-base-3.6.3=. -fstack-protector-strong -Wformat -Werror=format-security -Wdate-time -D_FORTIFY_SOURCE=2 -g  -c cmark/footnotes.c -o cmark/footnotes.o
gcc -std=gnu99 -I"/usr/share/R/include" -DNDEBUG -Icmark -I. -DCMARK_GFM_STATIC_DEFINE -DCMARK_GFM_EXTENSIONS_STATIC_DEFINE -DR_NO_REMAP -DSTRICT_R_HEADERS   -fvisibility=hidden -fpic  -g -O2 -fdebug-prefix-map=/build/r-base-jbaK_j/r-base-3.6.3=. -fstack-protector-strong -Wformat -Werror=format-security -Wdate-time -D_FORTIFY_SOURCE=2 -g  -c cmark/map.c -o cmark/map.o
gcc -std=gnu99 -I"/usr/share/R/include" -DNDEBUG -Icmark -I. -DCMARK_GFM_STATIC_DEFINE -DCMARK_GFM_EXTENSIONS_STATIC_DEFINE -DR_NO_REMAP -DSTRICT_R_HEADERS   -fvisibility=hidden -fpic  -g -O2 -fdebug-prefix-map=/build/r-base-jbaK_j/r-base-3.6.3=. -fstack-protector-strong -Wformat -Werror=format-security -Wdate-time -D_FORTIFY_SOURCE=2 -g  -c extensions/autolink.c -o extensions/autolink.o
gcc -std=gnu99 -I"/usr/share/R/include" -DNDEBUG -Icmark -I. -DCMARK_GFM_STATIC_DEFINE -DCMARK_GFM_EXTENSIONS_STATIC_DEFINE -DR_NO_REMAP -DSTRICT_R_HEADERS   -fvisibility=hidden -fpic  -g -O2 -fdebug-prefix-map=/build/r-base-jbaK_j/r-base-3.6.3=. -fstack-protector-strong -Wformat -Werror=format-security -Wdate-time -D_FORTIFY_SOURCE=2 -g  -c extensions/core-extensions.c -o extensions/core-extensions.o
gcc -std=gnu99 -I"/usr/share/R/include" -DNDEBUG -Icmark -I. -DCMARK_GFM_STATIC_DEFINE -DCMARK_GFM_EXTENSIONS_STATIC_DEFINE -DR_NO_REMAP -DSTRICT_R_HEADERS   -fvisibility=hidden -fpic  -g -O2 -fdebug-prefix-map=/build/r-base-jbaK_j/r-base-3.6.3=. -fstack-protector-strong -Wformat -Werror=format-security -Wdate-time -D_FORTIFY_SOURCE=2 -g  -c extensions/ext_scanners.c -o extensions/ext_scanners.o
gcc -std=gnu99 -I"/usr/share/R/include" -DNDEBUG -Icmark -I. -DCMARK_GFM_STATIC_DEFINE -DCMARK_GFM_EXTENSIONS_STATIC_DEFINE -DR_NO_REMAP -DSTRICT_R_HEADERS   -fvisibility=hidden -fpic  -g -O2 -fdebug-prefix-map=/build/r-base-jbaK_j/r-base-3.6.3=. -fstack-protector-strong -Wformat -Werror=format-security -Wdate-time -D_FORTIFY_SOURCE=2 -g  -c extensions/strikethrough.c -o extensions/strikethrough.o
gcc -std=gnu99 -I"/usr/share/R/include" -DNDEBUG -Icmark -I. -DCMARK_GFM_STATIC_DEFINE -DCMARK_GFM_EXTENSIONS_STATIC_DEFINE -DR_NO_REMAP -DSTRICT_R_HEADERS   -fvisibility=hidden -fpic  -g -O2 -fdebug-prefix-map=/build/r-base-jbaK_j/r-base-3.6.3=. -fstack-protector-strong -Wformat -Werror=format-security -Wdate-time -D_FORTIFY_SOURCE=2 -g  -c extensions/table.c -o extensions/table.o
gcc -std=gnu99 -I"/usr/share/R/include" -DNDEBUG -Icmark -I. -DCMARK_GFM_STATIC_DEFINE -DCMARK_GFM_EXTENSIONS_STATIC_DEFINE -DR_NO_REMAP -DSTRICT_R_HEADERS   -fvisibility=hidden -fpic  -g -O2 -fdebug-prefix-map=/build/r-base-jbaK_j/r-base-3.6.3=. -fstack-protector-strong -Wformat -Werror=format-security -Wdate-time -D_FORTIFY_SOURCE=2 -g  -c extensions/tagfilter.c -o extensions/tagfilter.o
ar rcs cmark/libstatcmark.a cmark/cmark.o cmark/node.o cmark/iterator.o cmark/blocks.o cmark/inlines.o cmark/scanners.o cmark/utf8.o cmark/buffer.o cmark/references.o cmark/render.o cmark/man.o cmark/xml.o cmark/html.o cmark/commonmark.o cmark/latex.o cmark/houdini_href_e.o cmark/houdini_html_e.o cmark/houdini_html_u.o cmark/cmark_ctype.o cmark/arena.o cmark/html.o cmark/linked_list.o cmark/plugin.o cmark/registry.o cmark/syntax_extension.o cmark/plaintext.o cmark/footnotes.o cmark/map.o extensions/autolink.o extensions/core-extensions.o extensions/ext_scanners.o extensions/strikethrough.o extensions/table.o extensions/tagfilter.o
gcc -std=gnu99 -shared -L/usr/lib/R/lib -Wl,-Bsymbolic-functions -Wl,-z,relro -o commonmark.so extensions.o init.o wrapper.o -Lcmark -lstatcmark -L/usr/lib/R/lib -lR
[91minstalling to /usr/local/lib/R/site-library/00LOCK-commonmark/00new/commonmark/libs
[0m[91m** R
[0m[91m** byte-compile and prepare package for lazy loading
[0m[91m** help
[0m[91m*** installing help indices
[0m[91m** building package indices
[0m[91m** testing if installed package can be loaded from temporary location
[0m[91m** checking absolute paths in shared objects and dynamic libraries
[0m[91m** testing if installed package can be loaded from final location
[0m[91m** testing if installed package keeps a record of temporary installation path
[0m[91m* DONE (commonmark)
[0m[91m* installing *source* package 'htmltools' ...
[0m[91m** package 'htmltools' successfully unpacked and MD5 sums checked
[0m[91m** using staged installation
[0m[91m** libs
[0mgcc -std=gnu99 -I"/usr/share/R/include" -DNDEBUG     -fpic  -g -O2 -fdebug-prefix-map=/build/r-base-jbaK_j/r-base-3.6.3=. -fstack-protector-strong -Wformat -Werror=format-security -Wdate-time -D_FORTIFY_SOURCE=2 -g  -c init.c -o init.o
gcc -std=gnu99 -I"/usr/share/R/include" -DNDEBUG     -fpic  -g -O2 -fdebug-prefix-map=/build/r-base-jbaK_j/r-base-3.6.3=. -fstack-protector-strong -Wformat -Werror=format-security -Wdate-time -D_FORTIFY_SOURCE=2 -g  -c template.c -o template.o
gcc -std=gnu99 -shared -L/usr/lib/R/lib -Wl,-Bsymbolic-functions -Wl,-z,relro -o htmltools.so init.o template.o -L/usr/lib/R/lib -lR
[91minstalling to /usr/local/lib/R/site-library/00LOCK-htmltools/00new/htmltools/libs
[0m[91m** R
[0m[91m** byte-compile and prepare package for lazy loading
[0m[91m** help
[0m[91m*** installing help indices
[0m[91m** building package indices
[0m[91m** testing if installed package can be loaded from temporary location
[0m[91m** checking absolute paths in shared objects and dynamic libraries
[0m[91m** testing if installed package can be loaded from final location
[0m[91m** testing if installed package keeps a record of temporary installation path
[0m[91m* DONE (htmltools)
[0m[91m* installing *source* package 'promises' ...
[0m[91m** package 'promises' successfully unpacked and MD5 sums checked
[0m[91m** using staged installation
[0m[91m** libs
[0mg++ -std=gnu++11 -I"/usr/share/R/include" -DNDEBUG  -I"/usr/local/lib/R/site-library/later/include" -I"/usr/local/lib/R/site-library/Rcpp/include"   -fpic  -g -O2 -fdebug-prefix-map=/build/r-base-jbaK_j/r-base-3.6.3=. -fstack-protector-strong -Wformat -Werror=format-security -Wdate-time -D_FORTIFY_SOURCE=2 -g  -c RcppExports.cpp -o RcppExports.o
g++ -std=gnu++11 -I"/usr/share/R/include" -DNDEBUG  -I"/usr/local/lib/R/site-library/later/include" -I"/usr/local/lib/R/site-library/Rcpp/include"   -fpic  -g -O2 -fdebug-prefix-map=/build/r-base-jbaK_j/r-base-3.6.3=. -fstack-protector-strong -Wformat -Werror=format-security -Wdate-time -D_FORTIFY_SOURCE=2 -g  -c promise_task.cpp -o promise_task.o
g++ -std=gnu++11 -shared -L/usr/lib/R/lib -Wl,-Bsymbolic-functions -Wl,-z,relro -o promises.so RcppExports.o promise_task.o -L/usr/lib/R/lib -lR
[91minstalling to /usr/local/lib/R/site-library/00LOCK-promises/00new/promises/libs
[0m[91m** R
[0m[91m** inst
[0m[91m** byte-compile and prepare package for lazy loading
[0m[91m** help
[0m[91m*** installing help indices
[0m[91m*** copying figures
[0m[91m** building package indices
[0m[91m** installing vignettes
[0m[91m** testing if installed package can be loaded from temporary location
[0m[91m** checking absolute paths in shared objects and dynamic libraries
[0m[91m** testing if installed package can be loaded from final location
[0m[91m** testing if installed package keeps a record of temporary installation path
[0m[91m* DONE (promises)
[0m[91m* installing *source* package 'sass' ...
[0m[91m** package 'sass' successfully unpacked and MD5 sums checked
[0m[91m** using staged installation
[0m[91m** libs
[0m[91m/usr/share/R/share/make/shlib.mk:14: warning: overriding recipe for target 'shlib-clean'
[0m[91mMakevars:12: warning: ignoring old recipe for target 'shlib-clean'
[0mgcc -std=gnu99 -I"/usr/share/R/include" -DNDEBUG -I./libsass/include    -fpic  -g -O2 -fdebug-prefix-map=/build/r-base-jbaK_j/r-base-3.6.3=. -fstack-protector-strong -Wformat -Werror=format-security -Wdate-time -D_FORTIFY_SOURCE=2 -g  -c compile.c -o compile.o
gcc -std=gnu99 -I"/usr/share/R/include" -DNDEBUG -I./libsass/include    -fpic  -g -O2 -fdebug-prefix-map=/build/r-base-jbaK_j/r-base-3.6.3=. -fstack-protector-strong -Wformat -Werror=format-security -Wdate-time -D_FORTIFY_SOURCE=2 -g  -c init.c -o init.o
MAKEFLAGS= CC="gcc -std=gnu99" CFLAGS="-g -O2 -fdebug-prefix-map=/build/r-base-jbaK_j/r-base-3.6.3=. -fstack-protector-strong -Wformat -Werror=format-security -Wdate-time -D_FORTIFY_SOURCE=2 -g " CXX="g++ -std=gnu++11" AR="ar" LDFLAGS="-Wl,-Bsymbolic-functions -Wl,-z,relro" make -C libsass
make[1]: Entering directory '/tmp/RtmpRM4WxV/R.INSTALL409d780576f1/sass/src/libsass'
gcc -std=gnu99 -g -O2 -fdebug-prefix-map=/build/r-base-jbaK_j/r-base-3.6.3=. -fstack-protector-strong -Wformat -Werror=format-security -Wdate-time -D_FORTIFY_SOURCE=2 -g  -O2 -I ./include  -fPIC -c -o src/cencode.o src/cencode.c
g++ -std=gnu++11 -Wall -O2 -std=c++11 -I ./include  -fPIC -c -o src/ast.o src/ast.cpp
g++ -std=gnu++11 -Wall -O2 -std=c++11 -I ./include  -fPIC -c -o src/ast_values.o src/ast_values.cpp
g++ -std=gnu++11 -Wall -O2 -std=c++11 -I ./include  -fPIC -c -o src/ast_supports.o src/ast_supports.cpp
g++ -std=gnu++11 -Wall -O2 -std=c++11 -I ./include  -fPIC -c -o src/ast_sel_cmp.o src/ast_sel_cmp.cpp
g++ -std=gnu++11 -Wall -O2 -std=c++11 -I ./include  -fPIC -c -o src/ast_sel_unify.o src/ast_sel_unify.cpp
g++ -std=gnu++11 -Wall -O2 -std=c++11 -I ./include  -fPIC -c -o src/ast_sel_super.o src/ast_sel_super.cpp
g++ -std=gnu++11 -Wall -O2 -std=c++11 -I ./include  -fPIC -c -o src/ast_sel_weave.o src/ast_sel_weave.cpp
g++ -std=gnu++11 -Wall -O2 -std=c++11 -I ./include  -fPIC -c -o src/ast_selectors.o src/ast_selectors.cpp
g++ -std=gnu++11 -Wall -O2 -std=c++11 -I ./include  -fPIC -c -o src/context.o src/context.cpp
g++ -std=gnu++11 -Wall -O2 -std=c++11 -I ./include  -fPIC -c -o src/constants.o src/constants.cpp
g++ -std=gnu++11 -Wall -O2 -std=c++11 -I ./include  -fPIC -c -o src/fn_utils.o src/fn_utils.cpp
g++ -std=gnu++11 -Wall -O2 -std=c++11 -I ./include  -fPIC -c -o src/fn_miscs.o src/fn_miscs.cpp
g++ -std=gnu++11 -Wall -O2 -std=c++11 -I ./include  -fPIC -c -o src/fn_maps.o src/fn_maps.cpp
g++ -std=gnu++11 -Wall -O2 -std=c++11 -I ./include  -fPIC -c -o src/fn_lists.o src/fn_lists.cpp
g++ -std=gnu++11 -Wall -O2 -std=c++11 -I ./include  -fPIC -c -o src/fn_colors.o src/fn_colors.cpp
g++ -std=gnu++11 -Wall -O2 -std=c++11 -I ./include  -fPIC -c -o src/fn_numbers.o src/fn_numbers.cpp
g++ -std=gnu++11 -Wall -O2 -std=c++11 -I ./include  -fPIC -c -o src/fn_strings.o src/fn_strings.cpp
g++ -std=gnu++11 -Wall -O2 -std=c++11 -I ./include  -fPIC -c -o src/fn_selectors.o src/fn_selectors.cpp
g++ -std=gnu++11 -Wall -O2 -std=c++11 -I ./include  -fPIC -c -o src/color_maps.o src/color_maps.cpp
g++ -std=gnu++11 -Wall -O2 -std=c++11 -I ./include  -fPIC -c -o src/environment.o src/environment.cpp
g++ -std=gnu++11 -Wall -O2 -std=c++11 -I ./include  -fPIC -c -o src/ast_fwd_decl.o src/ast_fwd_decl.cpp
g++ -std=gnu++11 -Wall -O2 -std=c++11 -I ./include  -fPIC -c -o src/bind.o src/bind.cpp
g++ -std=gnu++11 -Wall -O2 -std=c++11 -I ./include  -fPIC -c -o src/file.o src/file.cpp
g++ -std=gnu++11 -Wall -O2 -std=c++11 -I ./include  -fPIC -c -o src/util.o src/util.cpp
g++ -std=gnu++11 -Wall -O2 -std=c++11 -I ./include  -fPIC -c -o src/util_string.o src/util_string.cpp
g++ -std=gnu++11 -Wall -O2 -std=c++11 -I ./include  -fPIC -c -o src/json.o src/json.cpp
g++ -std=gnu++11 -Wall -O2 -std=c++11 -I ./include  -fPIC -c -o src/units.o src/units.cpp
g++ -std=gnu++11 -Wall -O2 -std=c++11 -I ./include  -fPIC -c -o src/values.o src/values.cpp
g++ -std=gnu++11 -Wall -O2 -std=c++11 -I ./include  -fPIC -c -o src/plugins.o src/plugins.cpp
g++ -std=gnu++11 -Wall -O2 -std=c++11 -I ./include  -fPIC -c -o src/source.o src/source.cpp
g++ -std=gnu++11 -Wall -O2 -std=c++11 -I ./include  -fPIC -c -o src/position.o src/position.cpp
g++ -std=gnu++11 -Wall -O2 -std=c++11 -I ./include  -fPIC -c -o src/lexer.o src/lexer.cpp
g++ -std=gnu++11 -Wall -O2 -std=c++11 -I ./include  -fPIC -c -o src/parser.o src/parser.cpp
g++ -std=gnu++11 -Wall -O2 -std=c++11 -I ./include  -fPIC -c -o src/parser_selectors.o src/parser_selectors.cpp
g++ -std=gnu++11 -Wall -O2 -std=c++11 -I ./include  -fPIC -c -o src/prelexer.o src/prelexer.cpp
g++ -std=gnu++11 -Wall -O2 -std=c++11 -I ./include  -fPIC -c -o src/eval.o src/eval.cpp
g++ -std=gnu++11 -Wall -O2 -std=c++11 -I ./include  -fPIC -c -o src/eval_selectors.o src/eval_selectors.cpp
g++ -std=gnu++11 -Wall -O2 -std=c++11 -I ./include  -fPIC -c -o src/expand.o src/expand.cpp
g++ -std=gnu++11 -Wall -O2 -std=c++11 -I ./include  -fPIC -c -o src/listize.o src/listize.cpp
g++ -std=gnu++11 -Wall -O2 -std=c++11 -I ./include  -fPIC -c -o src/cssize.o src/cssize.cpp
g++ -std=gnu++11 -Wall -O2 -std=c++11 -I ./include  -fPIC -c -o src/extender.o src/extender.cpp
g++ -std=gnu++11 -Wall -O2 -std=c++11 -I ./include  -fPIC -c -o src/extension.o src/extension.cpp
g++ -std=gnu++11 -Wall -O2 -std=c++11 -I ./include  -fPIC -c -o src/stylesheet.o src/stylesheet.cpp
g++ -std=gnu++11 -Wall -O2 -std=c++11 -I ./include  -fPIC -c -o src/output.o src/output.cpp
g++ -std=gnu++11 -Wall -O2 -std=c++11 -I ./include  -fPIC -c -o src/inspect.o src/inspect.cpp
g++ -std=gnu++11 -Wall -O2 -std=c++11 -I ./include  -fPIC -c -o src/emitter.o src/emitter.cpp
g++ -std=gnu++11 -Wall -O2 -std=c++11 -I ./include  -fPIC -c -o src/check_nesting.o src/check_nesting.cpp
g++ -std=gnu++11 -Wall -O2 -std=c++11 -I ./include  -fPIC -c -o src/remove_placeholders.o src/remove_placeholders.cpp
g++ -std=gnu++11 -Wall -O2 -std=c++11 -I ./include  -fPIC -c -o src/sass.o src/sass.cpp
g++ -std=gnu++11 -Wall -O2 -std=c++11 -I ./include  -fPIC -c -o src/sass_values.o src/sass_values.cpp
g++ -std=gnu++11 -Wall -O2 -std=c++11 -I ./include  -fPIC -c -o src/sass_context.o src/sass_context.cpp
g++ -std=gnu++11 -Wall -O2 -std=c++11 -I ./include  -fPIC -c -o src/sass_functions.o src/sass_functions.cpp
g++ -std=gnu++11 -Wall -O2 -std=c++11 -I ./include  -fPIC -c -o src/sass2scss.o src/sass2scss.cpp
g++ -std=gnu++11 -Wall -O2 -std=c++11 -I ./include  -fPIC -c -o src/backtrace.o src/backtrace.cpp
g++ -std=gnu++11 -Wall -O2 -std=c++11 -I ./include  -fPIC -c -o src/operators.o src/operators.cpp
g++ -std=gnu++11 -Wall -O2 -std=c++11 -I ./include  -fPIC -c -o src/ast2c.o src/ast2c.cpp
g++ -std=gnu++11 -Wall -O2 -std=c++11 -I ./include  -fPIC -c -o src/c2ast.o src/c2ast.cpp
g++ -std=gnu++11 -Wall -O2 -std=c++11 -I ./include  -fPIC -c -o src/to_value.o src/to_value.cpp
g++ -std=gnu++11 -Wall -O2 -std=c++11 -I ./include  -fPIC -c -o src/source_map.o src/source_map.cpp
g++ -std=gnu++11 -Wall -O2 -std=c++11 -I ./include  -fPIC -c -o src/error_handling.o src/error_handling.cpp
g++ -std=gnu++11 -Wall -O2 -std=c++11 -I ./include  -fPIC -c -o src/memory/allocator.o src/memory/allocator.cpp
g++ -std=gnu++11 -Wall -O2 -std=c++11 -I ./include  -fPIC -c -o src/memory/shared_ptr.o src/memory/shared_ptr.cpp
g++ -std=gnu++11 -Wall -O2 -std=c++11 -I ./include  -fPIC -c -o src/utf8_string.o src/utf8_string.cpp
g++ -std=gnu++11 -Wall -O2 -std=c++11 -I ./include  -fPIC -c -o src/base64vlq.o src/base64vlq.cpp
mkdir lib
ar rcvs lib/libsass.a src/cencode.o src/ast.o src/ast_values.o src/ast_supports.o src/ast_sel_cmp.o src/ast_sel_unify.o src/ast_sel_super.o src/ast_sel_weave.o src/ast_selectors.o src/context.o src/constants.o src/fn_utils.o src/fn_miscs.o src/fn_maps.o src/fn_lists.o src/fn_colors.o src/fn_numbers.o src/fn_strings.o src/fn_selectors.o src/color_maps.o src/environment.o src/ast_fwd_decl.o src/bind.o src/file.o src/util.o src/util_string.o src/json.o src/units.o src/values.o src/plugins.o src/source.o src/position.o src/lexer.o src/parser.o src/parser_selectors.o src/prelexer.o src/eval.o src/eval_selectors.o src/expand.o src/listize.o src/cssize.o src/extender.o src/extension.o src/stylesheet.o src/output.o src/inspect.o src/emitter.o src/check_nesting.o src/remove_placeholders.o src/sass.o src/sass_values.o src/sass_context.o src/sass_functions.o src/sass2scss.o src/backtrace.o src/operators.o src/ast2c.o src/c2ast.o src/to_value.o src/source_map.o src/error_handling.o src/memory/allocator.o src/memory/shared_ptr.o src/utf8_string.o src/base64vlq.o
a - src/cencode.o
a - src/ast.o
a - src/ast_values.o
a - src/ast_supports.o
a - src/ast_sel_cmp.o
a - src/ast_sel_unify.o
a - src/ast_sel_super.o
a - src/ast_sel_weave.o
a - src/ast_selectors.o
a - src/context.o
a - src/constants.o
a - src/fn_utils.o
a - src/fn_miscs.o
a - src/fn_maps.o
a - src/fn_lists.o
a - src/fn_colors.o
a - src/fn_numbers.o
a - src/fn_strings.o
a - src/fn_selectors.o
a - src/color_maps.o
a - src/environment.o
a - src/ast_fwd_decl.o
a - src/bind.o
a - src/file.o
a - src/util.o
a - src/util_string.o
a - src/json.o
a - src/units.o
a - src/values.o
a - src/plugins.o
a - src/source.o
a - src/position.o
a - src/lexer.o
a - src/parser.o
a - src/parser_selectors.o
a - src/prelexer.o
a - src/eval.o
a - src/eval_selectors.o
a - src/expand.o
a - src/listize.o
a - src/cssize.o
a - src/extender.o
a - src/extension.o
a - src/stylesheet.o
a - src/output.o
a - src/inspect.o
a - src/emitter.o
a - src/check_nesting.o
a - src/remove_placeholders.o
a - src/sass.o
a - src/sass_values.o
a - src/sass_context.o
a - src/sass_functions.o
a - src/sass2scss.o
a - src/backtrace.o
a - src/operators.o
a - src/ast2c.o
a - src/c2ast.o
a - src/to_value.o
a - src/source_map.o
a - src/error_handling.o
a - src/memory/allocator.o
a - src/memory/shared_ptr.o
a - src/utf8_string.o
a - src/base64vlq.o
make[1]: Leaving directory '/tmp/RtmpRM4WxV/R.INSTALL409d780576f1/sass/src/libsass'
gcc -std=gnu99 -shared -L/usr/lib/R/lib -Wl,-Bsymbolic-functions -Wl,-z,relro -o sass.so compile.o init.o ./libsass/lib/libsass.a -lstdc++ -L/usr/lib/R/lib -lR
[91minstalling to /usr/local/lib/R/site-library/00LOCK-sass/00new/sass/libs
[0m[91m** R
[0m[91m** inst
[0m[91m** byte-compile and prepare package for lazy loading
[0m[91m** help
[0m[91m*** installing help indices
[0m[91m*** copying figures
[0m[91m** building package indices
[0m[91m** installing vignettes
[0m[91m** testing if installed package can be loaded from temporary location
[0m[91m** checking absolute paths in shared objects and dynamic libraries
[0m[91m** testing if installed package can be loaded from final location
[0m[91m** testing if installed package keeps a record of temporary installation path
[0m[91m* DONE (sass)
[0m[91m* installing *source* package 'jquerylib' ...
[0m[91m** package 'jquerylib' successfully unpacked and MD5 sums checked
[0m[91m** using staged installation
[0m[91m** R
[0m[91m** inst
[0m[91m** byte-compile and prepare package for lazy loading
[0m[91m** help
[0m[91m*** installing help indices
[0m[91m** building package indices
[0m[91m** testing if installed package can be loaded from temporary location
[0m[91m** testing if installed package can be loaded from final location
[0m[91m** testing if installed package keeps a record of temporary installation path
[0m[91m* DONE (jquerylib)
[0m[91m* installing *source* package 'httpuv' ...
[0m[91m** package 'httpuv' successfully unpacked and MD5 sums checked
[0m[91m** using staged installation
[0m[91m** libs
[0mg++ -std=gnu++11 -I"/usr/share/R/include" -DNDEBUG -Ilibuv/include -pthread -I"/usr/local/lib/R/site-library/Rcpp/include" -I"/usr/local/lib/R/site-library/later/include"  -fvisibility=hidden -DSTRICT_R_HEADERS -fpic  -g -O2 -fdebug-prefix-map=/build/r-base-jbaK_j/r-base-3.6.3=. -fstack-protector-strong -Wformat -Werror=format-security -Wdate-time -D_FORTIFY_SOURCE=2 -g  -c RcppExports-legacy.cpp -o RcppExports-legacy.o
g++ -std=gnu++11 -I"/usr/share/R/include" -DNDEBUG -Ilibuv/include -pthread -I"/usr/local/lib/R/site-library/Rcpp/include" -I"/usr/local/lib/R/site-library/later/include"  -fvisibility=hidden -DSTRICT_R_HEADERS -fpic  -g -O2 -fdebug-prefix-map=/build/r-base-jbaK_j/r-base-3.6.3=. -fstack-protector-strong -Wformat -Werror=format-security -Wdate-time -D_FORTIFY_SOURCE=2 -g  -c RcppExports.cpp -o RcppExports.o
g++ -std=gnu++11 -I"/usr/share/R/include" -DNDEBUG -Ilibuv/include -pthread -I"/usr/local/lib/R/site-library/Rcpp/include" -I"/usr/local/lib/R/site-library/later/include"  -fvisibility=hidden -DSTRICT_R_HEADERS -fpic  -g -O2 -fdebug-prefix-map=/build/r-base-jbaK_j/r-base-3.6.3=. -fstack-protector-strong -Wformat -Werror=format-security -Wdate-time -D_FORTIFY_SOURCE=2 -g  -c callback.cpp -o callback.o
g++ -std=gnu++11 -I"/usr/share/R/include" -DNDEBUG -Ilibuv/include -pthread -I"/usr/local/lib/R/site-library/Rcpp/include" -I"/usr/local/lib/R/site-library/later/include"  -fvisibility=hidden -DSTRICT_R_HEADERS -fpic  -g -O2 -fdebug-prefix-map=/build/r-base-jbaK_j/r-base-3.6.3=. -fstack-protector-strong -Wformat -Werror=format-security -Wdate-time -D_FORTIFY_SOURCE=2 -g  -c callbackqueue.cpp -o callbackqueue.o
g++ -std=gnu++11 -I"/usr/share/R/include" -DNDEBUG -Ilibuv/include -pthread -I"/usr/local/lib/R/site-library/Rcpp/include" -I"/usr/local/lib/R/site-library/later/include"  -fvisibility=hidden -DSTRICT_R_HEADERS -fpic  -g -O2 -fdebug-prefix-map=/build/r-base-jbaK_j/r-base-3.6.3=. -fstack-protector-strong -Wformat -Werror=format-security -Wdate-time -D_FORTIFY_SOURCE=2 -g  -c filedatasource-unix.cpp -o filedatasource-unix.o
g++ -std=gnu++11 -I"/usr/share/R/include" -DNDEBUG -Ilibuv/include -pthread -I"/usr/local/lib/R/site-library/Rcpp/include" -I"/usr/local/lib/R/site-library/later/include"  -fvisibility=hidden -DSTRICT_R_HEADERS -fpic  -g -O2 -fdebug-prefix-map=/build/r-base-jbaK_j/r-base-3.6.3=. -fstack-protector-strong -Wformat -Werror=format-security -Wdate-time -D_FORTIFY_SOURCE=2 -g  -c filedatasource-win.cpp -o filedatasource-win.o
g++ -std=gnu++11 -I"/usr/share/R/include" -DNDEBUG -Ilibuv/include -pthread -I"/usr/local/lib/R/site-library/Rcpp/include" -I"/usr/local/lib/R/site-library/later/include"  -fvisibility=hidden -DSTRICT_R_HEADERS -fpic  -g -O2 -fdebug-prefix-map=/build/r-base-jbaK_j/r-base-3.6.3=. -fstack-protector-strong -Wformat -Werror=format-security -Wdate-time -D_FORTIFY_SOURCE=2 -g  -c fs.cpp -o fs.o
g++ -std=gnu++11 -I"/usr/share/R/include" -DNDEBUG -Ilibuv/include -pthread -I"/usr/local/lib/R/site-library/Rcpp/include" -I"/usr/local/lib/R/site-library/later/include"  -fvisibility=hidden -DSTRICT_R_HEADERS -fpic  -g -O2 -fdebug-prefix-map=/build/r-base-jbaK_j/r-base-3.6.3=. -fstack-protector-strong -Wformat -Werror=format-security -Wdate-time -D_FORTIFY_SOURCE=2 -g  -c http.cpp -o http.o
g++ -std=gnu++11 -I"/usr/share/R/include" -DNDEBUG -Ilibuv/include -pthread -I"/usr/local/lib/R/site-library/Rcpp/include" -I"/usr/local/lib/R/site-library/later/include"  -fvisibility=hidden -DSTRICT_R_HEADERS -fpic  -g -O2 -fdebug-prefix-map=/build/r-base-jbaK_j/r-base-3.6.3=. -fstack-protector-strong -Wformat -Werror=format-security -Wdate-time -D_FORTIFY_SOURCE=2 -g  -c httprequest.cpp -o httprequest.o
g++ -std=gnu++11 -I"/usr/share/R/include" -DNDEBUG -Ilibuv/include -pthread -I"/usr/local/lib/R/site-library/Rcpp/include" -I"/usr/local/lib/R/site-library/later/include"  -fvisibility=hidden -DSTRICT_R_HEADERS -fpic  -g -O2 -fdebug-prefix-map=/build/r-base-jbaK_j/r-base-3.6.3=. -fstack-protector-strong -Wformat -Werror=format-security -Wdate-time -D_FORTIFY_SOURCE=2 -g  -c httpresponse.cpp -o httpresponse.o
g++ -std=gnu++11 -I"/usr/share/R/include" -DNDEBUG -Ilibuv/include -pthread -I"/usr/local/lib/R/site-library/Rcpp/include" -I"/usr/local/lib/R/site-library/later/include"  -fvisibility=hidden -DSTRICT_R_HEADERS -fpic  -g -O2 -fdebug-prefix-map=/build/r-base-jbaK_j/r-base-3.6.3=. -fstack-protector-strong -Wformat -Werror=format-security -Wdate-time -D_FORTIFY_SOURCE=2 -g  -c httpuv.cpp -o httpuv.o
gcc -std=gnu99 -I"/usr/share/R/include" -DNDEBUG -Ilibuv/include -pthread -I"/usr/local/lib/R/site-library/Rcpp/include" -I"/usr/local/lib/R/site-library/later/include"  -fvisibility=hidden -DSTRICT_R_HEADERS -fpic  -g -O2 -fdebug-prefix-map=/build/r-base-jbaK_j/r-base-3.6.3=. -fstack-protector-strong -Wformat -Werror=format-security -Wdate-time -D_FORTIFY_SOURCE=2 -g  -c md5.c -o md5.o
g++ -std=gnu++11 -I"/usr/share/R/include" -DNDEBUG -Ilibuv/include -pthread -I"/usr/local/lib/R/site-library/Rcpp/include" -I"/usr/local/lib/R/site-library/later/include"  -fvisibility=hidden -DSTRICT_R_HEADERS -fpic  -g -O2 -fdebug-prefix-map=/build/r-base-jbaK_j/r-base-3.6.3=. -fstack-protector-strong -Wformat -Werror=format-security -Wdate-time -D_FORTIFY_SOURCE=2 -g  -c mime.cpp -o mime.o
gcc -std=gnu99 -I"/usr/share/R/include" -DNDEBUG -Ilibuv/include -pthread -I"/usr/local/lib/R/site-library/Rcpp/include" -I"/usr/local/lib/R/site-library/later/include"  -fvisibility=hidden -DSTRICT_R_HEADERS -fpic  -g -O2 -fdebug-prefix-map=/build/r-base-jbaK_j/r-base-3.6.3=. -fstack-protector-strong -Wformat -Werror=format-security -Wdate-time -D_FORTIFY_SOURCE=2 -g  -c set_invalid_parameter.c -o set_invalid_parameter.o
g++ -std=gnu++11 -I"/usr/share/R/include" -DNDEBUG -Ilibuv/include -pthread -I"/usr/local/lib/R/site-library/Rcpp/include" -I"/usr/local/lib/R/site-library/later/include"  -fvisibility=hidden -DSTRICT_R_HEADERS -fpic  -g -O2 -fdebug-prefix-map=/build/r-base-jbaK_j/r-base-3.6.3=. -fstack-protector-strong -Wformat -Werror=format-security -Wdate-time -D_FORTIFY_SOURCE=2 -g  -c socket.cpp -o socket.o
g++ -std=gnu++11 -I"/usr/share/R/include" -DNDEBUG -Ilibuv/include -pthread -I"/usr/local/lib/R/site-library/Rcpp/include" -I"/usr/local/lib/R/site-library/later/include"  -fvisibility=hidden -DSTRICT_R_HEADERS -fpic  -g -O2 -fdebug-prefix-map=/build/r-base-jbaK_j/r-base-3.6.3=. -fstack-protector-strong -Wformat -Werror=format-security -Wdate-time -D_FORTIFY_SOURCE=2 -g  -c staticpath.cpp -o staticpath.o
g++ -std=gnu++11 -I"/usr/share/R/include" -DNDEBUG -Ilibuv/include -pthread -I"/usr/local/lib/R/site-library/Rcpp/include" -I"/usr/local/lib/R/site-library/later/include"  -fvisibility=hidden -DSTRICT_R_HEADERS -fpic  -g -O2 -fdebug-prefix-map=/build/r-base-jbaK_j/r-base-3.6.3=. -fstack-protector-strong -Wformat -Werror=format-security -Wdate-time -D_FORTIFY_SOURCE=2 -g  -c thread.cpp -o thread.o
g++ -std=gnu++11 -I"/usr/share/R/include" -DNDEBUG -Ilibuv/include -pthread -I"/usr/local/lib/R/site-library/Rcpp/include" -I"/usr/local/lib/R/site-library/later/include"  -fvisibility=hidden -DSTRICT_R_HEADERS -fpic  -g -O2 -fdebug-prefix-map=/build/r-base-jbaK_j/r-base-3.6.3=. -fstack-protector-strong -Wformat -Werror=format-security -Wdate-time -D_FORTIFY_SOURCE=2 -g  -c timegm.cpp -o timegm.o
g++ -std=gnu++11 -I"/usr/share/R/include" -DNDEBUG -Ilibuv/include -pthread -I"/usr/local/lib/R/site-library/Rcpp/include" -I"/usr/local/lib/R/site-library/later/include"  -fvisibility=hidden -DSTRICT_R_HEADERS -fpic  -g -O2 -fdebug-prefix-map=/build/r-base-jbaK_j/r-base-3.6.3=. -fstack-protector-strong -Wformat -Werror=format-security -Wdate-time -D_FORTIFY_SOURCE=2 -g  -c utils.cpp -o utils.o
g++ -std=gnu++11 -I"/usr/share/R/include" -DNDEBUG -Ilibuv/include -pthread -I"/usr/local/lib/R/site-library/Rcpp/include" -I"/usr/local/lib/R/site-library/later/include"  -fvisibility=hidden -DSTRICT_R_HEADERS -fpic  -g -O2 -fdebug-prefix-map=/build/r-base-jbaK_j/r-base-3.6.3=. -fstack-protector-strong -Wformat -Werror=format-security -Wdate-time -D_FORTIFY_SOURCE=2 -g  -c uvutil.cpp -o uvutil.o
g++ -std=gnu++11 -I"/usr/share/R/include" -DNDEBUG -Ilibuv/include -pthread -I"/usr/local/lib/R/site-library/Rcpp/include" -I"/usr/local/lib/R/site-library/later/include"  -fvisibility=hidden -DSTRICT_R_HEADERS -fpic  -g -O2 -fdebug-prefix-map=/build/r-base-jbaK_j/r-base-3.6.3=. -fstack-protector-strong -Wformat -Werror=format-security -Wdate-time -D_FORTIFY_SOURCE=2 -g  -c webapplication.cpp -o webapplication.o
g++ -std=gnu++11 -I"/usr/share/R/include" -DNDEBUG -Ilibuv/include -pthread -I"/usr/local/lib/R/site-library/Rcpp/include" -I"/usr/local/lib/R/site-library/later/include"  -fvisibility=hidden -DSTRICT_R_HEADERS -fpic  -g -O2 -fdebug-prefix-map=/build/r-base-jbaK_j/r-base-3.6.3=. -fstack-protector-strong -Wformat -Werror=format-security -Wdate-time -D_FORTIFY_SOURCE=2 -g  -c websockets-base.cpp -o websockets-base.o
g++ -std=gnu++11 -I"/usr/share/R/include" -DNDEBUG -Ilibuv/include -pthread -I"/usr/local/lib/R/site-library/Rcpp/include" -I"/usr/local/lib/R/site-library/later/include"  -fvisibility=hidden -DSTRICT_R_HEADERS -fpic  -g -O2 -fdebug-prefix-map=/build/r-base-jbaK_j/r-base-3.6.3=. -fstack-protector-strong -Wformat -Werror=format-security -Wdate-time -D_FORTIFY_SOURCE=2 -g  -c websockets-hixie76.cpp -o websockets-hixie76.o
g++ -std=gnu++11 -I"/usr/share/R/include" -DNDEBUG -Ilibuv/include -pthread -I"/usr/local/lib/R/site-library/Rcpp/include" -I"/usr/local/lib/R/site-library/later/include"  -fvisibility=hidden -DSTRICT_R_HEADERS -fpic  -g -O2 -fdebug-prefix-map=/build/r-base-jbaK_j/r-base-3.6.3=. -fstack-protector-strong -Wformat -Werror=format-security -Wdate-time -D_FORTIFY_SOURCE=2 -g  -c websockets-hybi03.cpp -o websockets-hybi03.o
g++ -std=gnu++11 -I"/usr/share/R/include" -DNDEBUG -Ilibuv/include -pthread -I"/usr/local/lib/R/site-library/Rcpp/include" -I"/usr/local/lib/R/site-library/later/include"  -fvisibility=hidden -DSTRICT_R_HEADERS -fpic  -g -O2 -fdebug-prefix-map=/build/r-base-jbaK_j/r-base-3.6.3=. -fstack-protector-strong -Wformat -Werror=format-security -Wdate-time -D_FORTIFY_SOURCE=2 -g  -c websockets-ietf.cpp -o websockets-ietf.o
g++ -std=gnu++11 -I"/usr/share/R/include" -DNDEBUG -Ilibuv/include -pthread -I"/usr/local/lib/R/site-library/Rcpp/include" -I"/usr/local/lib/R/site-library/later/include"  -fvisibility=hidden -DSTRICT_R_HEADERS -fpic  -g -O2 -fdebug-prefix-map=/build/r-base-jbaK_j/r-base-3.6.3=. -fstack-protector-strong -Wformat -Werror=format-security -Wdate-time -D_FORTIFY_SOURCE=2 -g  -c websockets.cpp -o websockets.o
g++ -std=gnu++11 -I"/usr/share/R/include" -DNDEBUG -Ilibuv/include -pthread -I"/usr/local/lib/R/site-library/Rcpp/include" -I"/usr/local/lib/R/site-library/later/include"  -fvisibility=hidden -DSTRICT_R_HEADERS -fpic  -g -O2 -fdebug-prefix-map=/build/r-base-jbaK_j/r-base-3.6.3=. -fstack-protector-strong -Wformat -Werror=format-security -Wdate-time -D_FORTIFY_SOURCE=2 -g  -c winutils.cpp -o winutils.o
cp -p -f libuv/m4/lt_obsolete.m4 libuv/m4/lt~obsolete.m4
(cd libuv \
	&& touch aclocal.m4 \
	&& touch -r aclocal.m4 configure Makefile.in \
	&& chmod +x configure \
	&& CC="gcc -std=gnu99" CFLAGS="-g -O2 -fdebug-prefix-map=/build/r-base-jbaK_j/r-base-3.6.3=. -fstack-protector-strong -Wformat -Werror=format-security -Wdate-time -D_FORTIFY_SOURCE=2 -g  -fpic -fvisibility=hidden" AR="ar" RANLIB="ranlib" LDFLAGS="-Wl,-Bsymbolic-functions -Wl,-z,relro" ./configure "--quiet")
make --directory=libuv \
	HAVE_DTRACE=0
make[1]: Entering directory '/tmp/RtmpSnFYYC/R.INSTALL41d655ad3b59/httpuv/src/libuv'
  CC       src/libuv_la-fs-poll.lo
  CC       src/libuv_la-idna.lo
  CC       src/libuv_la-inet.lo
  CC       src/libuv_la-random.lo
  CC       src/libuv_la-strscpy.lo
  CC       src/libuv_la-threadpool.lo
  CC       src/libuv_la-timer.lo
  CC       src/libuv_la-uv-data-getter-setters.lo
  CC       src/libuv_la-uv-common.lo
  CC       src/libuv_la-version.lo
  CC       src/unix/libuv_la-async.lo
  CC       src/unix/libuv_la-core.lo
  CC       src/unix/libuv_la-dl.lo
  CC       src/unix/libuv_la-fs.lo
  CC       src/unix/libuv_la-getaddrinfo.lo
  CC       src/unix/libuv_la-getnameinfo.lo
  CC       src/unix/libuv_la-loop-watcher.lo
  CC       src/unix/libuv_la-loop.lo
  CC       src/unix/libuv_la-pipe.lo
  CC       src/unix/libuv_la-poll.lo
  CC       src/unix/libuv_la-process.lo
  CC       src/unix/libuv_la-random-devurandom.lo
  CC       src/unix/libuv_la-signal.lo
  CC       src/unix/libuv_la-stream.lo
  CC       src/unix/libuv_la-tcp.lo
  CC       src/unix/libuv_la-thread.lo
  CC       src/unix/libuv_la-tty.lo
  CC       src/unix/libuv_la-udp.lo
  CC       src/unix/libuv_la-linux-core.lo
  CC       src/unix/libuv_la-linux-inotify.lo
  CC       src/unix/libuv_la-linux-syscalls.lo
  CC       src/unix/libuv_la-procfs-exepath.lo
  CC       src/unix/libuv_la-proctitle.lo
  CC       src/unix/libuv_la-random-getrandom.lo
  CC       src/unix/libuv_la-random-sysctl-linux.lo
  CC       src/unix/libuv_la-sysinfo-loadavg.lo
  CCLD     libuv.la
[91mar: [0m[91m`u' modifier ignored since `D' is the default (see `U')[0m[91m
[0mmake[1]: Leaving directory '/tmp/RtmpSnFYYC/R.INSTALL41d655ad3b59/httpuv/src/libuv'
gcc -std=gnu99 -I"/usr/share/R/include" -DNDEBUG -Ilibuv/include -pthread -I"/usr/local/lib/R/site-library/Rcpp/include" -I"/usr/local/lib/R/site-library/later/include"  -fvisibility=hidden -DSTRICT_R_HEADERS -fpic  -g -O2 -fdebug-prefix-map=/build/r-base-jbaK_j/r-base-3.6.3=. -fstack-protector-strong -Wformat -Werror=format-security -Wdate-time -D_FORTIFY_SOURCE=2 -g  -c http-parser/http_parser.c -o http-parser/http_parser.o
gcc -std=gnu99 -I"/usr/share/R/include" -DNDEBUG -Ilibuv/include -pthread -I"/usr/local/lib/R/site-library/Rcpp/include" -I"/usr/local/lib/R/site-library/later/include"  -fvisibility=hidden -DSTRICT_R_HEADERS -fpic  -g -O2 -fdebug-prefix-map=/build/r-base-jbaK_j/r-base-3.6.3=. -fstack-protector-strong -Wformat -Werror=format-security -Wdate-time -D_FORTIFY_SOURCE=2 -g  -c sha1/sha1.c -o sha1/sha1.o
g++ -std=gnu++11 -I"/usr/share/R/include" -DNDEBUG -Ilibuv/include -pthread -I"/usr/local/lib/R/site-library/Rcpp/include" -I"/usr/local/lib/R/site-library/later/include"  -fvisibility=hidden -DSTRICT_R_HEADERS -fpic  -g -O2 -fdebug-prefix-map=/build/r-base-jbaK_j/r-base-3.6.3=. -fstack-protector-strong -Wformat -Werror=format-security -Wdate-time -D_FORTIFY_SOURCE=2 -g  -c base64/base64.cpp -o base64/base64.o
g++ -std=gnu++11 -shared -L/usr/lib/R/lib -Wl,-Bsymbolic-functions -Wl,-z,relro -o httpuv.so RcppExports-legacy.o RcppExports.o callback.o callbackqueue.o filedatasource-unix.o filedatasource-win.o fs.o http.o httprequest.o httpresponse.o httpuv.o md5.o mime.o set_invalid_parameter.o socket.o staticpath.o thread.o timegm.o utils.o uvutil.o webapplication.o websockets-base.o websockets-hixie76.o websockets-hybi03.o websockets-ietf.o websockets.o winutils.o ./libuv/.libs/libuv.a ./http-parser/http_parser.o ./sha1/sha1.o ./base64/base64.o -pthread -L/usr/lib/R/lib -lR
[91minstalling to /usr/local/lib/R/site-library/00LOCK-httpuv/00new/httpuv/libs
[0m[91m** R
[0m[91m** demo
[0m[91m** byte-compile and prepare package for lazy loading
[0m[91m** help
[0m[91m*** installing help indices
[0m[91m** building package indices
[0m[91m** testing if installed package can be loaded from temporary location
[0m[91m** checking absolute paths in shared objects and dynamic libraries
[0m[91m** testing if installed package can be loaded from final location
[0m[91m** testing if installed package keeps a record of temporary installation path
[0m[91m* DONE (httpuv)
[0m[91m* installing *source* package 'bslib' ...
[0m[91m** package 'bslib' successfully unpacked and MD5 sums checked
[0m[91m** using staged installation
[0m[91m** R
[0m[91m** inst
[0m[91m** byte-compile and prepare package for lazy loading
[0m[91m** help
[0m[91m*** installing help indices
[0m[91m*** copying figures
[0m[91m** building package indices
[0m[91m** testing if installed package can be loaded from temporary location
[0m[91m** testing if installed package can be loaded from final location
[0m[91m** testing if installed package keeps a record of temporary installation path
[0m[91m* DONE (bslib)
[0m[91m* installing *source* package 'shiny' ...
[0m[91m** package 'shiny' successfully unpacked and MD5 sums checked
[0m[91m** using staged installation
[0m[91m** R
[0m[91m** inst
[0m[91m** byte-compile and prepare package for lazy loading
[0m[91m** help
[0m[91m*** installing help indices
[0m[91m*** copying figures
[0m[91m** building package indices
[0m[91m** testing if installed package can be loaded from temporary location
[0m[91m** testing if installed package can be loaded from final location
[0m[91m** testing if installed package keeps a record of temporary installation path
[0m[91m* DONE (shiny)
[0m[91m
[0m[91mThe downloaded source packages are in
	'/tmp/RtmpXRfzYI/downloaded_packages'[0m[91m
[0m[91mInstalling package into '/usr/local/lib/R/site-library'
(as 'lib' is unspecified)
[0m[91malso installing the dependencies 'yaml', 'htmlwidgets', 'lazyeval', 'crosstalk'

[0m[91mtrying URL 'https://cloud.r-project.org/src/contrib/yaml_2.2.1.tar.gz'
[0m[91mContent type 'application/x-gzip'[0m[91m length 92670 bytes (90 KB)
[0m[91m=[0m[91m=[0m[91m=[0m[91m=[0m[91m=[0m[91m=[0m[91m=[0m[91m=[0m[91m=[0m[91m=[0m[91m=[0m[91m=[0m[91m=[0m[91m=[0m[91m=[0m[91m=[0m[91m=[0m[91m=[0m[91m=========[0m[91m=========[0m[91m=========[0m[91m=====
downloaded 90 KB

trying URL 'https://cloud.r-project.org/src/contrib/htmlwidgets_1.5.3.tar.gz'
[0m[91mContent type 'application/x-gzip'[0m[91m length 323656 bytes (316 KB)
[0m[91m=[0m[91m=[0m[91m=[0m[91m=[0m[91m=[0m[91m====[0m[91m===[0m[91m==[0m[91m===[0m[91m==[0m[91m===[0m[91m===[0m[91m=[0m[91m=[0m[91m===[0m[91m==[0m[91m=====[0m[91m===[0m[91m==[0m[91m========
downloaded 316 KB

[0m[91mtrying URL 'https://cloud.r-project.org/src/contrib/lazyeval_0.2.2.tar.gz'
[0m[91mContent type 'application/x-gzip'[0m[91m length 83482 bytes (81 KB)
[0m[91m=[0m[91m=[0m[91m=[0m[91m=[0m[91m=[0m[91m=[0m[91m=[0m[91m=[0m[91m=[0m[91m=[0m[91m=[0m[91m=[0m[91m=[0m[91m======[0m[91m==========[0m[91m=========[0m[91m============
downloaded 81 KB

trying URL 'https://cloud.r-project.org/src/contrib/crosstalk_1.1.1.tar.gz'
[0m[91mContent type 'application/x-gzip'[0m[91m length 676543 bytes (660 KB)
[0m[91m=[0m[91m=[0m[91m=[0m[91m===============[0m[91m==[0m[91m=[0m[91m=[0m[91m=[0m[91m=[0m[91m=[0m[91m=[0m[91m=======[0m[91m==[0m[91m==[0m[91m===[0m[91m====[0m[91m=[0m[91m=[0m[91m=[0m[91m=[0m[91m=[0m[91m=[0m[91m
[0m[91mdownloaded 660 KB

[0m[91mtrying URL 'https://cloud.r-project.org/src/contrib/plotly_4.9.4.1.tar.gz'
[0m[91mContent type 'application/x-gzip'[0m[91m length 3742653 bytes (3.6 MB)
[0m[91m=[0m[91m=[0m[91m=[0m[91m=[0m[91m=[0m[91m=[0m[91m=[0m[91m=[0m[91m=[0m[91m=[0m[91m=[0m[91m=[0m[91m=[0m[91m=[0m[91m=[0m[91m=[0m[91m=[0m[91m=[0m[91m=[0m[91m=[0m[91m=[0m[91m=[0m[91m=[0m[91m=[0m[91m=[0m[91m=[0m[91m=[0m[91m=[0m[91m=[0m[91m=[0m[91m=[0m[91m=[0m[91m=[0m[91m=[0m[91m=[0m[91m=[0m[91m=[0m[91m=[0m[91m=[0m[91m=[0m[91m=[0m[91m=[0m[91m=[0m[91m=[0m[91m=[0m[91m=[0m[91m=[0m[91m=[0m[91m=[0m[91m=[0m[91m
[0m[91mdownloaded 3.6 MB

[0m[91m* installing *source* package 'yaml' ...
[0m[91m** package 'yaml' successfully unpacked and MD5 sums checked
[0m[91m** using staged installation
[0m[91m** libs
[0mgcc -std=gnu99 -I"/usr/share/R/include" -DNDEBUG -I. -DNDEBUG    -fpic  -g -O2 -fdebug-prefix-map=/build/r-base-jbaK_j/r-base-3.6.3=. -fstack-protector-strong -Wformat -Werror=format-security -Wdate-time -D_FORTIFY_SOURCE=2 -g  -c api.c -o api.o
gcc -std=gnu99 -I"/usr/share/R/include" -DNDEBUG -I. -DNDEBUG    -fpic  -g -O2 -fdebug-prefix-map=/build/r-base-jbaK_j/r-base-3.6.3=. -fstack-protector-strong -Wformat -Werror=format-security -Wdate-time -D_FORTIFY_SOURCE=2 -g  -c dumper.c -o dumper.o
gcc -std=gnu99 -I"/usr/share/R/include" -DNDEBUG -I. -DNDEBUG    -fpic  -g -O2 -fdebug-prefix-map=/build/r-base-jbaK_j/r-base-3.6.3=. -fstack-protector-strong -Wformat -Werror=format-security -Wdate-time -D_FORTIFY_SOURCE=2 -g  -c emitter.c -o emitter.o
gcc -std=gnu99 -I"/usr/share/R/include" -DNDEBUG -I. -DNDEBUG    -fpic  -g -O2 -fdebug-prefix-map=/build/r-base-jbaK_j/r-base-3.6.3=. -fstack-protector-strong -Wformat -Werror=format-security -Wdate-time -D_FORTIFY_SOURCE=2 -g  -c implicit.c -o implicit.o
gcc -std=gnu99 -I"/usr/share/R/include" -DNDEBUG -I. -DNDEBUG    -fpic  -g -O2 -fdebug-prefix-map=/build/r-base-jbaK_j/r-base-3.6.3=. -fstack-protector-strong -Wformat -Werror=format-security -Wdate-time -D_FORTIFY_SOURCE=2 -g  -c loader.c -o loader.o
gcc -std=gnu99 -I"/usr/share/R/include" -DNDEBUG -I. -DNDEBUG    -fpic  -g -O2 -fdebug-prefix-map=/build/r-base-jbaK_j/r-base-3.6.3=. -fstack-protector-strong -Wformat -Werror=format-security -Wdate-time -D_FORTIFY_SOURCE=2 -g  -c parser.c -o parser.o
gcc -std=gnu99 -I"/usr/share/R/include" -DNDEBUG -I. -DNDEBUG    -fpic  -g -O2 -fdebug-prefix-map=/build/r-base-jbaK_j/r-base-3.6.3=. -fstack-protector-strong -Wformat -Werror=format-security -Wdate-time -D_FORTIFY_SOURCE=2 -g  -c r_emit.c -o r_emit.o
gcc -std=gnu99 -I"/usr/share/R/include" -DNDEBUG -I. -DNDEBUG    -fpic  -g -O2 -fdebug-prefix-map=/build/r-base-jbaK_j/r-base-3.6.3=. -fstack-protector-strong -Wformat -Werror=format-security -Wdate-time -D_FORTIFY_SOURCE=2 -g  -c r_ext.c -o r_ext.o
gcc -std=gnu99 -I"/usr/share/R/include" -DNDEBUG -I. -DNDEBUG    -fpic  -g -O2 -fdebug-prefix-map=/build/r-base-jbaK_j/r-base-3.6.3=. -fstack-protector-strong -Wformat -Werror=format-security -Wdate-time -D_FORTIFY_SOURCE=2 -g  -c r_parse.c -o r_parse.o
gcc -std=gnu99 -I"/usr/share/R/include" -DNDEBUG -I. -DNDEBUG    -fpic  -g -O2 -fdebug-prefix-map=/build/r-base-jbaK_j/r-base-3.6.3=. -fstack-protector-strong -Wformat -Werror=format-security -Wdate-time -D_FORTIFY_SOURCE=2 -g  -c reader.c -o reader.o
gcc -std=gnu99 -I"/usr/share/R/include" -DNDEBUG -I. -DNDEBUG    -fpic  -g -O2 -fdebug-prefix-map=/build/r-base-jbaK_j/r-base-3.6.3=. -fstack-protector-strong -Wformat -Werror=format-security -Wdate-time -D_FORTIFY_SOURCE=2 -g  -c scanner.c -o scanner.o
gcc -std=gnu99 -I"/usr/share/R/include" -DNDEBUG -I. -DNDEBUG    -fpic  -g -O2 -fdebug-prefix-map=/build/r-base-jbaK_j/r-base-3.6.3=. -fstack-protector-strong -Wformat -Werror=format-security -Wdate-time -D_FORTIFY_SOURCE=2 -g  -c writer.c -o writer.o
gcc -std=gnu99 -shared -L/usr/lib/R/lib -Wl,-Bsymbolic-functions -Wl,-z,relro -o yaml.so api.o dumper.o emitter.o implicit.o loader.o parser.o r_emit.o r_ext.o r_parse.o reader.o scanner.o writer.o -L/usr/lib/R/lib -lR
[91minstalling to /usr/local/lib/R/site-library/00LOCK-yaml/00new/yaml/libs
[0m[91m** R
[0m[91m** inst
[0m[91m** byte-compile and prepare package for lazy loading
[0m[91m** help
[0m[91m*** installing help indices
[0m[91m** building package indices
[0m[91m** testing if installed package can be loaded from temporary location
[0m[91m** checking absolute paths in shared objects and dynamic libraries
[0m[91m** testing if installed package can be loaded from final location
[0m[91m** testing if installed package keeps a record of temporary installation path
[0m[91m* DONE (yaml)
[0m[91m* installing *source* package 'lazyeval' ...
[0m[91m** package 'lazyeval' successfully unpacked and MD5 sums checked
[0m[91m** using staged installation
[0m[91m** libs
[0mgcc -std=gnu99 -I"/usr/share/R/include" -DNDEBUG     -fpic  -g -O2 -fdebug-prefix-map=/build/r-base-jbaK_j/r-base-3.6.3=. -fstack-protector-strong -Wformat -Werror=format-security -Wdate-time -D_FORTIFY_SOURCE=2 -g  -c expr.c -o expr.o
gcc -std=gnu99 -I"/usr/share/R/include" -DNDEBUG     -fpic  -g -O2 -fdebug-prefix-map=/build/r-base-jbaK_j/r-base-3.6.3=. -fstack-protector-strong -Wformat -Werror=format-security -Wdate-time -D_FORTIFY_SOURCE=2 -g  -c init.c -o init.o
gcc -std=gnu99 -I"/usr/share/R/include" -DNDEBUG     -fpic  -g -O2 -fdebug-prefix-map=/build/r-base-jbaK_j/r-base-3.6.3=. -fstack-protector-strong -Wformat -Werror=format-security -Wdate-time -D_FORTIFY_SOURCE=2 -g  -c interp.c -o interp.o
gcc -std=gnu99 -I"/usr/share/R/include" -DNDEBUG     -fpic  -g -O2 -fdebug-prefix-map=/build/r-base-jbaK_j/r-base-3.6.3=. -fstack-protector-strong -Wformat -Werror=format-security -Wdate-time -D_FORTIFY_SOURCE=2 -g  -c lazy.c -o lazy.o
gcc -std=gnu99 -I"/usr/share/R/include" -DNDEBUG     -fpic  -g -O2 -fdebug-prefix-map=/build/r-base-jbaK_j/r-base-3.6.3=. -fstack-protector-strong -Wformat -Werror=format-security -Wdate-time -D_FORTIFY_SOURCE=2 -g  -c name.c -o name.o
gcc -std=gnu99 -I"/usr/share/R/include" -DNDEBUG     -fpic  -g -O2 -fdebug-prefix-map=/build/r-base-jbaK_j/r-base-3.6.3=. -fstack-protector-strong -Wformat -Werror=format-security -Wdate-time -D_FORTIFY_SOURCE=2 -g  -c utils.c -o utils.o
gcc -std=gnu99 -shared -L/usr/lib/R/lib -Wl,-Bsymbolic-functions -Wl,-z,relro -o lazyeval.so expr.o init.o interp.o lazy.o name.o utils.o -L/usr/lib/R/lib -lR
[91minstalling to /usr/local/lib/R/site-library/00LOCK-lazyeval/00new/lazyeval/libs
[0m[91m** R
[0m[91m** inst
[0m[91m** byte-compile and prepare package for lazy loading
[0m[91m** help
[0m[91m*** installing help indices
[0m[91m** building package indices
[0m[91m** installing vignettes
[0m[91m** testing if installed package can be loaded from temporary location
[0m[91m** checking absolute paths in shared objects and dynamic libraries
[0m[91m** testing if installed package can be loaded from final location
[0m[91m** testing if installed package keeps a record of temporary installation path
[0m[91m* DONE (lazyeval)
[0m[91m* installing *source* package 'htmlwidgets' ...
[0m[91m** package 'htmlwidgets' successfully unpacked and MD5 sums checked
[0m[91m** using staged installation
[0m[91m** R
[0m[91m** inst
[0m[91m** byte-compile and prepare package for lazy loading
[0m[91m** help
[0m[91m*** installing help indices
[0m[91m** building package indices
[0m[91m** installing vignettes
[0m[91m** testing if installed package can be loaded from temporary location
[0m[91m** testing if installed package can be loaded from final location
[0m[91m** testing if installed package keeps a record of temporary installation path
[0m[91m* DONE (htmlwidgets)
[0m[91m* installing *source* package 'crosstalk' ...
[0m[91m** package 'crosstalk' successfully unpacked and MD5 sums checked
[0m[91m** using staged installation
[0m[91m** R
[0m[91m** inst
[0m[91m** byte-compile and prepare package for lazy loading
[0m[91m** help
[0m[91m*** installing help indices
[0m[91m** building package indices
[0m[91m** testing if installed package can be loaded from temporary location
[0m[91m** testing if installed package can be loaded from final location
[0m[91m** testing if installed package keeps a record of temporary installation path
[0m[91m* DONE (crosstalk)
[0m[91m* installing *source* package 'plotly' ...
[0m[91m** package 'plotly' successfully unpacked and MD5 sums checked
[0m[91m** using staged installation
[0m[91m** R
[0m[91m** data
[0m[91m*** moving datasets to lazyload DB
[0m[91m** demo
[0m[91m** inst
[0m[91m** byte-compile and prepare package for lazy loading
[0m[91m** help
[0m[91m*** installing help indices
[0m[91m*** copying figures
[0m[91m** building package indices
[0m[91m** testing if installed package can be loaded from temporary location
[0m[91m** testing if installed package can be loaded from final location
[0m[91m** testing if installed package keeps a record of temporary installation path
[0m[91m* DONE (plotly)
[0m[91m
[0m[91mThe downloaded source packages are in
	'/tmp/RtmpXRfzYI/downloaded_packages'[0m[91m
[0m[91mInstalling package into '/usr/local/lib/R/site-library'
(as 'lib' is unspecified)
[0m[91malso installing the dependencies 'highr', 'markdown', 'knitr', 'evaluate', 'tinytex', 'xfun'

[0m[91mtrying URL 'https://cloud.r-project.org/src/contrib/highr_0.9.tar.gz'
[0m[91mContent type 'application/x-gzip'[0m[91m length 15188 bytes (14 KB)
[0m[91m=[0m[91m=[0m[91m=[0m[91m=[0m[91m=[0m[91m=[0m[91m=[0m[91m=[0m[91m=[0m[91m=[0m[91m=[0m[91m=[0m[91m=[0m[91m=[0m[91m=[0m[91m=[0m[91m=[0m[91m=[0m[91m================================
downloaded 14 KB

[0m[91mtrying URL 'https://cloud.r-project.org/src/contrib/markdown_1.1.tar.gz'
[0m[91mContent type 'application/x-gzip'[0m[91m length 81050 bytes (79 KB)
[0m[91m=[0m[91m=[0m[91m=[0m[91m=[0m[91m=[0m[91m=[0m[91m=[0m[91m=[0m[91m=[0m[91m=[0m[91m=[0m[91m=[0m[91m=[0m[91m=[0m[91m=[0m[91m=[0m[91m=[0m[91m=[0m[91m=[0m[91m=[0m[91m=[0m[91m=[0m[91m=[0m[91m=[0m[91m======[0m[91m==========[0m[91m==========
downloaded 79 KB

[0m[91mtrying URL 'https://cloud.r-project.org/src/contrib/knitr_1.33.tar.gz'
[0m[91mContent type 'application/x-gzip'[0m[91m length 892378 bytes (871 KB)
[0m[91m=[0m[91m=[0m[91m=[0m[91m==[0m[91m=[0m[91m=[0m[91m=[0m[91m=[0m[91m=[0m[91m==[0m[91m=[0m[91m=[0m[91m=[0m[91m=[0m[91m=[0m[91m=[0m[91m=[0m[91m=[0m[91m=[0m[91m=[0m[91m=[0m[91m=[0m[91m=[0m[91m=[0m[91m=[0m[91m=[0m[91m=[0m[91m===[0m[91m=[0m[91m===[0m[91m==[0m[91m=[0m[91m===[0m[91m=[0m[91m==[0m[91m=[0m[91m==[0m[91m=[0m[91m=[0m[91m
[0m[91mdownloaded 871 KB

[0m[91mtrying URL 'https://cloud.r-project.org/src/contrib/evaluate_0.14.tar.gz'
[0m[91mContent type 'application/x-gzip'[0m[91m length 24206 bytes (23 KB)
[0m[91m=[0m[91m=[0m[91m=[0m[91m=[0m[91m=[0m[91m=[0m[91m=[0m[91m===========================================
downloaded 23 KB

[0m[91mtrying URL 'https://cloud.r-project.org/src/contrib/tinytex_0.32.tar.gz'
[0m[91mContent type 'application/x-gzip'[0m[91m length 30014 bytes (29 KB)
[0m[91m=[0m[91m=================================================
downloaded 29 KB

[0m[91mtrying URL 'https://cloud.r-project.org/src/contrib/xfun_0.24.tar.gz'
[0m[91mContent type 'application/x-gzip'[0m[91m length 112441 bytes (109 KB)
[0m[91m=[0m[91m=[0m[91m=[0m[91m=[0m[91m=[0m[91m=[0m[91m========[0m[91m=[0m[91m======[0m[91m=======[0m[91m========[0m[91m==============
downloaded 109 KB

trying URL 'https://cloud.r-project.org/src/contrib/rmarkdown_2.9.tar.gz'
[0m[91mContent type 'application/x-gzip'[0m[91m length 3246617 bytes (3.1 MB)
[0m[91m=[0m[91m=[0m[91m=[0m[91m=[0m[91m=[0m[91m=[0m[91m=[0m[91m=[0m[91m=[0m[91m=[0m[91m=[0m[91m=[0m[91m=[0m[91m=[0m[91m=[0m[91m=[0m[91m=[0m[91m=[0m[91m=[0m[91m=[0m[91m=[0m[91m=[0m[91m=[0m[91m=[0m[91m=[0m[91m=[0m[91m=[0m[91m=[0m[91m=[0m[91m=[0m[91m=[0m[91m=[0m[91m=[0m[91m=[0m[91m=[0m[91m=[0m[91m=[0m[91m=[0m[91m=[0m[91m=[0m[91m=[0m[91m=[0m[91m=[0m[91m=[0m[91m=[0m[91m=[0m[91m=[0m[91m=[0m[91m=[0m[91m=[0m[91m
[0m[91mdownloaded 3.1 MB

[0m[91m* installing *source* package 'evaluate' ...
[0m[91m** package 'evaluate' successfully unpacked and MD5 sums checked
[0m[91m** using staged installation
[0m[91m** R
[0m[91m** byte-compile and prepare package for lazy loading
[0m[91m** help
[0m[91m*** installing help indices
[0m[91m** building package indices
[0m[91m** testing if installed package can be loaded from temporary location
[0m[91m** testing if installed package can be loaded from final location
[0m[91m** testing if installed package keeps a record of temporary installation path
[0m[91m* DONE (evaluate)
[0m[91m* installing *source* package 'xfun' ...
[0m[91m** package 'xfun' successfully unpacked and MD5 sums checked
[0m[91m** using staged installation
[0m[91m** libs
[0mgcc -std=gnu99 -I"/usr/share/R/include" -DNDEBUG     -fpic  -g -O2 -fdebug-prefix-map=/build/r-base-jbaK_j/r-base-3.6.3=. -fstack-protector-strong -Wformat -Werror=format-security -Wdate-time -D_FORTIFY_SOURCE=2 -g  -c base64.c -o base64.o
gcc -std=gnu99 -I"/usr/share/R/include" -DNDEBUG     -fpic  -g -O2 -fdebug-prefix-map=/build/r-base-jbaK_j/r-base-3.6.3=. -fstack-protector-strong -Wformat -Werror=format-security -Wdate-time -D_FORTIFY_SOURCE=2 -g  -c init.c -o init.o
g++ -std=gnu++11 -shared -L/usr/lib/R/lib -Wl,-Bsymbolic-functions -Wl,-z,relro -o xfun.so base64.o init.o -L/usr/lib/R/lib -lR
[91minstalling to /usr/local/lib/R/site-library/00LOCK-xfun/00new/xfun/libs
[0m[91m** R
[0m[91m** inst
[0m[91m** byte-compile and prepare package for lazy loading
[0m[91m** help
[0m[91m*** installing help indices
[0m[91m** building package indices
[0m[91m** installing vignettes
[0m[91m** testing if installed package can be loaded from temporary location
[0m[91m** checking absolute paths in shared objects and dynamic libraries
[0m[91m** testing if installed package can be loaded from final location
[0m[91m** testing if installed package keeps a record of temporary installation path
[0m[91m* DONE (xfun)
[0m[91m* installing *source* package 'highr' ...
[0m[91m** package 'highr' successfully unpacked and MD5 sums checked
[0m[91m** using staged installation
[0m[91m** R
[0m[91m** inst
[0m[91m** byte-compile and prepare package for lazy loading
[0m[91m** help
[0m[91m*** installing help indices
[0m[91m** building package indices
[0m[91m** installing vignettes
[0m[91m** testing if installed package can be loaded from temporary location
[0m[91m** testing if installed package can be loaded from final location
[0m[91m** testing if installed package keeps a record of temporary installation path
[0m[91m* DONE (highr)
[0m[91m* installing *source* package 'markdown' ...
[0m[91m** package 'markdown' successfully unpacked and MD5 sums checked
[0m[91m** using staged installation
[0m[91m** libs
[0mgcc -std=gnu99 -I"/usr/share/R/include" -DNDEBUG     -fpic  -g -O2 -fdebug-prefix-map=/build/r-base-jbaK_j/r-base-3.6.3=. -fstack-protector-strong -Wformat -Werror=format-security -Wdate-time -D_FORTIFY_SOURCE=2 -g  -c Rbase64.c -o Rbase64.o
gcc -std=gnu99 -I"/usr/share/R/include" -DNDEBUG     -fpic  -g -O2 -fdebug-prefix-map=/build/r-base-jbaK_j/r-base-3.6.3=. -fstack-protector-strong -Wformat -Werror=format-security -Wdate-time -D_FORTIFY_SOURCE=2 -g  -c Rinit.c -o Rinit.o
gcc -std=gnu99 -I"/usr/share/R/include" -DNDEBUG     -fpic  -g -O2 -fdebug-prefix-map=/build/r-base-jbaK_j/r-base-3.6.3=. -fstack-protector-strong -Wformat -Werror=format-security -Wdate-time -D_FORTIFY_SOURCE=2 -g  -c Rmarkdown.c -o Rmarkdown.o
gcc -std=gnu99 -I"/usr/share/R/include" -DNDEBUG     -fpic  -g -O2 -fdebug-prefix-map=/build/r-base-jbaK_j/r-base-3.6.3=. -fstack-protector-strong -Wformat -Werror=format-security -Wdate-time -D_FORTIFY_SOURCE=2 -g  -c autolink.c -o autolink.o
gcc -std=gnu99 -I"/usr/share/R/include" -DNDEBUG     -fpic  -g -O2 -fdebug-prefix-map=/build/r-base-jbaK_j/r-base-3.6.3=. -fstack-protector-strong -Wformat -Werror=format-security -Wdate-time -D_FORTIFY_SOURCE=2 -g  -c buffer.c -o buffer.o
gcc -std=gnu99 -I"/usr/share/R/include" -DNDEBUG     -fpic  -g -O2 -fdebug-prefix-map=/build/r-base-jbaK_j/r-base-3.6.3=. -fstack-protector-strong -Wformat -Werror=format-security -Wdate-time -D_FORTIFY_SOURCE=2 -g  -c houdini_href_e.c -o houdini_href_e.o
gcc -std=gnu99 -I"/usr/share/R/include" -DNDEBUG     -fpic  -g -O2 -fdebug-prefix-map=/build/r-base-jbaK_j/r-base-3.6.3=. -fstack-protector-strong -Wformat -Werror=format-security -Wdate-time -D_FORTIFY_SOURCE=2 -g  -c houdini_html_e.c -o houdini_html_e.o
gcc -std=gnu99 -I"/usr/share/R/include" -DNDEBUG     -fpic  -g -O2 -fdebug-prefix-map=/build/r-base-jbaK_j/r-base-3.6.3=. -fstack-protector-strong -Wformat -Werror=format-security -Wdate-time -D_FORTIFY_SOURCE=2 -g  -c html.c -o html.o
gcc -std=gnu99 -I"/usr/share/R/include" -DNDEBUG     -fpic  -g -O2 -fdebug-prefix-map=/build/r-base-jbaK_j/r-base-3.6.3=. -fstack-protector-strong -Wformat -Werror=format-security -Wdate-time -D_FORTIFY_SOURCE=2 -g  -c html_smartypants.c -o html_smartypants.o
gcc -std=gnu99 -I"/usr/share/R/include" -DNDEBUG     -fpic  -g -O2 -fdebug-prefix-map=/build/r-base-jbaK_j/r-base-3.6.3=. -fstack-protector-strong -Wformat -Werror=format-security -Wdate-time -D_FORTIFY_SOURCE=2 -g  -c markdown.c -o markdown.o
gcc -std=gnu99 -I"/usr/share/R/include" -DNDEBUG     -fpic  -g -O2 -fdebug-prefix-map=/build/r-base-jbaK_j/r-base-3.6.3=. -fstack-protector-strong -Wformat -Werror=format-security -Wdate-time -D_FORTIFY_SOURCE=2 -g  -c stack.c -o stack.o
gcc -std=gnu99 -shared -L/usr/lib/R/lib -Wl,-Bsymbolic-functions -Wl,-z,relro -o markdown.so Rbase64.o Rinit.o Rmarkdown.o autolink.o buffer.o houdini_href_e.o houdini_html_e.o html.o html_smartypants.o markdown.o stack.o -L/usr/lib/R/lib -lR
[91minstalling to /usr/local/lib/R/site-library/00LOCK-markdown/00new/markdown/libs
[0m[91m** R
[0m[91m** inst
[0m[91m** byte-compile and prepare package for lazy loading
[0m[91m** help
[0m[91m*** installing help indices
[0m[91m** building package indices
[0m[91m** installing vignettes
[0m[91m** testing if installed package can be loaded from temporary location
[0m[91m** checking absolute paths in shared objects and dynamic libraries
[0m[91m** testing if installed package can be loaded from final location
[0m[91m** testing if installed package keeps a record of temporary installation path
[0m[91m* DONE (markdown)
[0m[91m* installing *source* package 'tinytex' ...
[0m[91m** package 'tinytex' successfully unpacked and MD5 sums checked
[0m[91m** using staged installation
[0m[91m** R
[0m[91m** inst
[0m[91m** byte-compile and prepare package for lazy loading
[0m[91m** help
[0m[91m*** installing help indices
[0m[91m** building package indices
[0m[91m** testing if installed package can be loaded from temporary location
[0m[91m** testing if installed package can be loaded from final location
[0m[91m** testing if installed package keeps a record of temporary installation path
[0m[91m* DONE (tinytex)
[0m[91m* installing *source* package 'knitr' ...
[0m[91m** package 'knitr' successfully unpacked and MD5 sums checked
[0m[91m** using staged installation
[0m[91m** R
[0m[91m** demo
[0m[91m** inst
[0m[91m** byte-compile and prepare package for lazy loading
[0m[91m** help
[0m[91m*** installing help indices
[0m[91m** building package indices
[0m[91m** installing vignettes
[0m[91m** testing if installed package can be loaded from temporary location
[0m[91m** testing if installed package can be loaded from final location
[0m[91m** testing if installed package keeps a record of temporary installation path
[0m[91m* DONE (knitr)
[0m[91m* installing *source* package 'rmarkdown' ...
[0m[91m** package 'rmarkdown' successfully unpacked and MD5 sums checked
[0m[91m** using staged installation
[0m[91m** R
[0m[91m** inst
[0m[91m** byte-compile and prepare package for lazy loading
[0m[91m** help
[0m[91m*** installing help indices
[0m[91m*** copying figures
[0m[91m** building package indices
[0m[91m** installing vignettes
[0m[91m** testing if installed package can be loaded from temporary location
[0m[91m** testing if installed package can be loaded from final location
[0m[91m** testing if installed package keeps a record of temporary installation path
[0m[91m* DONE (rmarkdown)
[0m[91m
[0m[91mThe downloaded source packages are in
	'/tmp/RtmpXRfzYI/downloaded_packages'[0m[91m
[0mRemoving intermediate container c8ebcbfd7dc9
 ---> 3d2049fcf48e
Step 6/9 : COPY Dockerfile.$TAG /opt2
 ---> 3669f2cec796
Step 7/9 : RUN chmod a+r /opt2/Dockerfile.$TAG
 ---> Running in 963d76a5e4e6
Removing intermediate container 963d76a5e4e6
 ---> 79dc717c6554
Step 8/9 : WORKDIR /data2
 ---> Running in 459e57372074
Removing intermediate container 459e57372074
 ---> 00bca9838406
Step 9/9 : RUN apt-get clean
 ---> Running in adc655c98e4a
Removing intermediate container adc655c98e4a
 ---> 7bbda357f4ff
Successfully built 7bbda357f4ff
Successfully tagged nciccbr/ccbr_atacseq:v1.4.1
