Sending build context to Docker daemon  205.5MB
Step 1/11 : FROM nciccbr/ccbr_atacseq:v1.3.1
 ---> 39bb07b90608
Step 2/11 : ENV TAG="v1.4"
 ---> Running in 0a522fe99fb5
Removing intermediate container 0a522fe99fb5
 ---> f455e2db90b9
Step 3/11 : WORKDIR /opt2
 ---> Running in cb378c704c1c
Removing intermediate container cb378c704c1c
 ---> 26a88bd05898
Step 4/11 : RUN wget https://github.com/jsh58/Genrich/archive/refs/tags/v0.6.1.tar.gz &&  tar xzvf v0.6.1.tar.gz
 ---> Running in e8ae6e1bee60
[91m--2021-06-21 22:29:30--  https://github.com/jsh58/Genrich/archive/refs/tags/v0.6.1.tar.gz
[0m[91mResolving github.com (github.com)... [0m[91m140.82.112.3
Connecting to github.com (github.com)|140.82.112.3|:443... [0m[91mconnected.
[0m[91mHTTP request sent, awaiting response... [0m[91m302 Found
Location: https://codeload.github.com/jsh58/Genrich/tar.gz/refs/tags/v0.6.1 [following]
--2021-06-21 22:29:30--  https://codeload.github.com/jsh58/Genrich/tar.gz/refs/tags/v0.6.1
Resolving codeload.github.com (codeload.github.com)... [0m[91m140.82.112.9
Connecting to codeload.github.com (codeload.github.com)|140.82.112.9|:443... [0m[91mconnected.
[0m[91mHTTP request sent, awaiting response... [0m[91m200 OK
Length: unspecified [application/x-gzip]
Saving to: 'v0.6.1.tar.gz'

     0K ......[0m[91m.... .......... ........[0m[91m.[0m[91m. .......... ........[0m[91m..  868K
    50K .......... ..........[0m[91m .......[0m[91m.[0m[91m.. .......... ..[0m[91m........ 1.36M
   100K ..........                                             63.0M=0.09s

2021-06-21 22:29:30 (1.16 MB/s) - 'v0.6.1.tar.gz' saved [113596]

[0mGenrich-0.6.1/
Genrich-0.6.1/.gitignore
Genrich-0.6.1/Genrich.c
Genrich-0.6.1/Genrich.h
Genrich-0.6.1/LICENSE
Genrich-0.6.1/Makefile
Genrich-0.6.1/README.md
Genrich-0.6.1/figures/
Genrich-0.6.1/figures/figure1.png
Genrich-0.6.1/figures/figure2.png
Genrich-0.6.1/figures/figure3.png
Genrich-0.6.1/findNs.py
Removing intermediate container e8ae6e1bee60
 ---> 6d39e0917cfa
Step 5/11 : WORKDIR /opt2/Genrich-0.6.1
 ---> Running in fe1c09f8fa93
Removing intermediate container fe1c09f8fa93
 ---> 2cfaee6ad106
Step 6/11 : RUN make
 ---> Running in 499e1dc90c92
gcc -g -Wall -std=gnu99 -O2 -o Genrich Genrich.c -lz -lm
Removing intermediate container 499e1dc90c92
 ---> fe13ad5ea4ee
Step 7/11 : ENV PATH=${PATH}:/opt2/Genrich-0.6.1
 ---> Running in 98de423446a5
Removing intermediate container 98de423446a5
 ---> 4c6ea7f6058c
Step 8/11 : COPY Dockerfile.$TAG /opt2
 ---> 0351df954b03
Step 9/11 : RUN chmod a+r /opt2/Dockerfile.$TAG
 ---> Running in aa5f5229fe6d
Removing intermediate container aa5f5229fe6d
 ---> 800d9f2bf52e
Step 10/11 : WORKDIR /data2
 ---> Running in 9ee3297b0d8d
Removing intermediate container 9ee3297b0d8d
 ---> 6f1571d90736
Step 11/11 : RUN apt-get clean
 ---> Running in 6f4f58099032
Removing intermediate container 6f4f58099032
 ---> 53ddaeff85ea
Successfully built 53ddaeff85ea
Successfully tagged nciccbr/ccbr_atacseq:v1.4
