#0 building with "default" instance using docker driver

#1 [internal] load .dockerignore
#1 transferring context: 2B done
#1 DONE 0.0s

#2 [internal] load build definition from Dockerfile
#2 transferring dockerfile: 750B done
#2 DONE 0.1s

#3 [internal] load metadata for docker.io/nciccbr/ccbr_ubuntu_base_20.04:v5
#3 ...

#4 [auth] nciccbr/ccbr_ubuntu_base_20.04:pull token for registry-1.docker.io
#4 DONE 0.0s

#3 [internal] load metadata for docker.io/nciccbr/ccbr_ubuntu_base_20.04:v5
#3 DONE 1.0s

#5 [internal] load build context
#5 transferring context: 750B done
#5 DONE 0.0s

#6 [1/6] FROM docker.io/nciccbr/ccbr_ubuntu_base_20.04:v5@sha256:e4450dda335155de9a3398425bf7f66c6acf97a184e591c117ed96d1312329b5
#6 resolve docker.io/nciccbr/ccbr_ubuntu_base_20.04:v5@sha256:e4450dda335155de9a3398425bf7f66c6acf97a184e591c117ed96d1312329b5 0.0s done
#6 sha256:e4450dda335155de9a3398425bf7f66c6acf97a184e591c117ed96d1312329b5 3.46kB / 3.46kB done
#6 sha256:8f0fbe2493e8cc79d964ee31987c6d10876c2e71f200bcbc076b8d76add6ee1d 8.29kB / 8.29kB done
#6 sha256:56e0351b98767487b3c411034be95479ed1710bb6be860db6df0be3a98653027 5.24MB / 27.51MB 0.2s
#6 sha256:5f3ff2784635ccf884c461fe5a7ff4fab25389a418726d8bcf63b3f97277f9e6 0B / 196B 0.2s
#6 sha256:a51180f2933c21cd973c72aa7fa8188d28c349f7c64670306792b7ca7e742d39 0B / 108B 0.2s
#6 sha256:56e0351b98767487b3c411034be95479ed1710bb6be860db6df0be3a98653027 27.51MB / 27.51MB 0.4s done
#6 sha256:733cf2d680d6f8ed2337737c3697405d0996278069d8b60a1672d5f21278bdcc 0B / 34.08MB 0.4s
#6 sha256:a51180f2933c21cd973c72aa7fa8188d28c349f7c64670306792b7ca7e742d39 108B / 108B 0.4s done
#6 extracting sha256:56e0351b98767487b3c411034be95479ed1710bb6be860db6df0be3a98653027
#6 sha256:25b3077843af896cd92eeadc7d1926f97d3578b224afae4636862519cc3c025b 0B / 110.87MB 0.5s
#6 sha256:5f3ff2784635ccf884c461fe5a7ff4fab25389a418726d8bcf63b3f97277f9e6 196B / 196B 0.7s done
#6 sha256:733cf2d680d6f8ed2337737c3697405d0996278069d8b60a1672d5f21278bdcc 4.19MB / 34.08MB 0.8s
#6 sha256:e88f0d2e3e7849afafd4041fd86764a5f53b536aadb461dd3205b95459580653 0B / 328.29MB 0.8s
#6 sha256:733cf2d680d6f8ed2337737c3697405d0996278069d8b60a1672d5f21278bdcc 8.39MB / 34.08MB 0.9s
#6 sha256:25b3077843af896cd92eeadc7d1926f97d3578b224afae4636862519cc3c025b 7.34MB / 110.87MB 0.9s
#6 sha256:733cf2d680d6f8ed2337737c3697405d0996278069d8b60a1672d5f21278bdcc 19.92MB / 34.08MB 1.1s
#6 sha256:25b3077843af896cd92eeadc7d1926f97d3578b224afae4636862519cc3c025b 17.83MB / 110.87MB 1.1s
#6 sha256:733cf2d680d6f8ed2337737c3697405d0996278069d8b60a1672d5f21278bdcc 24.12MB / 34.08MB 1.2s
#6 sha256:25b3077843af896cd92eeadc7d1926f97d3578b224afae4636862519cc3c025b 26.21MB / 110.87MB 1.2s
#6 sha256:733cf2d680d6f8ed2337737c3697405d0996278069d8b60a1672d5f21278bdcc 34.08MB / 34.08MB 1.4s
#6 sha256:25b3077843af896cd92eeadc7d1926f97d3578b224afae4636862519cc3c025b 39.85MB / 110.87MB 1.4s
#6 sha256:e88f0d2e3e7849afafd4041fd86764a5f53b536aadb461dd3205b95459580653 21.64MB / 328.29MB 1.4s
#6 sha256:733cf2d680d6f8ed2337737c3697405d0996278069d8b60a1672d5f21278bdcc 34.08MB / 34.08MB 1.5s done
#6 sha256:5421ffbaa795a5726aa4cbbc087320c7a6588bee26a8ca9e1f1636244827f1e8 0B / 172B 1.5s
#6 sha256:25b3077843af896cd92eeadc7d1926f97d3578b224afae4636862519cc3c025b 58.72MB / 110.87MB 1.7s
#6 sha256:e88f0d2e3e7849afafd4041fd86764a5f53b536aadb461dd3205b95459580653 38.80MB / 328.29MB 1.7s
#6 sha256:25b3077843af896cd92eeadc7d1926f97d3578b224afae4636862519cc3c025b 66.06MB / 110.87MB 1.8s
#6 sha256:5421ffbaa795a5726aa4cbbc087320c7a6588bee26a8ca9e1f1636244827f1e8 172B / 172B 1.8s done
#6 sha256:25b3077843af896cd92eeadc7d1926f97d3578b224afae4636862519cc3c025b 74.45MB / 110.87MB 1.9s
#6 sha256:5de5bc716a2dd322f2e23e25d234d14676e7813dc4e82fc6620f6eb190818600 0B / 193.67MB 1.9s
#6 sha256:25b3077843af896cd92eeadc7d1926f97d3578b224afae4636862519cc3c025b 83.89MB / 110.87MB 2.0s
#6 sha256:e88f0d2e3e7849afafd4041fd86764a5f53b536aadb461dd3205b95459580653 58.72MB / 328.29MB 2.0s
#6 sha256:25b3077843af896cd92eeadc7d1926f97d3578b224afae4636862519cc3c025b 100.66MB / 110.87MB 2.2s
#6 sha256:25b3077843af896cd92eeadc7d1926f97d3578b224afae4636862519cc3c025b 109.33MB / 110.87MB 2.3s
#6 sha256:e88f0d2e3e7849afafd4041fd86764a5f53b536aadb461dd3205b95459580653 76.57MB / 328.29MB 2.3s
#6 sha256:e88f0d2e3e7849afafd4041fd86764a5f53b536aadb461dd3205b95459580653 96.47MB / 328.29MB 2.6s
#6 sha256:5de5bc716a2dd322f2e23e25d234d14676e7813dc4e82fc6620f6eb190818600 15.73MB / 193.67MB 2.6s
#6 sha256:25b3077843af896cd92eeadc7d1926f97d3578b224afae4636862519cc3c025b 110.87MB / 110.87MB 2.7s done
#6 sha256:5c454f3b0b73f2cb9e33421f95afeb397b057b3eb4679bbf94a9968e75b7815b 0B / 55.67MB 2.8s
#6 sha256:e88f0d2e3e7849afafd4041fd86764a5f53b536aadb461dd3205b95459580653 115.34MB / 328.29MB 2.9s
#6 sha256:5de5bc716a2dd322f2e23e25d234d14676e7813dc4e82fc6620f6eb190818600 32.51MB / 193.67MB 2.9s
#6 sha256:5de5bc716a2dd322f2e23e25d234d14676e7813dc4e82fc6620f6eb190818600 42.99MB / 193.67MB 3.1s
#6 sha256:5c454f3b0b73f2cb9e33421f95afeb397b057b3eb4679bbf94a9968e75b7815b 4.19MB / 55.67MB 3.1s
#6 sha256:e88f0d2e3e7849afafd4041fd86764a5f53b536aadb461dd3205b95459580653 136.31MB / 328.29MB 3.3s
#6 sha256:5de5bc716a2dd322f2e23e25d234d14676e7813dc4e82fc6620f6eb190818600 54.53MB / 193.67MB 3.3s
#6 sha256:5c454f3b0b73f2cb9e33421f95afeb397b057b3eb4679bbf94a9968e75b7815b 11.53MB / 55.67MB 3.3s
#6 sha256:5c454f3b0b73f2cb9e33421f95afeb397b057b3eb4679bbf94a9968e75b7815b 18.87MB / 55.67MB 3.4s
#6 sha256:5c454f3b0b73f2cb9e33421f95afeb397b057b3eb4679bbf94a9968e75b7815b 24.12MB / 55.67MB 3.5s
#6 sha256:e88f0d2e3e7849afafd4041fd86764a5f53b536aadb461dd3205b95459580653 155.19MB / 328.29MB 3.7s
#6 sha256:5de5bc716a2dd322f2e23e25d234d14676e7813dc4e82fc6620f6eb190818600 70.25MB / 193.67MB 3.7s
#6 sha256:5c454f3b0b73f2cb9e33421f95afeb397b057b3eb4679bbf94a9968e75b7815b 33.85MB / 55.67MB 3.7s
#6 sha256:5c454f3b0b73f2cb9e33421f95afeb397b057b3eb4679bbf94a9968e75b7815b 38.80MB / 55.67MB 3.8s
#6 sha256:5de5bc716a2dd322f2e23e25d234d14676e7813dc4e82fc6620f6eb190818600 82.84MB / 193.67MB 3.9s
#6 sha256:5c454f3b0b73f2cb9e33421f95afeb397b057b3eb4679bbf94a9968e75b7815b 44.04MB / 55.67MB 3.9s
#6 sha256:5c454f3b0b73f2cb9e33421f95afeb397b057b3eb4679bbf94a9968e75b7815b 52.43MB / 55.67MB 4.0s
#6 sha256:e88f0d2e3e7849afafd4041fd86764a5f53b536aadb461dd3205b95459580653 179.31MB / 328.29MB 4.2s
#6 sha256:5de5bc716a2dd322f2e23e25d234d14676e7813dc4e82fc6620f6eb190818600 103.81MB / 193.67MB 4.2s
#6 sha256:5c454f3b0b73f2cb9e33421f95afeb397b057b3eb4679bbf94a9968e75b7815b 55.67MB / 55.67MB 4.2s
#6 sha256:5c454f3b0b73f2cb9e33421f95afeb397b057b3eb4679bbf94a9968e75b7815b 55.67MB / 55.67MB 4.2s done
#6 sha256:6e258499a1cb942df31da05b81e1daaef80441d6d4956938b7cc5a16da2b7894 0B / 1.17kB 4.3s
#6 extracting sha256:56e0351b98767487b3c411034be95479ed1710bb6be860db6df0be3a98653027 4.0s done
#6 sha256:5de5bc716a2dd322f2e23e25d234d14676e7813dc4e82fc6620f6eb190818600 118.49MB / 193.67MB 4.4s
#6 sha256:e88f0d2e3e7849afafd4041fd86764a5f53b536aadb461dd3205b95459580653 200.28MB / 328.29MB 4.5s
#6 sha256:e88f0d2e3e7849afafd4041fd86764a5f53b536aadb461dd3205b95459580653 217.06MB / 328.29MB 4.7s
#6 sha256:6e258499a1cb942df31da05b81e1daaef80441d6d4956938b7cc5a16da2b7894 1.17kB / 1.17kB 4.6s done
#6 extracting sha256:a51180f2933c21cd973c72aa7fa8188d28c349f7c64670306792b7ca7e742d39 done
#6 extracting sha256:5f3ff2784635ccf884c461fe5a7ff4fab25389a418726d8bcf63b3f97277f9e6 0.0s done
#6 sha256:835c15da49d683bb52e781fea7230c6d5e8fc9eb47cd8b3e9a96ead937b6fc7f 0B / 1.15kB 4.7s
#6 extracting sha256:733cf2d680d6f8ed2337737c3697405d0996278069d8b60a1672d5f21278bdcc
#6 sha256:5de5bc716a2dd322f2e23e25d234d14676e7813dc4e82fc6620f6eb190818600 133.17MB / 193.67MB 4.8s
#6 sha256:e88f0d2e3e7849afafd4041fd86764a5f53b536aadb461dd3205b95459580653 233.83MB / 328.29MB 5.0s
#6 sha256:835c15da49d683bb52e781fea7230c6d5e8fc9eb47cd8b3e9a96ead937b6fc7f 1.15kB / 1.15kB 5.0s done
#6 sha256:8f3452a0019dc5658d852299ffa6b96f8403ad6d8c058a5e9add57bd004b5781 0B / 832B 5.0s
#6 sha256:5de5bc716a2dd322f2e23e25d234d14676e7813dc4e82fc6620f6eb190818600 143.65MB / 193.67MB 5.1s
#6 sha256:e88f0d2e3e7849afafd4041fd86764a5f53b536aadb461dd3205b95459580653 251.66MB / 328.29MB 5.3s
#6 sha256:5de5bc716a2dd322f2e23e25d234d14676e7813dc4e82fc6620f6eb190818600 154.14MB / 193.67MB 5.3s
#6 sha256:e88f0d2e3e7849afafd4041fd86764a5f53b536aadb461dd3205b95459580653 270.12MB / 328.29MB 5.5s
#6 sha256:5de5bc716a2dd322f2e23e25d234d14676e7813dc4e82fc6620f6eb190818600 166.72MB / 193.67MB 5.5s
#6 sha256:5de5bc716a2dd322f2e23e25d234d14676e7813dc4e82fc6620f6eb190818600 181.40MB / 193.67MB 5.7s
#6 sha256:e88f0d2e3e7849afafd4041fd86764a5f53b536aadb461dd3205b95459580653 293.60MB / 328.29MB 5.8s
#6 sha256:5de5bc716a2dd322f2e23e25d234d14676e7813dc4e82fc6620f6eb190818600 193.67MB / 193.67MB 5.9s
#6 sha256:e88f0d2e3e7849afafd4041fd86764a5f53b536aadb461dd3205b95459580653 312.48MB / 328.29MB 6.0s
#6 sha256:8f3452a0019dc5658d852299ffa6b96f8403ad6d8c058a5e9add57bd004b5781 832B / 832B 6.0s
#6 extracting sha256:733cf2d680d6f8ed2337737c3697405d0996278069d8b60a1672d5f21278bdcc 1.6s done
#6 sha256:5de5bc716a2dd322f2e23e25d234d14676e7813dc4e82fc6620f6eb190818600 193.67MB / 193.67MB 6.6s done
#6 sha256:8f3452a0019dc5658d852299ffa6b96f8403ad6d8c058a5e9add57bd004b5781 832B / 832B 6.6s done
#6 extracting sha256:25b3077843af896cd92eeadc7d1926f97d3578b224afae4636862519cc3c025b
#6 sha256:4f4fb700ef54461cfa02571ae0db9a0dc1e0cdb5577484a6d75e68dc38e8acc1 32B / 32B 6.7s
#6 sha256:e88f0d2e3e7849afafd4041fd86764a5f53b536aadb461dd3205b95459580653 328.29MB / 328.29MB 7.9s done
#6 sha256:4f4fb700ef54461cfa02571ae0db9a0dc1e0cdb5577484a6d75e68dc38e8acc1 32B / 32B 7.9s done
#6 extracting sha256:25b3077843af896cd92eeadc7d1926f97d3578b224afae4636862519cc3c025b 5.2s
#6 extracting sha256:25b3077843af896cd92eeadc7d1926f97d3578b224afae4636862519cc3c025b 7.4s done
#6 extracting sha256:e88f0d2e3e7849afafd4041fd86764a5f53b536aadb461dd3205b95459580653
#6 extracting sha256:e88f0d2e3e7849afafd4041fd86764a5f53b536aadb461dd3205b95459580653 5.3s
#6 extracting sha256:e88f0d2e3e7849afafd4041fd86764a5f53b536aadb461dd3205b95459580653 10.3s
#6 extracting sha256:e88f0d2e3e7849afafd4041fd86764a5f53b536aadb461dd3205b95459580653 15.3s
#6 extracting sha256:e88f0d2e3e7849afafd4041fd86764a5f53b536aadb461dd3205b95459580653 20.4s
#6 extracting sha256:e88f0d2e3e7849afafd4041fd86764a5f53b536aadb461dd3205b95459580653 25.5s
#6 extracting sha256:e88f0d2e3e7849afafd4041fd86764a5f53b536aadb461dd3205b95459580653 29.6s done
#6 extracting sha256:5421ffbaa795a5726aa4cbbc087320c7a6588bee26a8ca9e1f1636244827f1e8 done
#6 extracting sha256:5de5bc716a2dd322f2e23e25d234d14676e7813dc4e82fc6620f6eb190818600
#6 extracting sha256:5de5bc716a2dd322f2e23e25d234d14676e7813dc4e82fc6620f6eb190818600 5.0s
#6 extracting sha256:5de5bc716a2dd322f2e23e25d234d14676e7813dc4e82fc6620f6eb190818600 9.7s done
#6 extracting sha256:5c454f3b0b73f2cb9e33421f95afeb397b057b3eb4679bbf94a9968e75b7815b 0.1s
#6 extracting sha256:5c454f3b0b73f2cb9e33421f95afeb397b057b3eb4679bbf94a9968e75b7815b 2.4s done
#6 extracting sha256:6e258499a1cb942df31da05b81e1daaef80441d6d4956938b7cc5a16da2b7894
#6 extracting sha256:6e258499a1cb942df31da05b81e1daaef80441d6d4956938b7cc5a16da2b7894 done
#6 extracting sha256:835c15da49d683bb52e781fea7230c6d5e8fc9eb47cd8b3e9a96ead937b6fc7f done
#6 extracting sha256:8f3452a0019dc5658d852299ffa6b96f8403ad6d8c058a5e9add57bd004b5781
#6 extracting sha256:8f3452a0019dc5658d852299ffa6b96f8403ad6d8c058a5e9add57bd004b5781 done
#6 extracting sha256:4f4fb700ef54461cfa02571ae0db9a0dc1e0cdb5577484a6d75e68dc38e8acc1 done
#6 DONE 59.7s

#7 [2/6] RUN pip install MACS2
#7 1.063 Collecting MACS2
#7 1.138   Downloading MACS2-2.2.9.1.tar.gz (2.0 MB)
#7 1.232      ━━━━━━━━━━━━━━━━━━━━━━━━━━━━━━━━━━━━━━━━ 2.0/2.0 MB 22.3 MB/s eta 0:00:00
#7 1.437   Installing build dependencies: started
#7 11.34   Installing build dependencies: finished with status 'done'
#7 11.34   Getting requirements to build wheel: started
#7 26.57   Getting requirements to build wheel: finished with status 'done'
#7 26.57   Preparing metadata (pyproject.toml): started
#7 27.50   Preparing metadata (pyproject.toml): finished with status 'done'
#7 27.52 Requirement already satisfied: numpy>=1.19 in /usr/local/lib/python3.8/dist-packages (from MACS2) (1.24.4)
#7 27.52 Requirement already satisfied: Cython~=0.29 in /usr/local/lib/python3.8/dist-packages (from MACS2) (0.29.35)
#7 27.52 Building wheels for collected packages: MACS2
#7 27.52   Building wheel for MACS2 (pyproject.toml): started
#7 89.55   Building wheel for MACS2 (pyproject.toml): still running...
#7 161.0   Building wheel for MACS2 (pyproject.toml): still running...
#7 161.6   Building wheel for MACS2 (pyproject.toml): finished with status 'done'
#7 161.7   Created wheel for MACS2: filename=MACS2-2.2.9.1-cp38-cp38-linux_x86_64.whl size=1879851 sha256=386fe3759c9e9c0b5765fde6cf5cc952a94a34cea24a9e6d3198a6e547d6e4c9
#7 161.7   Stored in directory: /root/.cache/pip/wheels/66/a7/84/9f48fdef885692ea92247e7bd8a8ffc0200865edf68362687c
#7 161.7 Successfully built MACS2
#7 161.9 Installing collected packages: MACS2
#7 162.0 Successfully installed MACS2-2.2.9.1
#7 162.0 WARNING: Running pip as the 'root' user can result in broken permissions and conflicting behaviour with the system package manager. It is recommended to use a virtual environment instead: https://pip.pypa.io/warnings/venv
#7 162.0 
#7 162.0 [notice] A new release of pip is available: 23.1.2 -> 23.2.1
#7 162.0 [notice] To update, run: python3 -m pip install --upgrade pip
#7 DONE 162.3s

#8 [3/6] COPY Dockerfile /opt2/Dockerfile_ccbr_macs2.v1
#8 DONE 0.1s

#9 [4/6] RUN chmod a+r /opt2/Dockerfile_ccbr_macs2.v1
#9 DONE 0.2s

#10 [5/6] WORKDIR /data2
#10 DONE 0.1s

#11 [6/6] RUN apt-get clean && apt-get purge     && rm -rf /var/lib/apt/lists/* /tmp/* /var/tmp/*
#11 0.323 Reading package lists...
#11 0.351 Building dependency tree...
#11 0.353 Reading state information...
#11 0.362 0 upgraded, 0 newly installed, 0 to remove and 0 not upgraded.
#11 DONE 0.4s

#12 exporting to image
#12 exporting layers
#12 exporting layers 0.2s done
#12 writing image sha256:3e04af3256b9f08bd6fd544e42c284b84d8cbe44e73298b53eb9f54d441598fe done
#12 naming to docker.io/nciccbr/ccbr_macs2:v1 done
#12 DONE 0.2s
