Sending build context to Docker daemon  149.5kB
Step 1/24 : FROM ubuntu:20.04
 ---> 8e428cff54c8
Step 2/24 : RUN mkdir -p /opt2 && mkdir -p /data2
 ---> Using cache
 ---> c4a6ef7a95ac
Step 3/24 : ENV TZ=America/New_York
 ---> Using cache
 ---> 2989fd7590fc
Step 4/24 : RUN ln -snf /usr/share/zoneinfo/$TZ /etc/localtime && echo $TZ > /etc/timezone
 ---> Using cache
 ---> 226686d82d7f
Step 5/24 : RUN apt update
 ---> Using cache
 ---> ca90cbcf2e93
Step 6/24 : RUN apt-get install -y cpanminus build-essential gfortran make gcc g++ cmake
 ---> Using cache
 ---> 3d33b86856a7
Step 7/24 : RUN cpanm FindBin Term::ReadLine
 ---> Using cache
 ---> ecb5ee88a06a
Step 8/24 : RUN apt-get install -y locales && localedef -i en_US -f UTF-8 en_US.UTF-8
 ---> Using cache
 ---> c07a83e2970d
Step 9/24 : RUN apt-get install -y librtmp-dev libssl-dev libatlas-base-dev libblas-dev libboost-dev libbz2-dev  libexpat1-dev libfreetype6-dev libgd-dev libgd-perl libgs-dev libgsl-dev libgsl0-dev  libhtml-template-compiled-perl libicu-dev libjudy-dev liblapack-dev liblzma-dev libmysqlclient-dev libncurses-dev  libopenmpi-dev libpng-dev libssl-dev libtool libxml-libxml-debugging-perl libxml-opml-simplegen-perl  libxml2-dev libxslt-dev manpages-dev zlib1g-dev
 ---> Using cache
 ---> 72ca8e388822
Step 10/24 : RUN apt-get install -y unzip zlibc zlib1g bzip2 wget git curl pigz parallel
 ---> Using cache
 ---> def9b4067042
Step 11/24 : RUN apt-get install -y python3-pip
 ---> Using cache
 ---> 697a46877e0f
Step 12/24 : RUN pip3 install --upgrade pip && 	pip3 install numpy && 	pip3 install scipy && 	pip3 install argparse && 	pip3 install pysam
 ---> Using cache
 ---> 8b3cad4ae5fc
Step 13/24 : RUN apt-get install -y bowtie bowtie2 bwa bedtools bedops samtools bcftools vcftools
 ---> Using cache
 ---> 7d6e3bef3306
Step 14/24 : RUN apt-get install -y r-base r-base-dev r-base-core
 ---> Using cache
 ---> b18b7498aaa1
Step 15/24 : RUN apt-get install -y openjdk-8-jdk
 ---> Using cache
 ---> 43b111129ff0
Step 16/24 : RUN apt-get install -y figlet
 ---> Using cache
 ---> 789cf1928f42
Step 17/24 : ADD Dockerfile.v1.2 /opt2/Dockerfile.baseimage
 ---> 267448bd29b7
Step 18/24 : COPY argparse.bash /opt2
 ---> ff0d191683a9
Step 19/24 : COPY printversions.bash /opt2/printversions
 ---> 154ee291ba9a
Step 20/24 : RUN chmod -R a+rX /opt2 && chmod -R a+x /opt2/argparse.bash && chmod -R a+x /opt2/printversions
 ---> Running in afea68f53061
Removing intermediate container afea68f53061
 ---> a0c199608441
Step 21/24 : ENV PATH="/opt2/:$PATH"
 ---> Running in 06f381f85cfd
Removing intermediate container 06f381f85cfd
 ---> 92e98a86635d
Step 22/24 : WORKDIR /data2
 ---> Running in 0833a7055fc6
Removing intermediate container 0833a7055fc6
 ---> 0dafd5402bfd
Step 23/24 : RUN apt-get clean
 ---> Running in 8f65e6ba9073
Removing intermediate container 8f65e6ba9073
 ---> 4553b5213a94
Step 24/24 : MAINTAINER vishal.koparde@nih.gov
 ---> Running in 2db0c0732703
Removing intermediate container 2db0c0732703
 ---> 36f2b4ebd3e5
Successfully built 36f2b4ebd3e5
Successfully tagged nciccbr/ccbr_ubuntu_base_20.04:v1.2
