Sending build context to Docker daemon  8.677MB
Step 1/5 : FROM ubuntu:20.04
20.04: Pulling from library/ubuntu
eaead16dc43b: Pulling fs layer
eaead16dc43b: Verifying Checksum
eaead16dc43b: Download complete
eaead16dc43b: Pull complete
Digest: sha256:450e066588f42ebe1551f3b1a535034b6aa46cd936fe7f2c6b0d72997ec61dbd
Status: Downloaded newer image for ubuntu:20.04
 ---> 680e5dfb52c7
Step 2/5 : LABEL maintainer "Vishal Koparde *(kopardev on GitHub)*"
 ---> Running in 8d34a9f01dae
Removing intermediate container 8d34a9f01dae
 ---> 5de1b16b0c9f
Step 3/5 : ENV TAG="v2.1"
 ---> Running in 3b76433e0926
Removing intermediate container 3b76433e0926
 ---> 42fd25194ba7
Step 4/5 : RUN python3 -m pip install --upgrade pip
 ---> Running in 81daa920066c
[91m/bin/sh: 1: [0m[91mpython3: not found[0m[91m
[0m