Sending build context to Docker daemon    725kB
Step 1/22 : FROM nciccbr/ccbr_ubuntu_base_20.04:v1.4
 ---> 9e5ea1156c2d
Step 2/22 : RUN apt-get update && apt-get install -y libffi-dev libdeflate-dev libsqlite3-dev libcurl4-openssl-dev
 ---> Using cache
 ---> 6e4b8c478fb5
Step 3/22 : ENV CONDA_DIR /opt2/conda
 ---> Using cache
 ---> 6505584200db
Step 4/22 : WORKDIR /opt2
 ---> Using cache
 ---> af1f3b017d72
Step 5/22 : RUN wget https://repo.anaconda.com/miniconda/Miniconda3-latest-Linux-x86_64.sh -O /opt2/miniconda.sh &&   /bin/bash /opt2/miniconda.sh -b -p /opt2/conda
 ---> Using cache
 ---> d282c77e9994
Step 6/22 : ENV PATH=$CONDA_DIR/bin:$PATH
 ---> Using cache
 ---> 0d1d19ceb21c
Step 7/22 : RUN conda create -n mimseq -y python=3.7
 ---> Using cache
 ---> 2a06591d9158
Step 8/22 : RUN . /opt2/conda/etc/profile.d/conda.sh &&   conda activate mimseq &&   conda config --add channels conda-forge &&   conda install -c conda-forge -y mamba
 ---> Using cache
 ---> b53698f65bbc
Step 9/22 : RUN . /opt2/conda/etc/profile.d/conda.sh &&   conda activate mimseq &&   mamba install -c bioconda -y mimseq
 ---> Using cache
 ---> 678fce153978
Step 10/22 : WORKDIR /opt2
 ---> Using cache
 ---> 5c3945d64cf4
Step 11/22 : COPY mimseq /opt2
 ---> Using cache
 ---> c8c99f6b93f0
Step 12/22 : RUN chmod a+x /opt2/mimseq
 ---> Using cache
 ---> caf934372785
Step 13/22 : ENV PATH=/opt2:$PATH
 ---> Using cache
 ---> 1047cd152cc7
Step 14/22 : WORKDIR /opt2
 ---> Using cache
 ---> f4e7743457a7
Step 15/22 : RUN wget https://drive5.com/downloads/usearch10.0.240_i86linux32.gz &&         gunzip usearch10.0.240_i86linux32.gz &&         chmod a+x usearch10.0.240_i86linux32 &&         mkdir -p /opt2/usearch &&         mv usearch10.0.240_i86linux32 /opt2/usearch/usearch &&         rm -f usearch10.0.240_i86linux32.gz
 ---> Using cache
 ---> 5cd3eb2efdc3
Step 16/22 : ENV PATH=/opt2/usearch:$PATH
 ---> Using cache
 ---> c3596ab98a3c
Step 17/22 : WORKDIR /opt2/conda/envs/mimseq/lib/python3.7/site-packages/mimseq
 ---> Using cache
 ---> cf15874a9781
Step 18/22 : COPY splitClusters.py .
 ---> Using cache
 ---> 86c8ebdaddec
Step 19/22 : RUN apt-get clean && apt-get purge &&   rm -rf /var/lib/apt/lists/* /tmp/* /var/tmp/*
 ---> Using cache
 ---> e3e1f44b3c91
Step 20/22 : COPY Dockerfile /opt2/Dockerfile
 ---> 8ff93c11e9d3
Step 21/22 : RUN chmod -R a+rX /opt2/Dockerfile
 ---> Running in 58b0335f8e90
Removing intermediate container 58b0335f8e90
 ---> 413e11e0046c
Step 22/22 : WORKDIR /data2
 ---> Running in 580bc38f7c38
Removing intermediate container 580bc38f7c38
 ---> 61fa7b682e69
Successfully built 61fa7b682e69
Successfully tagged nciccbr/mimseq_v1.4:latest
